nohup: ignoring input
===================================================================
Completing Remaining MLB Starting Pitcher Boxscores
===================================================================

-------------------------------------------------------------------
Starting year: 2021
-------------------------------------------------------------------

============================================================
Fetching MLB Starting Pitcher Boxscores for 2021 Season
============================================================

📂 Found 183 boxscore files to process

📊 2021-04-01: Processing 15 games
  ✅ 2021-04-01: Saved 15 games
📊 2021-04-02: Processing 7 games
  ✅ 2021-04-02: Saved 7 games
📊 2021-04-03: Processing 15 games
  ✅ 2021-04-03: Saved 15 games
📊 2021-04-04: Processing 13 games
  ✅ 2021-04-04: Saved 13 games
📊 2021-04-05: Processing 14 games
  ✅ 2021-04-05: Saved 14 games
📊 2021-04-06: Processing 14 games
  ✅ 2021-04-06: Saved 14 games
📊 2021-04-07: Processing 15 games
  ✅ 2021-04-07: Saved 15 games
📊 2021-04-08: Processing 9 games
  ✅ 2021-04-08: Saved 9 games
📊 2021-04-09: Processing 9 games
  ✅ 2021-04-09: Saved 9 games
📊 2021-04-10: Processing 15 games
  ✅ 2021-04-10: Saved 15 games
📊 2021-04-11: Processing 14 games
  ✅ 2021-04-11: Saved 14 games
📊 2021-04-12: Processing 14 games
  ✅ 2021-04-12: Saved 14 games
📊 2021-04-13: Processing 17 games
  ✅ 2021-04-13: Saved 17 games
📊 2021-04-14: Processing 15 games
  ✅ 2021-04-14: Saved 15 games
📊 2021-04-15: Processing 12 games
  ✅ 2021-04-15: Saved 12 games
📊 2021-04-16: Processing 15 games
  ✅ 2021-04-16: Saved 15 games
📊 2021-04-17: Processing 17 games
  ✅ 2021-04-17: Saved 17 games
📊 2021-04-18: Processing 16 games
  ✅ 2021-04-18: Saved 16 games
📊 2021-04-19: Processing 8 games
  ✅ 2021-04-19: Saved 8 games
📊 2021-04-20: Processing 16 games
  ✅ 2021-04-20: Saved 16 games
📊 2021-04-21: Processing 16 games
  ✅ 2021-04-21: Saved 16 games
📊 2021-04-22: Processing 8 games
  ✅ 2021-04-22: Saved 8 games
📊 2021-04-23: Processing 15 games
  ✅ 2021-04-23: Saved 15 games
📊 2021-04-24: Processing 15 games
  ✅ 2021-04-24: Saved 15 games
📊 2021-04-25: Processing 16 games
  ✅ 2021-04-25: Saved 16 games
📊 2021-04-26: Processing 11 games
  ✅ 2021-04-26: Saved 11 games
📊 2021-04-27: Processing 15 games
  ✅ 2021-04-27: Saved 15 games
📊 2021-04-28: Processing 15 games
  ✅ 2021-04-28: Saved 15 games
📊 2021-04-29: Processing 10 games
  ✅ 2021-04-29: Saved 10 games
📊 2021-04-30: Processing 15 games
  ✅ 2021-04-30: Saved 15 games
📊 2021-05-01: Processing 15 games
  ✅ 2021-05-01: Saved 15 games
📊 2021-05-02: Processing 15 games
  ✅ 2021-05-02: Saved 15 games
📊 2021-05-03: Processing 10 games
  ✅ 2021-05-03: Saved 10 games
📊 2021-05-04: Processing 17 games
  ✅ 2021-05-04: Saved 17 games
📊 2021-05-05: Processing 16 games
  ✅ 2021-05-05: Saved 16 games
📊 2021-05-06: Processing 10 games
  ✅ 2021-05-06: Saved 10 games
📊 2021-05-07: Processing 15 games
  ✅ 2021-05-07: Saved 15 games
📊 2021-05-08: Processing 15 games
  ✅ 2021-05-08: Saved 15 games
📊 2021-05-09: Processing 15 games
  ✅ 2021-05-09: Saved 15 games
📊 2021-05-10: Processing 6 games
  ✅ 2021-05-10: Saved 6 games
📊 2021-05-11: Processing 15 games
  ✅ 2021-05-11: Saved 15 games
📊 2021-05-12: Processing 15 games
  ✅ 2021-05-12: Saved 15 games
📊 2021-05-13: Processing 12 games
  ✅ 2021-05-13: Saved 12 games
📊 2021-05-14: Processing 16 games
  ✅ 2021-05-14: Saved 16 games
📊 2021-05-15: Processing 15 games
  ✅ 2021-05-15: Saved 15 games
📊 2021-05-16: Processing 15 games
  ✅ 2021-05-16: Saved 15 games
📊 2021-05-17: Processing 9 games
  ✅ 2021-05-17: Saved 9 games
📊 2021-05-18: Processing 15 games
  ✅ 2021-05-18: Saved 15 games
📊 2021-05-19: Processing 15 games
  ✅ 2021-05-19: Saved 15 games
📊 2021-05-20: Processing 11 games
  ✅ 2021-05-20: Saved 11 games
📊 2021-05-21: Processing 15 games
  ✅ 2021-05-21: Saved 15 games
📊 2021-05-22: Processing 15 games
  ✅ 2021-05-22: Saved 15 games
📊 2021-05-23: Processing 15 games
  ✅ 2021-05-23: Saved 15 games
📊 2021-05-24: Processing 8 games
  ✅ 2021-05-24: Saved 8 games
📊 2021-05-25: Processing 15 games
  ✅ 2021-05-25: Saved 15 games
📊 2021-05-26: Processing 15 games
  ✅ 2021-05-26: Saved 15 games
📊 2021-05-27: Processing 16 games
  ✅ 2021-05-27: Saved 16 games
📊 2021-05-28: Processing 14 games
  ✅ 2021-05-28: Saved 14 games
📊 2021-05-29: Processing 18 games
  ✅ 2021-05-29: Saved 18 games
📊 2021-05-30: Processing 16 games
  ✅ 2021-05-30: Saved 16 games
📊 2021-05-31: Processing 14 games
  ✅ 2021-05-31: Saved 14 games
📊 2021-06-01: Processing 15 games
  ✅ 2021-06-01: Saved 15 games
📊 2021-06-02: Processing 12 games
  ✅ 2021-06-02: Saved 12 games
📊 2021-06-03: Processing 12 games
  ✅ 2021-06-03: Saved 12 games
📊 2021-06-04: Processing 15 games
  ✅ 2021-06-04: Saved 15 games
📊 2021-06-05: Processing 15 games
  ✅ 2021-06-05: Saved 15 games
📊 2021-06-06: Processing 15 games
  ✅ 2021-06-06: Saved 15 games
📊 2021-06-07: Processing 3 games
  ✅ 2021-06-07: Saved 3 games
📊 2021-06-08: Processing 15 games
  ✅ 2021-06-08: Saved 15 games
📊 2021-06-09: Processing 15 games
  ✅ 2021-06-09: Saved 15 games
📊 2021-06-10: Processing 10 games
  ✅ 2021-06-10: Saved 10 games
📊 2021-06-11: Processing 14 games
  ✅ 2021-06-11: Saved 14 games
📊 2021-06-12: Processing 16 games
  ✅ 2021-06-12: Saved 16 games
📊 2021-06-13: Processing 15 games
  ✅ 2021-06-13: Saved 15 games
📊 2021-06-14: Processing 13 games
  ✅ 2021-06-14: Saved 13 games
📊 2021-06-15: Processing 15 games
  ✅ 2021-06-15: Saved 15 games
📊 2021-06-16: Processing 15 games
  ✅ 2021-06-16: Saved 15 games
📊 2021-06-17: Processing 10 games
  ✅ 2021-06-17: Saved 10 games
📊 2021-06-18: Processing 15 games
  ✅ 2021-06-18: Saved 15 games
📊 2021-06-19: Processing 16 games
  ✅ 2021-06-19: Saved 16 games
📊 2021-06-20: Processing 16 games
  ✅ 2021-06-20: Saved 16 games
📊 2021-06-21: Processing 8 games
  ✅ 2021-06-21: Saved 8 games
📊 2021-06-22: Processing 15 games
  ✅ 2021-06-22: Saved 15 games
📊 2021-06-23: Processing 13 games
  ✅ 2021-06-23: Saved 13 games
📊 2021-06-24: Processing 10 games
  ✅ 2021-06-24: Saved 10 games
📊 2021-06-25: Processing 16 games
  ✅ 2021-06-25: Saved 16 games
📊 2021-06-26: Processing 16 games
  ✅ 2021-06-26: Saved 16 games
📊 2021-06-27: Processing 16 games
  ✅ 2021-06-27: Saved 16 games
📊 2021-06-28: Processing 11 games
  ✅ 2021-06-28: Saved 11 games
📊 2021-06-29: Processing 15 games
  ✅ 2021-06-29: Saved 15 games
📊 2021-06-30: Processing 15 games
  ✅ 2021-06-30: Saved 15 games
📊 2021-07-01: Processing 13 games
  ✅ 2021-07-01: Saved 13 games
📊 2021-07-02: Processing 15 games
  ✅ 2021-07-02: Saved 15 games
📊 2021-07-03: Processing 15 games
  ✅ 2021-07-03: Saved 15 games
📊 2021-07-04: Processing 16 games
  ✅ 2021-07-04: Saved 16 games
📊 2021-07-05: Processing 11 games
  ✅ 2021-07-05: Saved 11 games
📊 2021-07-06: Processing 15 games
  ✅ 2021-07-06: Saved 15 games
📊 2021-07-07: Processing 17 games
  ✅ 2021-07-07: Saved 17 games
📊 2021-07-08: Processing 11 games
  ✅ 2021-07-08: Saved 11 games
📊 2021-07-09: Processing 15 games
  ✅ 2021-07-09: Saved 15 games
📊 2021-07-10: Processing 16 games
  ✅ 2021-07-10: Saved 16 games
📊 2021-07-11: Processing 15 games
  ✅ 2021-07-11: Saved 15 games
📊 2021-07-15: Processing 1 games
  ✅ 2021-07-15: Saved 1 games
📊 2021-07-16: Processing 17 games
  ✅ 2021-07-16: Saved 17 games
📊 2021-07-17: Processing 16 games
  ✅ 2021-07-17: Saved 16 games
📊 2021-07-18: Processing 18 games
  ✅ 2021-07-18: Saved 18 games
📊 2021-07-19: Processing 13 games
  ✅ 2021-07-19: Saved 13 games
📊 2021-07-20: Processing 15 games
  ✅ 2021-07-20: Saved 15 games
📊 2021-07-21: Processing 15 games
  ✅ 2021-07-21: Saved 15 games
📊 2021-07-22: Processing 9 games
  ✅ 2021-07-22: Saved 9 games
📊 2021-07-23: Processing 15 games
  ✅ 2021-07-23: Saved 15 games
📊 2021-07-24: Processing 15 games
  ✅ 2021-07-24: Saved 15 games
📊 2021-07-25: Processing 15 games
  ✅ 2021-07-25: Saved 15 games
📊 2021-07-26: Processing 9 games
  ✅ 2021-07-26: Saved 9 games
📊 2021-07-27: Processing 15 games
  ✅ 2021-07-27: Saved 15 games
📊 2021-07-28: Processing 16 games
  ✅ 2021-07-28: Saved 16 games
📊 2021-07-29: Processing 12 games
  ✅ 2021-07-29: Saved 12 games
📊 2021-07-30: Processing 15 games
  ✅ 2021-07-30: Saved 15 games
📊 2021-07-31: Processing 15 games
  ✅ 2021-07-31: Saved 15 games
📊 2021-08-01: Processing 15 games
  ✅ 2021-08-01: Saved 15 games
📊 2021-08-02: Processing 8 games
  ✅ 2021-08-02: Saved 8 games
📊 2021-08-03: Processing 15 games
  ✅ 2021-08-03: Saved 15 games
📊 2021-08-04: Processing 15 games
  ✅ 2021-08-04: Saved 15 games
📊 2021-08-05: Processing 12 games
  ✅ 2021-08-05: Saved 12 games
📊 2021-08-06: Processing 15 games
  ✅ 2021-08-06: Saved 15 games
📊 2021-08-07: Processing 16 games
  ✅ 2021-08-07: Saved 16 games
📊 2021-08-08: Processing 15 games
  ✅ 2021-08-08: Saved 15 games
📊 2021-08-09: Processing 5 games
  ✅ 2021-08-09: Saved 5 games
📊 2021-08-10: Processing 17 games
  ✅ 2021-08-10: Saved 17 games
📊 2021-08-11: Processing 16 games
  ✅ 2021-08-11: Saved 16 games
📊 2021-08-12: Processing 14 games
  ✅ 2021-08-12: Saved 14 games
📊 2021-08-13: Processing 14 games
  ✅ 2021-08-13: Saved 14 games
📊 2021-08-14: Processing 16 games
  ✅ 2021-08-14: Saved 16 games
📊 2021-08-15: Processing 15 games
  ✅ 2021-08-15: Saved 15 games
📊 2021-08-16: Processing 10 games
  ✅ 2021-08-16: Saved 10 games
📊 2021-08-17: Processing 16 games
  ✅ 2021-08-17: Saved 16 games
📊 2021-08-18: Processing 15 games
  ✅ 2021-08-18: Saved 15 games
📊 2021-08-19: Processing 10 games
  ✅ 2021-08-19: Saved 10 games
📊 2021-08-20: Processing 15 games
  ✅ 2021-08-20: Saved 15 games
📊 2021-08-21: Processing 15 games
  ✅ 2021-08-21: Saved 15 games
📊 2021-08-22: Processing 15 games
  ✅ 2021-08-22: Saved 15 games
📊 2021-08-23: Processing 7 games
  ✅ 2021-08-23: Saved 7 games
📊 2021-08-24: Processing 15 games
  ✅ 2021-08-24: Saved 15 games
📊 2021-08-25: Processing 14 games
  ✅ 2021-08-25: Saved 14 games
📊 2021-08-26: Processing 12 games
  ✅ 2021-08-26: Saved 12 games
📊 2021-08-27: Processing 15 games
  ✅ 2021-08-27: Saved 15 games
📊 2021-08-28: Processing 15 games
  ✅ 2021-08-28: Saved 15 games
📊 2021-08-29: Processing 14 games
  ✅ 2021-08-29: Saved 14 games
📊 2021-08-30: Processing 11 games
  ✅ 2021-08-30: Saved 11 games
📊 2021-08-31: Processing 16 games
  ✅ 2021-08-31: Saved 16 games
📊 2021-09-01: Processing 16 games
  ✅ 2021-09-01: Saved 16 games
📊 2021-09-02: Processing 8 games
  ✅ 2021-09-02: Saved 8 games
📊 2021-09-03: Processing 15 games
  ✅ 2021-09-03: Saved 15 games
📊 2021-09-04: Processing 16 games
  ✅ 2021-09-04: Saved 16 games
📊 2021-09-05: Processing 15 games
  ✅ 2021-09-05: Saved 15 games
📊 2021-09-06: Processing 12 games
  ✅ 2021-09-06: Saved 12 games
📊 2021-09-07: Processing 15 games
  ✅ 2021-09-07: Saved 15 games
📊 2021-09-08: Processing 15 games
  ✅ 2021-09-08: Saved 15 games
📊 2021-09-09: Processing 8 games
  ✅ 2021-09-09: Saved 8 games
📊 2021-09-10: Processing 15 games
  ✅ 2021-09-10: Saved 15 games
📊 2021-09-11: Processing 16 games
  ✅ 2021-09-11: Saved 16 games
📊 2021-09-12: Processing 15 games
  ✅ 2021-09-12: Saved 15 games
📊 2021-09-13: Processing 8 games
  ✅ 2021-09-13: Saved 8 games
📊 2021-09-14: Processing 16 games
  ✅ 2021-09-14: Saved 16 games
📊 2021-09-15: Processing 15 games
  ✅ 2021-09-15: Saved 15 games
📊 2021-09-16: Processing 9 games
  ✅ 2021-09-16: Saved 9 games
📊 2021-09-17: Processing 15 games
  ✅ 2021-09-17: Saved 15 games
📊 2021-09-18: Processing 15 games
  ✅ 2021-09-18: Saved 15 games
📊 2021-09-19: Processing 15 games
  ✅ 2021-09-19: Saved 15 games
📊 2021-09-20: Processing 12 games
  ✅ 2021-09-20: Saved 12 games
📊 2021-09-21: Processing 15 games
  ✅ 2021-09-21: Saved 15 games
📊 2021-09-22: Processing 15 games
  ✅ 2021-09-22: Saved 15 games
📊 2021-09-23: Processing 12 games
  ✅ 2021-09-23: Saved 12 games
📊 2021-09-24: Processing 17 games
  ✅ 2021-09-24: Saved 17 games
📊 2021-09-25: Processing 15 games
  ✅ 2021-09-25: Saved 15 games
📊 2021-09-26: Processing 15 games
  ✅ 2021-09-26: Saved 15 games
📊 2021-09-27: Processing 5 games
  ✅ 2021-09-27: Saved 5 games
📊 2021-09-28: Processing 16 games
  ✅ 2021-09-28: Saved 16 games
📊 2021-09-29: Processing 15 games
  ✅ 2021-09-29: Saved 15 games
📊 2021-09-30: Processing 12 games
  ✅ 2021-09-30: Saved 12 games
📊 2021-10-01: Processing 15 games
  ✅ 2021-10-01: Saved 15 games
📊 2021-10-02: Processing 15 games
  ✅ 2021-10-02: Saved 15 games
📊 2021-10-03: Processing 15 games
  ✅ 2021-10-03: Saved 15 games

============================================================
✅ Complete! Processed 183 dates with 2512 total games
📁 Output location: /workspaces/MLB-Model/data/2021_data/mlb_data/raw/starting_pitcher_boxscores
============================================================


✅ Completed 2021: 183 files (latest: starting_pitcher_boxscores_2021-10-03.csv)

-------------------------------------------------------------------
Starting year: 2020
-------------------------------------------------------------------

============================================================
Fetching MLB Starting Pitcher Boxscores for 2020 Season
============================================================

📂 Found 67 boxscore files to process

📊 2020-07-23: Processing 2 games
  ✅ 2020-07-23: Saved 2 games
📊 2020-07-24: Processing 14 games
  ✅ 2020-07-24: Saved 14 games
📊 2020-07-25: Processing 15 games
  ✅ 2020-07-25: Saved 15 games
📊 2020-07-26: Processing 15 games
  ✅ 2020-07-26: Saved 15 games
📊 2020-07-27: Processing 12 games
  ✅ 2020-07-27: Saved 12 games
📊 2020-07-28: Processing 16 games
  ✅ 2020-07-28: Saved 16 games
📊 2020-07-29: Processing 16 games
  ✅ 2020-07-29: Saved 16 games
📊 2020-07-30: Processing 12 games
  ✅ 2020-07-30: Saved 12 games
📊 2020-07-31: Processing 14 games
  ✅ 2020-07-31: Saved 14 games
📊 2020-08-01: Processing 16 games
  ✅ 2020-08-01: Saved 16 games
📊 2020-08-02: Processing 17 games
  ✅ 2020-08-02: Saved 17 games
📊 2020-08-03: Processing 9 games
  ✅ 2020-08-03: Saved 9 games
📊 2020-08-04: Processing 15 games
  ✅ 2020-08-04: Saved 15 games
📊 2020-08-05: Processing 20 games
  ✅ 2020-08-05: Saved 20 games
📊 2020-08-06: Processing 13 games
  ✅ 2020-08-06: Saved 13 games
📊 2020-08-07: Processing 15 games
  ✅ 2020-08-07: Saved 15 games
📊 2020-08-08: Processing 16 games
  ✅ 2020-08-08: Saved 16 games
📊 2020-08-09: Processing 16 games
  ✅ 2020-08-09: Saved 16 games
📊 2020-08-10: Processing 11 games
  ✅ 2020-08-10: Saved 11 games
📊 2020-08-11: Processing 15 games
  ✅ 2020-08-11: Saved 15 games
📊 2020-08-12: Processing 15 games
  ✅ 2020-08-12: Saved 15 games
📊 2020-08-13: Processing 8 games
  ✅ 2020-08-13: Saved 8 games
📊 2020-08-14: Processing 16 games
  ✅ 2020-08-14: Saved 16 games
📊 2020-08-15: Processing 17 games
  ✅ 2020-08-15: Saved 17 games
📊 2020-08-16: Processing 16 games
  ✅ 2020-08-16: Saved 16 games
📊 2020-08-17: Processing 13 games
  ✅ 2020-08-17: Saved 13 games
📊 2020-08-18: Processing 15 games
  ✅ 2020-08-18: Saved 15 games
📊 2020-08-19: Processing 17 games
  ✅ 2020-08-19: Saved 17 games
📊 2020-08-20: Processing 14 games
  ✅ 2020-08-20: Saved 14 games
📊 2020-08-21: Processing 15 games
  ✅ 2020-08-21: Saved 15 games
📊 2020-08-22: Processing 16 games
  ✅ 2020-08-22: Saved 16 games
📊 2020-08-23: Processing 15 games
  ✅ 2020-08-23: Saved 15 games
📊 2020-08-24: Processing 9 games
  ✅ 2020-08-24: Saved 9 games
📊 2020-08-25: Processing 17 games
  ✅ 2020-08-25: Saved 17 games
📊 2020-08-26: Processing 16 games
  ✅ 2020-08-26: Saved 16 games
📊 2020-08-27: Processing 15 games
  ✅ 2020-08-27: Saved 15 games
📊 2020-08-28: Processing 17 games
  ✅ 2020-08-28: Saved 17 games
📊 2020-08-29: Processing 18 games
  ✅ 2020-08-29: Saved 18 games
📊 2020-08-30: Processing 16 games
  ✅ 2020-08-30: Saved 16 games
📊 2020-08-31: Processing 11 games
  ✅ 2020-08-31: Saved 11 games
📊 2020-09-01: Processing 14 games
  ✅ 2020-09-01: Saved 14 games
📊 2020-09-02: Processing 15 games
  ✅ 2020-09-02: Saved 15 games
📊 2020-09-03: Processing 9 games
  ✅ 2020-09-03: Saved 9 games
📊 2020-09-04: Processing 20 games
  ✅ 2020-09-04: Saved 20 games
📊 2020-09-05: Processing 17 games
  ✅ 2020-09-05: Saved 17 games
📊 2020-09-06: Processing 15 games
  ✅ 2020-09-06: Saved 15 games
📊 2020-09-07: Processing 11 games
  ✅ 2020-09-07: Saved 11 games
📊 2020-09-08: Processing 18 games
  ✅ 2020-09-08: Saved 18 games
📊 2020-09-09: Processing 12 games
  ✅ 2020-09-09: Saved 12 games
📊 2020-09-10: Processing 12 games
  ✅ 2020-09-10: Saved 12 games
📊 2020-09-11: Processing 16 games
  ✅ 2020-09-11: Saved 16 games
📊 2020-09-12: Processing 16 games
  ✅ 2020-09-12: Saved 16 games
📊 2020-09-13: Processing 17 games
  ✅ 2020-09-13: Saved 17 games
📊 2020-09-14: Processing 10 games
  ✅ 2020-09-14: Saved 10 games
📊 2020-09-15: Processing 15 games
  ✅ 2020-09-15: Saved 15 games
📊 2020-09-16: Processing 17 games
  ✅ 2020-09-16: Saved 17 games
📊 2020-09-17: Processing 12 games
  ✅ 2020-09-17: Saved 12 games
📊 2020-09-18: Processing 18 games
  ✅ 2020-09-18: Saved 18 games
📊 2020-09-19: Processing 15 games
  ✅ 2020-09-19: Saved 15 games
📊 2020-09-20: Processing 16 games
  ✅ 2020-09-20: Saved 16 games
📊 2020-09-21: Processing 11 games
  ✅ 2020-09-21: Saved 11 games
📊 2020-09-22: Processing 16 games
  ✅ 2020-09-22: Saved 16 games
📊 2020-09-23: Processing 15 games
  ✅ 2020-09-23: Saved 15 games
📊 2020-09-24: Processing 11 games
  ✅ 2020-09-24: Saved 11 games
📊 2020-09-25: Processing 18 games
  ✅ 2020-09-25: Saved 18 games
📊 2020-09-26: Processing 17 games
  ✅ 2020-09-26: Saved 17 games
📊 2020-09-27: Processing 15 games
  ✅ 2020-09-27: Saved 15 games

============================================================
✅ Complete! Processed 67 dates with 973 total games
📁 Output location: /workspaces/MLB-Model/data/2020_data/mlb_data/raw/starting_pitcher_boxscores
============================================================


✅ Completed 2020: 67 files (latest: starting_pitcher_boxscores_2020-09-27.csv)

-------------------------------------------------------------------
Starting year: 2019
-------------------------------------------------------------------

============================================================
Fetching MLB Starting Pitcher Boxscores for 2019 Season
============================================================

📂 Found 185 boxscore files to process

📊 2019-03-20: Processing 1 games
  ✅ 2019-03-20: Saved 1 games
📊 2019-03-21: Processing 1 games
  ✅ 2019-03-21: Saved 1 games
📊 2019-03-28: Processing 15 games
  ✅ 2019-03-28: Saved 15 games
📊 2019-03-29: Processing 8 games
  ✅ 2019-03-29: Saved 8 games
📊 2019-03-30: Processing 15 games
  ✅ 2019-03-30: Saved 15 games
📊 2019-03-31: Processing 15 games
  ✅ 2019-03-31: Saved 15 games
📊 2019-04-01: Processing 13 games
  ✅ 2019-04-01: Saved 13 games
📊 2019-04-02: Processing 12 games
  ✅ 2019-04-02: Saved 12 games
📊 2019-04-03: Processing 14 games
  ✅ 2019-04-03: Saved 14 games
📊 2019-04-04: Processing 10 games
  ✅ 2019-04-04: Saved 10 games
📊 2019-04-05: Processing 12 games
  ✅ 2019-04-05: Saved 12 games
📊 2019-04-06: Processing 15 games
  ✅ 2019-04-06: Saved 15 games
📊 2019-04-07: Processing 15 games
  ✅ 2019-04-07: Saved 15 games
📊 2019-04-08: Processing 10 games
  ✅ 2019-04-08: Saved 10 games
📊 2019-04-09: Processing 14 games
  ✅ 2019-04-09: Saved 14 games
📊 2019-04-10: Processing 14 games
  ✅ 2019-04-10: Saved 14 games
📊 2019-04-11: Processing 10 games
  ✅ 2019-04-11: Saved 10 games
📊 2019-04-12: Processing 14 games
  ✅ 2019-04-12: Saved 14 games
📊 2019-04-13: Processing 15 games
  ✅ 2019-04-13: Saved 15 games
📊 2019-04-14: Processing 15 games
  ✅ 2019-04-14: Saved 15 games
📊 2019-04-15: Processing 10 games
  ✅ 2019-04-15: Saved 10 games
📊 2019-04-16: Processing 15 games
  ✅ 2019-04-16: Saved 15 games
📊 2019-04-17: Processing 14 games
  ✅ 2019-04-17: Saved 14 games
📊 2019-04-18: Processing 10 games
  ✅ 2019-04-18: Saved 10 games
📊 2019-04-19: Processing 15 games
  ✅ 2019-04-19: Saved 15 games
📊 2019-04-20: Processing 17 games
  ✅ 2019-04-20: Saved 17 games
📊 2019-04-21: Processing 15 games
  ✅ 2019-04-21: Saved 15 games
📊 2019-04-22: Processing 10 games
  ✅ 2019-04-22: Saved 10 games
📊 2019-04-23: Processing 16 games
  ✅ 2019-04-23: Saved 16 games
📊 2019-04-24: Processing 15 games
  ✅ 2019-04-24: Saved 15 games
📊 2019-04-25: Processing 8 games
  ✅ 2019-04-25: Saved 8 games
📊 2019-04-26: Processing 15 games
  ✅ 2019-04-26: Saved 15 games
📊 2019-04-27: Processing 15 games
  ✅ 2019-04-27: Saved 15 games
📊 2019-04-28: Processing 15 games
  ✅ 2019-04-28: Saved 15 games
📊 2019-04-29: Processing 9 games
  ✅ 2019-04-29: Saved 9 games
📊 2019-04-30: Processing 15 games
  ✅ 2019-04-30: Saved 15 games
📊 2019-05-01: Processing 17 games
  ✅ 2019-05-01: Saved 17 games
📊 2019-05-02: Processing 8 games
  ✅ 2019-05-02: Saved 8 games
📊 2019-05-03: Processing 14 games
  ✅ 2019-05-03: Saved 14 games
📊 2019-05-04: Processing 15 games
  ✅ 2019-05-04: Saved 15 games
📊 2019-05-05: Processing 15 games
  ✅ 2019-05-05: Saved 15 games
📊 2019-05-06: Processing 12 games
  ✅ 2019-05-06: Saved 12 games
📊 2019-05-07: Processing 15 games
  ✅ 2019-05-07: Saved 15 games
📊 2019-05-08: Processing 15 games
  ✅ 2019-05-08: Saved 15 games
📊 2019-05-09: Processing 10 games
  ✅ 2019-05-09: Saved 10 games
📊 2019-05-10: Processing 15 games
  ✅ 2019-05-10: Saved 15 games
📊 2019-05-11: Processing 16 games
  ✅ 2019-05-11: Saved 16 games
📊 2019-05-12: Processing 15 games
  ✅ 2019-05-12: Saved 15 games
📊 2019-05-13: Processing 7 games
  ✅ 2019-05-13: Saved 7 games
📊 2019-05-14: Processing 15 games
  ✅ 2019-05-14: Saved 15 games
📊 2019-05-15: Processing 14 games
  ✅ 2019-05-15: Saved 14 games
📊 2019-05-16: Processing 10 games
  ✅ 2019-05-16: Saved 10 games
📊 2019-05-17: Processing 15 games
  ✅ 2019-05-17: Saved 15 games
📊 2019-05-18: Processing 15 games
  ✅ 2019-05-18: Saved 15 games
📊 2019-05-19: Processing 15 games
  ✅ 2019-05-19: Saved 15 games
📊 2019-05-20: Processing 10 games
  ✅ 2019-05-20: Saved 10 games
📊 2019-05-21: Processing 15 games
  ✅ 2019-05-21: Saved 15 games
📊 2019-05-22: Processing 16 games
  ✅ 2019-05-22: Saved 16 games
📊 2019-05-23: Processing 10 games
  ✅ 2019-05-23: Saved 10 games
📊 2019-05-24: Processing 15 games
  ✅ 2019-05-24: Saved 15 games
📊 2019-05-25: Processing 16 games
  ✅ 2019-05-25: Saved 16 games
📊 2019-05-26: Processing 15 games
  ✅ 2019-05-26: Saved 15 games
📊 2019-05-27: Processing 14 games
  ✅ 2019-05-27: Saved 14 games
📊 2019-05-28: Processing 16 games
  ✅ 2019-05-28: Saved 16 games
📊 2019-05-29: Processing 14 games
  ✅ 2019-05-29: Saved 14 games
📊 2019-05-30: Processing 10 games
  ✅ 2019-05-30: Saved 10 games
📊 2019-05-31: Processing 15 games
  ✅ 2019-05-31: Saved 15 games
📊 2019-06-01: Processing 15 games
  ✅ 2019-06-01: Saved 15 games
📊 2019-06-02: Processing 15 games
  ✅ 2019-06-02: Saved 15 games
📊 2019-06-03: Processing 4 games
  ✅ 2019-06-03: Saved 4 games
📊 2019-06-04: Processing 15 games
  ✅ 2019-06-04: Saved 15 games
📊 2019-06-05: Processing 15 games
  ✅ 2019-06-05: Saved 15 games
📊 2019-06-06: Processing 13 games
  ✅ 2019-06-06: Saved 13 games
📊 2019-06-07: Processing 15 games
  ✅ 2019-06-07: Saved 15 games
📊 2019-06-08: Processing 17 games
  ✅ 2019-06-08: Saved 17 games
📊 2019-06-09: Processing 15 games
  ✅ 2019-06-09: Saved 15 games
📊 2019-06-10: Processing 9 games
  ✅ 2019-06-10: Saved 9 games
📊 2019-06-11: Processing 16 games
  ✅ 2019-06-11: Saved 16 games
📊 2019-06-12: Processing 12 games
  ✅ 2019-06-12: Saved 12 games
📊 2019-06-13: Processing 11 games
  ✅ 2019-06-13: Saved 11 games
📊 2019-06-14: Processing 16 games
  ✅ 2019-06-14: Saved 16 games
📊 2019-06-15: Processing 15 games
  ✅ 2019-06-15: Saved 15 games
📊 2019-06-16: Processing 15 games
  ✅ 2019-06-16: Saved 15 games
📊 2019-06-17: Processing 12 games
  ✅ 2019-06-17: Saved 12 games
📊 2019-06-18: Processing 15 games
  ✅ 2019-06-18: Saved 15 games
📊 2019-06-19: Processing 16 games
  ✅ 2019-06-19: Saved 16 games
📊 2019-06-20: Processing 12 games
  ✅ 2019-06-20: Saved 12 games
📊 2019-06-21: Processing 15 games
  ✅ 2019-06-21: Saved 15 games
📊 2019-06-22: Processing 15 games
  ✅ 2019-06-22: Saved 15 games
📊 2019-06-23: Processing 15 games
  ✅ 2019-06-23: Saved 15 games
📊 2019-06-24: Processing 7 games
  ✅ 2019-06-24: Saved 7 games
📊 2019-06-25: Processing 15 games
  ✅ 2019-06-25: Saved 15 games
📊 2019-06-26: Processing 15 games
  ✅ 2019-06-26: Saved 15 games
📊 2019-06-27: Processing 10 games
  ✅ 2019-06-27: Saved 10 games
📊 2019-06-28: Processing 14 games
  ✅ 2019-06-28: Saved 14 games
📊 2019-06-29: Processing 15 games
  ✅ 2019-06-29: Saved 15 games
📊 2019-06-30: Processing 15 games
  ✅ 2019-06-30: Saved 15 games
📊 2019-07-01: Processing 6 games
  ✅ 2019-07-01: Saved 6 games
📊 2019-07-02: Processing 15 games
  ✅ 2019-07-02: Saved 15 games
📊 2019-07-03: Processing 16 games
  ✅ 2019-07-03: Saved 16 games
📊 2019-07-04: Processing 12 games
  ✅ 2019-07-04: Saved 12 games
📊 2019-07-05: Processing 13 games
  ✅ 2019-07-05: Saved 13 games
📊 2019-07-06: Processing 15 games
  ✅ 2019-07-06: Saved 15 games
📊 2019-07-07: Processing 15 games
  ✅ 2019-07-07: Saved 15 games
📊 2019-07-11: Processing 1 games
  ✅ 2019-07-11: Saved 1 games
📊 2019-07-12: Processing 15 games
  ✅ 2019-07-12: Saved 15 games
📊 2019-07-13: Processing 16 games
  ✅ 2019-07-13: Saved 16 games
📊 2019-07-14: Processing 15 games
  ✅ 2019-07-14: Saved 15 games
📊 2019-07-15: Processing 11 games
  ✅ 2019-07-15: Saved 11 games
📊 2019-07-16: Processing 15 games
  ✅ 2019-07-16: Saved 15 games
📊 2019-07-17: Processing 15 games
  ✅ 2019-07-17: Saved 15 games
📊 2019-07-18: Processing 13 games
  ✅ 2019-07-18: Saved 13 games
📊 2019-07-19: Processing 15 games
  ✅ 2019-07-19: Saved 15 games
📊 2019-07-20: Processing 15 games
  ✅ 2019-07-20: Saved 15 games
