
============================================================
Fetching MLB Team Boxscores for 2010 Season
============================================================

📊 2010-04-04: Processing 1 games
  ✅ 2010-04-04: Saved 1 games
📊 2010-04-05: Processing 13 games
  ✅ 2010-04-05: Saved 13 games
📊 2010-04-06: Processing 7 games
  ✅ 2010-04-06: Saved 7 games
📊 2010-04-07: Processing 15 games
  ✅ 2010-04-07: Saved 15 games
📊 2010-04-08: Processing 11 games
  ✅ 2010-04-08: Saved 11 games
📊 2010-04-09: Processing 15 games
  ✅ 2010-04-09: Saved 15 games
📊 2010-04-10: Processing 15 games
  ✅ 2010-04-10: Saved 15 games
📊 2010-04-11: Processing 15 games
  ✅ 2010-04-11: Saved 15 games
📊 2010-04-12: Processing 12 games
  ✅ 2010-04-12: Saved 12 games
📊 2010-04-13: Processing 9 games
  ✅ 2010-04-13: Saved 9 games
📊 2010-04-14: Processing 15 games
  ✅ 2010-04-14: Saved 15 games
📊 2010-04-15: Processing 12 games
  ✅ 2010-04-15: Saved 12 games
📊 2010-04-16: Processing 15 games
  ✅ 2010-04-16: Saved 15 games
📊 2010-04-17: Processing 16 games
  ✅ 2010-04-17: Saved 16 games
📊 2010-04-18: Processing 15 games
  ✅ 2010-04-18: Saved 15 games
📊 2010-04-19: Processing 8 games
  ✅ 2010-04-19: Saved 8 games
📊 2010-04-20: Processing 15 games
  ✅ 2010-04-20: Saved 15 games
📊 2010-04-21: Processing 15 games
  ✅ 2010-04-21: Saved 15 games
📊 2010-04-22: Processing 11 games
  ✅ 2010-04-22: Saved 11 games
📊 2010-04-23: Processing 15 games
  ✅ 2010-04-23: Saved 15 games
📊 2010-04-24: Processing 16 games
  ✅ 2010-04-24: Saved 16 games
📊 2010-04-25: Processing 15 games
  ✅ 2010-04-25: Saved 15 games
📊 2010-04-26: Processing 11 games
  ✅ 2010-04-26: Saved 11 games
📊 2010-04-27: Processing 16 games
  ✅ 2010-04-27: Saved 16 games
📊 2010-04-28: Processing 15 games
  ✅ 2010-04-28: Saved 15 games
📊 2010-04-29: Processing 10 games
  ✅ 2010-04-29: Saved 10 games
📊 2010-04-30: Processing 15 games
  ✅ 2010-04-30: Saved 15 games
📊 2010-05-01: Processing 15 games
  ✅ 2010-05-01: Saved 15 games
📊 2010-05-02: Processing 15 games
  ✅ 2010-05-02: Saved 15 games
📊 2010-05-03: Processing 10 games
  ✅ 2010-05-03: Saved 10 games
📊 2010-05-04: Processing 15 games
  ✅ 2010-05-04: Saved 15 games
📊 2010-05-05: Processing 15 games
  ✅ 2010-05-05: Saved 15 games
📊 2010-05-06: Processing 11 games
  ✅ 2010-05-06: Saved 11 games
📊 2010-05-07: Processing 15 games
  ✅ 2010-05-07: Saved 15 games
📊 2010-05-08: Processing 16 games
  ✅ 2010-05-08: Saved 16 games
📊 2010-05-09: Processing 15 games
  ✅ 2010-05-09: Saved 15 games
📊 2010-05-10: Processing 9 games
  ✅ 2010-05-10: Saved 9 games
📊 2010-05-11: Processing 15 games
  ✅ 2010-05-11: Saved 15 games
📊 2010-05-12: Processing 17 games
  ✅ 2010-05-12: Saved 17 games
📊 2010-05-13: Processing 8 games
  ✅ 2010-05-13: Saved 8 games
📊 2010-05-14: Processing 15 games
  ✅ 2010-05-14: Saved 15 games
📊 2010-05-15: Processing 16 games
  ✅ 2010-05-15: Saved 16 games
📊 2010-05-16: Processing 15 games
  ✅ 2010-05-16: Saved 15 games
📊 2010-05-17: Processing 15 games
  ✅ 2010-05-17: Saved 15 games
📊 2010-05-18: Processing 15 games
  ✅ 2010-05-18: Saved 15 games
📊 2010-05-19: Processing 15 games
  ✅ 2010-05-19: Saved 15 games
📊 2010-05-20: Processing 15 games
  ✅ 2010-05-20: Saved 15 games
📊 2010-05-21: Processing 15 games
  ✅ 2010-05-21: Saved 15 games
📊 2010-05-22: Processing 15 games
  ✅ 2010-05-22: Saved 15 games
📊 2010-05-23: Processing 15 games
  ✅ 2010-05-23: Saved 15 games
📊 2010-05-24: Processing 4 games
  ✅ 2010-05-24: Saved 4 games
📊 2010-05-25: Processing 15 games
  ✅ 2010-05-25: Saved 15 games
📊 2010-05-26: Processing 16 games
  ✅ 2010-05-26: Saved 16 games
📊 2010-05-27: Processing 12 games
  ✅ 2010-05-27: Saved 12 games
📊 2010-05-28: Processing 15 games
  ✅ 2010-05-28: Saved 15 games
📊 2010-05-29: Processing 15 games
  ✅ 2010-05-29: Saved 15 games
📊 2010-05-30: Processing 15 games
  ✅ 2010-05-30: Saved 15 games
📊 2010-05-31: Processing 13 games
  ✅ 2010-05-31: Saved 13 games
📊 2010-06-01: Processing 15 games
  ✅ 2010-06-01: Saved 15 games
📊 2010-06-02: Processing 15 games
  ✅ 2010-06-02: Saved 15 games
📊 2010-06-03: Processing 9 games
  ✅ 2010-06-03: Saved 9 games
📊 2010-06-04: Processing 15 games
  ✅ 2010-06-04: Saved 15 games
📊 2010-06-05: Processing 15 games
  ✅ 2010-06-05: Saved 15 games
📊 2010-06-06: Processing 15 games
  ✅ 2010-06-06: Saved 15 games
📊 2010-06-07: Processing 9 games
  ✅ 2010-06-07: Saved 9 games
📊 2010-06-08: Processing 15 games
  ✅ 2010-06-08: Saved 15 games
📊 2010-06-09: Processing 15 games
  ✅ 2010-06-09: Saved 15 games
📊 2010-06-10: Processing 15 games
  ✅ 2010-06-10: Saved 15 games
📊 2010-06-11: Processing 15 games
  ✅ 2010-06-11: Saved 15 games
📊 2010-06-12: Processing 15 games
  ✅ 2010-06-12: Saved 15 games
📊 2010-06-13: Processing 15 games
  ✅ 2010-06-13: Saved 15 games
📊 2010-06-14: Processing 4 games
  ✅ 2010-06-14: Saved 4 games
📊 2010-06-15: Processing 15 games
  ✅ 2010-06-15: Saved 15 games
📊 2010-06-16: Processing 15 games
  ✅ 2010-06-16: Saved 15 games
📊 2010-06-17: Processing 11 games
  ✅ 2010-06-17: Saved 11 games
📊 2010-06-18: Processing 15 games
  ✅ 2010-06-18: Saved 15 games
📊 2010-06-19: Processing 15 games
  ✅ 2010-06-19: Saved 15 games
📊 2010-06-20: Processing 15 games
  ✅ 2010-06-20: Saved 15 games
📊 2010-06-21: Processing 3 games
  ✅ 2010-06-21: Saved 3 games
📊 2010-06-22: Processing 15 games
  ✅ 2010-06-22: Saved 15 games
📊 2010-06-23: Processing 15 games
  ✅ 2010-06-23: Saved 15 games
📊 2010-06-24: Processing 12 games
  ✅ 2010-06-24: Saved 12 games
📊 2010-06-25: Processing 15 games
  ✅ 2010-06-25: Saved 15 games
📊 2010-06-26: Processing 15 games
  ✅ 2010-06-26: Saved 15 games
📊 2010-06-27: Processing 15 games
  ✅ 2010-06-27: Saved 15 games
📊 2010-06-28: Processing 11 games
  ✅ 2010-06-28: Saved 11 games
📊 2010-06-29: Processing 15 games
  ✅ 2010-06-29: Saved 15 games
📊 2010-06-30: Processing 15 games
  ✅ 2010-06-30: Saved 15 games
📊 2010-07-01: Processing 11 games
  ✅ 2010-07-01: Saved 11 games
📊 2010-07-02: Processing 15 games
  ✅ 2010-07-02: Saved 15 games
📊 2010-07-03: Processing 15 games
  ✅ 2010-07-03: Saved 15 games
📊 2010-07-04: Processing 15 games
  ✅ 2010-07-04: Saved 15 games
📊 2010-07-05: Processing 11 games
  ✅ 2010-07-05: Saved 11 games
📊 2010-07-06: Processing 15 games
  ✅ 2010-07-06: Saved 15 games
📊 2010-07-07: Processing 15 games
  ✅ 2010-07-07: Saved 15 games
📊 2010-07-08: Processing 12 games
  ✅ 2010-07-08: Saved 12 games
📊 2010-07-09: Processing 15 games
  ✅ 2010-07-09: Saved 15 games
📊 2010-07-10: Processing 15 games
  ✅ 2010-07-10: Saved 15 games
📊 2010-07-11: Processing 15 games
  ✅ 2010-07-11: Saved 15 games
📊 2010-07-15: Processing 7 games
  ✅ 2010-07-15: Saved 7 games
📊 2010-07-16: Processing 15 games
  ✅ 2010-07-16: Saved 15 games
📊 2010-07-17: Processing 16 games
  ✅ 2010-07-17: Saved 16 games
📊 2010-07-18: Processing 15 games
  ✅ 2010-07-18: Saved 15 games
📊 2010-07-19: Processing 13 games
  ✅ 2010-07-19: Saved 13 games
📊 2010-07-20: Processing 15 games
  ✅ 2010-07-20: Saved 15 games
📊 2010-07-21: Processing 15 games
  ✅ 2010-07-21: Saved 15 games
📊 2010-07-22: Processing 12 games
  ✅ 2010-07-22: Saved 12 games
📊 2010-07-23: Processing 15 games
  ✅ 2010-07-23: Saved 15 games
📊 2010-07-24: Processing 15 games
  ✅ 2010-07-24: Saved 15 games
📊 2010-07-25: Processing 16 games
  ✅ 2010-07-25: Saved 16 games
📊 2010-07-26: Processing 10 games
  ✅ 2010-07-26: Saved 10 games
📊 2010-07-27: Processing 15 games
  ✅ 2010-07-27: Saved 15 games
📊 2010-07-28: Processing 15 games
  ✅ 2010-07-28: Saved 15 games
📊 2010-07-29: Processing 11 games
  ✅ 2010-07-29: Saved 11 games
📊 2010-07-30: Processing 15 games
  ✅ 2010-07-30: Saved 15 games
📊 2010-07-31: Processing 15 games
  ✅ 2010-07-31: Saved 15 games
📊 2010-08-01: Processing 15 games
  ✅ 2010-08-01: Saved 15 games
📊 2010-08-02: Processing 10 games
  ✅ 2010-08-02: Saved 10 games
📊 2010-08-03: Processing 16 games
  ✅ 2010-08-03: Saved 16 games
📊 2010-08-04: Processing 15 games
  ✅ 2010-08-04: Saved 15 games
📊 2010-08-05: Processing 10 games
  ✅ 2010-08-05: Saved 10 games
📊 2010-08-06: Processing 15 games
  ✅ 2010-08-06: Saved 15 games
📊 2010-08-07: Processing 15 games
  ✅ 2010-08-07: Saved 15 games
📊 2010-08-08: Processing 15 games
  ✅ 2010-08-08: Saved 15 games
📊 2010-08-09: Processing 9 games
  ✅ 2010-08-09: Saved 9 games
📊 2010-08-10: Processing 15 games
  ✅ 2010-08-10: Saved 15 games
📊 2010-08-11: Processing 15 games
  ✅ 2010-08-11: Saved 15 games
📊 2010-08-12: Processing 10 games
  ✅ 2010-08-12: Saved 10 games
📊 2010-08-13: Processing 15 games
  ✅ 2010-08-13: Saved 15 games
📊 2010-08-14: Processing 15 games
  ✅ 2010-08-14: Saved 15 games
📊 2010-08-15: Processing 15 games
  ✅ 2010-08-15: Saved 15 games
📊 2010-08-16: Processing 8 games
  ✅ 2010-08-16: Saved 8 games
📊 2010-08-17: Processing 15 games
  ✅ 2010-08-17: Saved 15 games
📊 2010-08-18: Processing 15 games
  ✅ 2010-08-18: Saved 15 games
📊 2010-08-19: Processing 13 games
  ✅ 2010-08-19: Saved 13 games
📊 2010-08-20: Processing 15 games
  ✅ 2010-08-20: Saved 15 games
📊 2010-08-21: Processing 16 games
  ✅ 2010-08-21: Saved 16 games
📊 2010-08-22: Processing 15 games
  ✅ 2010-08-22: Saved 15 games
📊 2010-08-23: Processing 10 games
  ✅ 2010-08-23: Saved 10 games
📊 2010-08-24: Processing 15 games
  ✅ 2010-08-24: Saved 15 games
📊 2010-08-25: Processing 16 games
  ✅ 2010-08-25: Saved 16 games
📊 2010-08-26: Processing 9 games
  ✅ 2010-08-26: Saved 9 games
📊 2010-08-27: Processing 15 games
  ✅ 2010-08-27: Saved 15 games
📊 2010-08-28: Processing 15 games
  ✅ 2010-08-28: Saved 15 games
📊 2010-08-29: Processing 15 games
  ✅ 2010-08-29: Saved 15 games
📊 2010-08-30: Processing 13 games
  ✅ 2010-08-30: Saved 13 games
📊 2010-08-31: Processing 15 games
  ✅ 2010-08-31: Saved 15 games
📊 2010-09-01: Processing 15 games
  ✅ 2010-09-01: Saved 15 games
📊 2010-09-02: Processing 6 games
  ✅ 2010-09-02: Saved 6 games
📊 2010-09-03: Processing 15 games
  ✅ 2010-09-03: Saved 15 games
📊 2010-09-04: Processing 16 games
  ✅ 2010-09-04: Saved 16 games
📊 2010-09-05: Processing 15 games
  ✅ 2010-09-05: Saved 15 games
📊 2010-09-06: Processing 16 games
  ✅ 2010-09-06: Saved 16 games
📊 2010-09-07: Processing 15 games
  ✅ 2010-09-07: Saved 15 games
📊 2010-09-08: Processing 15 games
  ✅ 2010-09-08: Saved 15 games
📊 2010-09-09: Processing 6 games
  ✅ 2010-09-09: Saved 6 games
📊 2010-09-10: Processing 15 games
  ✅ 2010-09-10: Saved 15 games
📊 2010-09-11: Processing 15 games
  ✅ 2010-09-11: Saved 15 games
📊 2010-09-12: Processing 15 games
  ✅ 2010-09-12: Saved 15 games
📊 2010-09-13: Processing 11 games
  ✅ 2010-09-13: Saved 11 games
📊 2010-09-14: Processing 15 games
  ✅ 2010-09-14: Saved 15 games
📊 2010-09-15: Processing 15 games
  ✅ 2010-09-15: Saved 15 games
📊 2010-09-16: Processing 6 games
  ✅ 2010-09-16: Saved 6 games
📊 2010-09-17: Processing 15 games
  ✅ 2010-09-17: Saved 15 games
📊 2010-09-18: Processing 15 games
  ✅ 2010-09-18: Saved 15 games
📊 2010-09-19: Processing 15 games
  ✅ 2010-09-19: Saved 15 games
📊 2010-09-20: Processing 10 games
  ✅ 2010-09-20: Saved 10 games
📊 2010-09-21: Processing 15 games
  ✅ 2010-09-21: Saved 15 games
📊 2010-09-22: Processing 15 games
  ✅ 2010-09-22: Saved 15 games
📊 2010-09-23: Processing 10 games
  ✅ 2010-09-23: Saved 10 games
📊 2010-09-24: Processing 15 games
  ✅ 2010-09-24: Saved 15 games
📊 2010-09-25: Processing 15 games
  ✅ 2010-09-25: Saved 15 games
📊 2010-09-26: Processing 15 games
  ✅ 2010-09-26: Saved 15 games
📊 2010-09-27: Processing 13 games
  ✅ 2010-09-27: Saved 13 games
📊 2010-09-28: Processing 15 games
  ✅ 2010-09-28: Saved 15 games
📊 2010-09-29: Processing 17 games
  ✅ 2010-09-29: Saved 17 games
📊 2010-09-30: Processing 12 games
  ✅ 2010-09-30: Saved 12 games
📊 2010-10-01: Processing 16 games
  ✅ 2010-10-01: Saved 16 games
📊 2010-10-02: Processing 16 games
  ✅ 2010-10-02: Saved 16 games
📊 2010-10-03: Processing 15 games
  ✅ 2010-10-03: Saved 15 games

============================================================
✅ Complete! Processed 180 dates with 2453 total games
📁 Output location: /workspaces/MLB-Model/data/2010_data/mlb_data/raw/boxscores
============================================================

