nohup: ignoring input
================================================================================
FETCHING 2009 GAME OUTLOOK DATA (FULL SEASON)
================================================================================

Fetching 186 days starting from 2009-04-05
Output: data/2009_data/mlb_data/raw/bdl_data/game_outlook

Processing 2009-04-05...
  Fetched 2 total games
  Regular season finals: 0
  ⚠ No games to save

Processing 2009-04-06...
  Fetched 12 total games
  Regular season finals: 10
  ✓ Saved game_outlook_2009-04-06.csv

Processing 2009-04-07...
  Fetched 8 total games
  Regular season finals: 8
  ✓ Saved game_outlook_2009-04-07.csv

Processing 2009-04-08...
  Fetched 13 total games
  Regular season finals: 13
  ✓ Saved game_outlook_2009-04-08.csv

Processing 2009-04-09...
  Fetched 18 total games
  Regular season finals: 18
  ✓ Saved game_outlook_2009-04-09.csv

Processing 2009-04-10...
  Fetched 10 total games
  Regular season finals: 8
  ✓ Saved game_outlook_2009-04-10.csv

Processing 2009-04-11...
  Fetched 18 total games
  Regular season finals: 18
  ✓ Saved game_outlook_2009-04-11.csv

Processing 2009-04-12...
  Fetched 17 total games
  Regular season finals: 17
  ✓ Saved game_outlook_2009-04-12.csv

Processing 2009-04-13...
  Fetched 8 total games
  Regular season finals: 8
  ✓ Saved game_outlook_2009-04-13.csv

Processing 2009-04-14...
  Fetched 10 total games
  Regular season finals: 9
  ✓ Saved game_outlook_2009-04-14.csv

Processing 2009-04-15...
  Fetched 16 total games
  Regular season finals: 15
  ✓ Saved game_outlook_2009-04-15.csv

Processing 2009-04-16...
  Fetched 12 total games
  Regular season finals: 12
  ✓ Saved game_outlook_2009-04-16.csv

Processing 2009-04-17...
  Fetched 12 total games
  Regular season finals: 12
  ✓ Saved game_outlook_2009-04-17.csv

Processing 2009-04-18...
  Fetched 19 total games
  Regular season finals: 19
  ✓ Saved game_outlook_2009-04-18.csv

Processing 2009-04-19...
  Fetched 16 total games
  Regular season finals: 16
  ✓ Saved game_outlook_2009-04-19.csv

Processing 2009-04-20...
  Fetched 6 total games
  Regular season finals: 3
  ✓ Saved game_outlook_2009-04-20.csv

Processing 2009-04-21...
  Fetched 10 total games
  Regular season finals: 9
  ✓ Saved game_outlook_2009-04-21.csv

Processing 2009-04-22...
  Fetched 18 total games
  Regular season finals: 18
  ✓ Saved game_outlook_2009-04-22.csv

Processing 2009-04-23...
  Fetched 12 total games
  Regular season finals: 12
  ✓ Saved game_outlook_2009-04-23.csv

Processing 2009-04-24...
  Fetched 8 total games
  Regular season finals: 8
  ✓ Saved game_outlook_2009-04-24.csv

Processing 2009-04-25...
  Fetched 20 total games
  Regular season finals: 20
  ✓ Saved game_outlook_2009-04-25.csv

Processing 2009-04-26...
  Fetched 18 total games
  Regular season finals: 18
  ✓ Saved game_outlook_2009-04-26.csv

Processing 2009-04-27...
  Fetched 9 total games
  Regular season finals: 8
  ✓ Saved game_outlook_2009-04-27.csv

Processing 2009-04-28...
  Fetched 14 total games
  Regular season finals: 14
  ✓ Saved game_outlook_2009-04-28.csv

Processing 2009-04-29...
  Fetched 19 total games
  Regular season finals: 19
  ✓ Saved game_outlook_2009-04-29.csv

Processing 2009-04-30...
  Fetched 9 total games
  Regular season finals: 8
  ✓ Saved game_outlook_2009-04-30.csv

Processing 2009-05-01...
  Fetched 12 total games
  Regular season finals: 12
  ✓ Saved game_outlook_2009-05-01.csv

Processing 2009-05-02...
  Fetched 18 total games
  Regular season finals: 18
  ✓ Saved game_outlook_2009-05-02.csv

Processing 2009-05-03...
  Fetched 17 total games
  Regular season finals: 14
  ✓ Saved game_outlook_2009-05-03.csv

Processing 2009-05-04...
  Fetched 9 total games
  Regular season finals: 9
  ✓ Saved game_outlook_2009-05-04.csv

Processing 2009-05-05...
  Fetched 17 total games
  Regular season finals: 17
  ✓ Saved game_outlook_2009-05-05.csv

Processing 2009-05-06...
  Fetched 11 total games
  Regular season finals: 11
  ✓ Saved game_outlook_2009-05-06.csv

Processing 2009-05-07...
  Fetched 20 total games
  Regular season finals: 19
  ✓ Saved game_outlook_2009-05-07.csv

Processing 2009-05-08...
  Fetched 10 total games
  Regular season finals: 10
  ✓ Saved game_outlook_2009-05-08.csv

Processing 2009-05-09...
  Fetched 21 total games
  Regular season finals: 21
  ✓ Saved game_outlook_2009-05-09.csv

Processing 2009-05-10...
  Fetched 17 total games
  Regular season finals: 17
  ✓ Saved game_outlook_2009-05-10.csv

Processing 2009-05-11...
  Fetched 3 total games
  Regular season finals: 3
  ✓ Saved game_outlook_2009-05-11.csv

Processing 2009-05-12...
  Fetched 8 total games
  Regular season finals: 8
  ✓ Saved game_outlook_2009-05-12.csv

Processing 2009-05-13...
  Fetched 16 total games
  Regular season finals: 16
  ✓ Saved game_outlook_2009-05-13.csv

Processing 2009-05-14...
  Fetched 18 total games
  Regular season finals: 18
  ✓ Saved game_outlook_2009-05-14.csv

Processing 2009-05-15...
  Fetched 11 total games
  Regular season finals: 10
  ✓ Saved game_outlook_2009-05-15.csv

Processing 2009-05-16...
  Fetched 20 total games
  Regular season finals: 19
  ✓ Saved game_outlook_2009-05-16.csv

Processing 2009-05-17...
  Fetched 16 total games
  Regular season finals: 15
  ✓ Saved game_outlook_2009-05-17.csv

Processing 2009-05-18...
  Fetched 7 total games
  Regular season finals: 6
  ✓ Saved game_outlook_2009-05-18.csv

Processing 2009-05-19...
  Fetched 11 total games
  Regular season finals: 11
  ✓ Saved game_outlook_2009-05-19.csv

Processing 2009-05-20...
  Fetched 15 total games
  Regular season finals: 15
  ✓ Saved game_outlook_2009-05-20.csv

Processing 2009-05-21...
  Fetched 18 total games
  Regular season finals: 18
  ✓ Saved game_outlook_2009-05-21.csv

Processing 2009-05-22...
  Fetched 11 total games
  Regular season finals: 11
  ✓ Saved game_outlook_2009-05-22.csv

Processing 2009-05-23...
  Fetched 19 total games
  Regular season finals: 19
  ✓ Saved game_outlook_2009-05-23.csv

Processing 2009-05-24...
  Fetched 18 total games
  Regular season finals: 18
  ✓ Saved game_outlook_2009-05-24.csv

Processing 2009-05-25...
  Fetched 14 total games
  Regular season finals: 14
  ✓ Saved game_outlook_2009-05-25.csv

Processing 2009-05-26...
  Fetched 7 total games
  Regular season finals: 7
  ✓ Saved game_outlook_2009-05-26.csv

Processing 2009-05-27...
  Fetched 20 total games
  Regular season finals: 20
  ✓ Saved game_outlook_2009-05-27.csv

Processing 2009-05-28...
  Fetched 8 total games
  Regular season finals: 8
  ✓ Saved game_outlook_2009-05-28.csv

Processing 2009-05-29...
  Fetched 11 total games
  Regular season finals: 11
  ✓ Saved game_outlook_2009-05-29.csv

Processing 2009-05-30...
  Fetched 18 total games
  Regular season finals: 18
  ✓ Saved game_outlook_2009-05-30.csv

Processing 2009-05-31...
  Fetched 18 total games
  Regular season finals: 18
  ✓ Saved game_outlook_2009-05-31.csv

Processing 2009-06-01...
  Fetched 4 total games
  Regular season finals: 4
  ✓ Saved game_outlook_2009-06-01.csv

Processing 2009-06-02...
  Fetched 14 total games
  Regular season finals: 14
  ✓ Saved game_outlook_2009-06-02.csv

Processing 2009-06-03...
  Fetched 15 total games
  Regular season finals: 13
  ✓ Saved game_outlook_2009-06-03.csv

Processing 2009-06-04...
  Fetched 18 total games
  Regular season finals: 17
  ✓ Saved game_outlook_2009-06-04.csv

Processing 2009-06-05...
  Fetched 11 total games
  Regular season finals: 10
  ✓ Saved game_outlook_2009-06-05.csv

Processing 2009-06-06...
  Fetched 20 total games
  Regular season finals: 20
  ✓ Saved game_outlook_2009-06-06.csv

Processing 2009-06-07...
  Fetched 16 total games
  Regular season finals: 16
  ✓ Saved game_outlook_2009-06-07.csv

Processing 2009-06-08...
  Fetched 6 total games
  Regular season finals: 6
  ✓ Saved game_outlook_2009-06-08.csv

Processing 2009-06-09...
  Fetched 12 total games
  Regular season finals: 12
  ✓ Saved game_outlook_2009-06-09.csv

Processing 2009-06-10...
  Fetched 15 total games
  Regular season finals: 15
  ✓ Saved game_outlook_2009-06-10.csv

Processing 2009-06-11...
  Fetched 20 total games
  Regular season finals: 19
  ✓ Saved game_outlook_2009-06-11.csv

Processing 2009-06-12...
  Fetched 9 total games
  Regular season finals: 9
  ✓ Saved game_outlook_2009-06-12.csv

Processing 2009-06-13...
  Fetched 17 total games
  Regular season finals: 17
  ✓ Saved game_outlook_2009-06-13.csv

Processing 2009-06-14...
  Fetched 19 total games
  Regular season finals: 19
  ✓ Saved game_outlook_2009-06-14.csv

Processing 2009-06-15...
  Fetched 2 total games
  Regular season finals: 2
  ✓ Saved game_outlook_2009-06-15.csv

Processing 2009-06-16...
  Fetched 7 total games
  Regular season finals: 7
  ✓ Saved game_outlook_2009-06-16.csv

Processing 2009-06-17...
  Fetched 17 total games
  Regular season finals: 16
  ✓ Saved game_outlook_2009-06-17.csv

Processing 2009-06-18...
  Fetched 16 total games
  Regular season finals: 16
  ✓ Saved game_outlook_2009-06-18.csv

Processing 2009-06-19...
  Fetched 12 total games
  Regular season finals: 12
  ✓ Saved game_outlook_2009-06-19.csv

Processing 2009-06-20...
  Fetched 17 total games
  Regular season finals: 17
  ✓ Saved game_outlook_2009-06-20.csv

Processing 2009-06-21...
  Fetched 19 total games
  Regular season finals: 19
  ✓ Saved game_outlook_2009-06-21.csv

Processing 2009-06-22...
  Fetched 3 total games
  Regular season finals: 3
  ✓ Saved game_outlook_2009-06-22.csv

Processing 2009-06-23...
  Fetched 10 total games
  Regular season finals: 10
  ✓ Saved game_outlook_2009-06-23.csv

Processing 2009-06-24...
  Fetched 15 total games
  Regular season finals: 15
  ✓ Saved game_outlook_2009-06-24.csv

Processing 2009-06-25...
  Fetched 19 total games
  Regular season finals: 19
  ✓ Saved game_outlook_2009-06-25.csv

Processing 2009-06-26...
  Fetched 9 total games
  Regular season finals: 9
  ✓ Saved game_outlook_2009-06-26.csv

Processing 2009-06-27...
  Fetched 19 total games
  Regular season finals: 19
  ✓ Saved game_outlook_2009-06-27.csv

Processing 2009-06-28...
  Fetched 16 total games
  Regular season finals: 16
  ✓ Saved game_outlook_2009-06-28.csv

Processing 2009-06-29...
  Fetched 8 total games
  Regular season finals: 8
  ✓ Saved game_outlook_2009-06-29.csv

Processing 2009-06-30...
  Fetched 14 total games
  Regular season finals: 14
  ✓ Saved game_outlook_2009-06-30.csv

Processing 2009-07-01...
  Fetched 19 total games
  Regular season finals: 19
  ✓ Saved game_outlook_2009-07-01.csv

Processing 2009-07-02...
  Fetched 9 total games
  Regular season finals: 9
  ✓ Saved game_outlook_2009-07-02.csv

Processing 2009-07-03...
  Fetched 11 total games
  Regular season finals: 11
  ✓ Saved game_outlook_2009-07-03.csv

Processing 2009-07-04...
  Fetched 19 total games
  Regular season finals: 19
  ✓ Saved game_outlook_2009-07-04.csv

Processing 2009-07-05...
  Fetched 17 total games
  Regular season finals: 17
  ✓ Saved game_outlook_2009-07-05.csv

Processing 2009-07-06...
  Fetched 6 total games
  Regular season finals: 6
  ✓ Saved game_outlook_2009-07-06.csv

Processing 2009-07-07...
  Fetched 11 total games
  Regular season finals: 11
  ✓ Saved game_outlook_2009-07-07.csv

Processing 2009-07-08...
  Fetched 21 total games
  Regular season finals: 21
  ✓ Saved game_outlook_2009-07-08.csv

Processing 2009-07-09...
  Fetched 11 total games
  Regular season finals: 11
  ✓ Saved game_outlook_2009-07-09.csv

Processing 2009-07-10...
  Fetched 12 total games
  Regular season finals: 12
  ✓ Saved game_outlook_2009-07-10.csv

Processing 2009-07-11...
  Fetched 19 total games
  Regular season finals: 19
  ✓ Saved game_outlook_2009-07-11.csv

Processing 2009-07-12...
  Fetched 19 total games
  Regular season finals: 19
  ✓ Saved game_outlook_2009-07-12.csv

Processing 2009-07-13...
  Fetched 1 total games
  Regular season finals: 1
  ✓ Saved game_outlook_2009-07-13.csv

Processing 2009-07-14...
  Fetched 0 total games
  Regular season finals: 0
  ⚠ No games to save

Processing 2009-07-15...
  Fetched 0 total games
  Regular season finals: 0
  ⚠ No games to save

Processing 2009-07-16...
  Fetched 5 total games
  Regular season finals: 5
  ✓ Saved game_outlook_2009-07-16.csv

Processing 2009-07-17...
  Fetched 11 total games
  Regular season finals: 11
  ✓ Saved game_outlook_2009-07-17.csv

Processing 2009-07-18...
  Fetched 19 total games
  Regular season finals: 18
  ✓ Saved game_outlook_2009-07-18.csv

Processing 2009-07-19...
  Fetched 17 total games
  Regular season finals: 17
  ✓ Saved game_outlook_2009-07-19.csv

Processing 2009-07-20...
  Fetched 6 total games
  Regular season finals: 6
  ✓ Saved game_outlook_2009-07-20.csv

Processing 2009-07-21...
  Fetched 16 total games
  Regular season finals: 15
  ✓ Saved game_outlook_2009-07-21.csv

Processing 2009-07-22...
  Fetched 18 total games
  Regular season finals: 18
  ✓ Saved game_outlook_2009-07-22.csv

Processing 2009-07-23...
  Fetched 12 total games
  Regular season finals: 12
  ✓ Saved game_outlook_2009-07-23.csv

Processing 2009-07-24...
  Fetched 10 total games
  Regular season finals: 10
  ✓ Saved game_outlook_2009-07-24.csv

Processing 2009-07-25...
  Fetched 20 total games
  Regular season finals: 20
  ✓ Saved game_outlook_2009-07-25.csv

Processing 2009-07-26...
  Fetched 17 total games
  Regular season finals: 17
  ✓ Saved game_outlook_2009-07-26.csv

Processing 2009-07-27...
  Fetched 7 total games
  Regular season finals: 7
  ✓ Saved game_outlook_2009-07-27.csv

Processing 2009-07-28...
  Fetched 14 total games
  Regular season finals: 14
  ✓ Saved game_outlook_2009-07-28.csv

Processing 2009-07-29...
  Fetched 19 total games
  Regular season finals: 18
  ✓ Saved game_outlook_2009-07-29.csv

Processing 2009-07-30...
  Fetched 13 total games
  Regular season finals: 13
  ✓ Saved game_outlook_2009-07-30.csv

Processing 2009-07-31...
  Fetched 12 total games
  Regular season finals: 12
  ✓ Saved game_outlook_2009-07-31.csv

Processing 2009-08-01...
  Fetched 18 total games
  Regular season finals: 18
  ✓ Saved game_outlook_2009-08-01.csv

Processing 2009-08-02...
  Fetched 17 total games
  Regular season finals: 17
  ✓ Saved game_outlook_2009-08-02.csv

Processing 2009-08-03...
  Fetched 7 total games
  Regular season finals: 7
  ✓ Saved game_outlook_2009-08-03.csv

Processing 2009-08-04...
  Fetched 13 total games
  Regular season finals: 13
  ✓ Saved game_outlook_2009-08-04.csv

Processing 2009-08-05...
  Fetched 17 total games
  Regular season finals: 17
  ✓ Saved game_outlook_2009-08-05.csv

Processing 2009-08-06...
  Fetched 12 total games
  Regular season finals: 12
  ✓ Saved game_outlook_2009-08-06.csv

Processing 2009-08-07...
  Fetched 9 total games
  Regular season finals: 9
  ✓ Saved game_outlook_2009-08-07.csv

Processing 2009-08-08...
  Fetched 20 total games
  Regular season finals: 20
  ✓ Saved game_outlook_2009-08-08.csv

Processing 2009-08-09...
  Fetched 18 total games
  Regular season finals: 18
  ✓ Saved game_outlook_2009-08-09.csv

Processing 2009-08-10...
  Fetched 5 total games
  Regular season finals: 5
  ✓ Saved game_outlook_2009-08-10.csv

Processing 2009-08-11...
  Fetched 12 total games
  Regular season finals: 12
  ✓ Saved game_outlook_2009-08-11.csv

Processing 2009-08-12...
  Fetched 18 total games
  Regular season finals: 18
  ✓ Saved game_outlook_2009-08-12.csv

Processing 2009-08-13...
  Fetched 14 total games
  Regular season finals: 14
  ✓ Saved game_outlook_2009-08-13.csv

Processing 2009-08-14...
  Fetched 9 total games
  Regular season finals: 9
  ✓ Saved game_outlook_2009-08-14.csv

Processing 2009-08-15...
  Fetched 19 total games
  Regular season finals: 18
  ✓ Saved game_outlook_2009-08-15.csv

Processing 2009-08-16...
  Fetched 18 total games
  Regular season finals: 17
  ✓ Saved game_outlook_2009-08-16.csv

Processing 2009-08-17...
  Fetched 5 total games
  Regular season finals: 5
  ✓ Saved game_outlook_2009-08-17.csv

Processing 2009-08-18...
  Fetched 14 total games
  Regular season finals: 14
  ✓ Saved game_outlook_2009-08-18.csv

Processing 2009-08-19...
  Fetched 16 total games
  Regular season finals: 16
  ✓ Saved game_outlook_2009-08-19.csv

Processing 2009-08-20...
  Fetched 13 total games
  Regular season finals: 13
  ✓ Saved game_outlook_2009-08-20.csv

Processing 2009-08-21...
  Fetched 12 total games
  Regular season finals: 12
  ✓ Saved game_outlook_2009-08-21.csv

Processing 2009-08-22...
  Fetched 19 total games
  Regular season finals: 19
  ✓ Saved game_outlook_2009-08-22.csv

Processing 2009-08-23...
  Fetched 17 total games
  Regular season finals: 17
  ✓ Saved game_outlook_2009-08-23.csv

Processing 2009-08-24...
  Fetched 5 total games
  Regular season finals: 5
  ✓ Saved game_outlook_2009-08-24.csv

Processing 2009-08-25...
  Fetched 11 total games
  Regular season finals: 11
  ✓ Saved game_outlook_2009-08-25.csv

Processing 2009-08-26...
  Fetched 17 total games
  Regular season finals: 17
  ✓ Saved game_outlook_2009-08-26.csv

Processing 2009-08-27...
  Fetched 17 total games
  Regular season finals: 17
  ✓ Saved game_outlook_2009-08-27.csv

Processing 2009-08-28...
  Fetched 11 total games
  Regular season finals: 11
  ✓ Saved game_outlook_2009-08-28.csv

Processing 2009-08-29...
  Fetched 18 total games
  Regular season finals: 18
  ✓ Saved game_outlook_2009-08-29.csv

Processing 2009-08-30...
  Fetched 18 total games
  Regular season finals: 18
  ✓ Saved game_outlook_2009-08-30.csv

Processing 2009-08-31...
  Fetched 6 total games
  Regular season finals: 6
  ✓ Saved game_outlook_2009-08-31.csv

Processing 2009-09-01...
  Fetched 14 total games
  Regular season finals: 14
  ✓ Saved game_outlook_2009-09-01.csv

Processing 2009-09-02...
  Fetched 20 total games
  Regular season finals: 20
  ✓ Saved game_outlook_2009-09-02.csv

Processing 2009-09-03...
  Fetched 12 total games
  Regular season finals: 12
  ✓ Saved game_outlook_2009-09-03.csv

Processing 2009-09-04...
  Fetched 10 total games
  Regular season finals: 10
  ✓ Saved game_outlook_2009-09-04.csv

Processing 2009-09-05...
  Fetched 19 total games
  Regular season finals: 19
  ✓ Saved game_outlook_2009-09-05.csv

Processing 2009-09-06...
  Fetched 17 total games
  Regular season finals: 17
  ✓ Saved game_outlook_2009-09-06.csv

Processing 2009-09-07...
  Fetched 13 total games
  Regular season finals: 12
  ✓ Saved game_outlook_2009-09-07.csv

Processing 2009-09-08...
  Fetched 7 total games
  Regular season finals: 7
  ✓ Saved game_outlook_2009-09-08.csv

Processing 2009-09-09...
  Fetched 18 total games
  Regular season finals: 18
  ✓ Saved game_outlook_2009-09-09.csv

Processing 2009-09-10...
  Fetched 11 total games
  Regular season finals: 11
  ✓ Saved game_outlook_2009-09-10.csv

Processing 2009-09-11...
  Fetched 9 total games
  Regular season finals: 8
  ✓ Saved game_outlook_2009-09-11.csv

Processing 2009-09-12...
  Fetched 19 total games
  Regular season finals: 18
  ✓ Saved game_outlook_2009-09-12.csv

Processing 2009-09-13...
  Fetched 20 total games
  Regular season finals: 20
  ✓ Saved game_outlook_2009-09-13.csv

Processing 2009-09-14...
  Fetched 6 total games
  Regular season finals: 6
  ✓ Saved game_outlook_2009-09-14.csv

Processing 2009-09-15...
  Fetched 14 total games
  Regular season finals: 14
  ✓ Saved game_outlook_2009-09-15.csv

Processing 2009-09-16...
  Fetched 19 total games
  Regular season finals: 19
  ✓ Saved game_outlook_2009-09-16.csv

Processing 2009-09-17...
  Fetched 12 total games
  Regular season finals: 12
  ✓ Saved game_outlook_2009-09-17.csv

Processing 2009-09-18...
  Fetched 7 total games
  Regular season finals: 7
  ✓ Saved game_outlook_2009-09-18.csv

Processing 2009-09-19...
  Fetched 22 total games
  Regular season finals: 22
  ✓ Saved game_outlook_2009-09-19.csv

Processing 2009-09-20...
  Fetched 16 total games
  Regular season finals: 16
  ✓ Saved game_outlook_2009-09-20.csv

Processing 2009-09-21...
  Fetched 4 total games
  Regular season finals: 4
  ✓ Saved game_outlook_2009-09-21.csv

Processing 2009-09-22...
  Fetched 14 total games
  Regular season finals: 14
  ✓ Saved game_outlook_2009-09-22.csv

Processing 2009-09-23...
  Fetched 17 total games
  Regular season finals: 17
  ✓ Saved game_outlook_2009-09-23.csv

Processing 2009-09-24...
  Fetched 12 total games
  Regular season finals: 12
  ✓ Saved game_outlook_2009-09-24.csv

Processing 2009-09-25...
  Fetched 10 total games
  Regular season finals: 10
  ✓ Saved game_outlook_2009-09-25.csv

Processing 2009-09-26...
  Fetched 20 total games
  Regular season finals: 20
  ✓ Saved game_outlook_2009-09-26.csv

Processing 2009-09-27...
  Fetched 19 total games
  Regular season finals: 19
  ✓ Saved game_outlook_2009-09-27.csv

Processing 2009-09-28...
  Fetched 9 total games
  Regular season finals: 8
  ✓ Saved game_outlook_2009-09-28.csv

Processing 2009-09-29...
  Fetched 11 total games
  Regular season finals: 10
  ✓ Saved game_outlook_2009-09-29.csv

Processing 2009-09-30...
  Fetched 16 total games
  Regular season finals: 16
  ✓ Saved game_outlook_2009-09-30.csv

Processing 2009-10-01...
  Fetched 16 total games
  Regular season finals: 16
  ✓ Saved game_outlook_2009-10-01.csv

Processing 2009-10-02...
  Fetched 11 total games
  Regular season finals: 10
  ✓ Saved game_outlook_2009-10-02.csv

Processing 2009-10-03...
  Fetched 18 total games
  Regular season finals: 18
  ✓ Saved game_outlook_2009-10-03.csv

Processing 2009-10-04...
  Fetched 18 total games
  Regular season finals: 18
  ✓ Saved game_outlook_2009-10-04.csv

Processing 2009-10-05...
  Fetched 0 total games
  Regular season finals: 0
  ⚠ No games to save

Processing 2009-10-06...
  Fetched 1 total games
  Regular season finals: 1
  ✓ Saved game_outlook_2009-10-06.csv

Processing 2009-10-07...
  Fetched 2 total games
  Regular season finals: 0
  ⚠ No games to save

================================================================================
✓ Complete: 181 files created, 2430 games total
================================================================================
