nohup: ignoring input
================================================================================
FETCHING HISTORICAL GAME OUTLOOK DATA (2010-2024)
================================================================================

================================================================================
PROCESSING 2010 SEASON
================================================================================
Date range: 2010-04-04 to 2010-10-03
Days to process: 183

  2010-04-14: 10 files, 123 games so far...
  2010-04-24: 20 files, 260 games so far...
  2010-05-04: 30 files, 393 games so far...
  2010-05-14: 40 files, 525 games so far...
  2010-05-24: 50 files, 668 games so far...
  2010-06-03: 60 files, 804 games so far...
  2010-06-13: 70 files, 948 games so far...
  2010-06-23: 80 files, 1064 games so far...
  2010-07-03: 90 files, 1206 games so far...
  2010-07-15: 100 files, 1326 games so far...
  2010-07-25: 110 files, 1475 games so far...
  2010-08-04: 120 files, 1610 games so far...
  2010-08-14: 130 files, 1744 games so far...
  2010-08-24: 140 files, 1875 games so far...
  2010-09-03: 150 files, 2007 games so far...
  2010-09-13: 160 files, 2150 games so far...
  2010-09-23: 170 files, 2281 games so far...
  2010-10-03: 180 files, 2430 games so far...

✓ 2010 Complete: 180 files created, 2430 games total

================================================================================
PROCESSING 2011 SEASON
================================================================================
Date range: 2011-03-31 to 2011-09-28
Days to process: 182

  2011-04-09: 10 files, 114 games so far...
  2011-04-19: 20 files, 244 games so far...
  2011-04-29: 30 files, 376 games so far...
  2011-05-09: 40 files, 513 games so far...
  2011-05-19: 50 files, 645 games so far...
  2011-05-29: 60 files, 787 games so far...
  2011-06-08: 70 files, 920 games so far...
  2011-06-18: 80 files, 1060 games so far...
  2011-06-28: 90 files, 1185 games so far...
  2011-07-08: 100 files, 1329 games so far...
  2011-07-20: 110 files, 1458 games so far...
  2011-07-30: 120 files, 1595 games so far...
  2011-08-09: 130 files, 1726 games so far...
  2011-08-19: 140 files, 1859 games so far...
  2011-08-29: 150 files, 1997 games so far...
  2011-09-08: 160 files, 2138 games so far...
  2011-09-18: 170 files, 2283 games so far...
  2011-09-28: 180 files, 2422 games so far...

✓ 2011 Complete: 180 files created, 2422 games total

================================================================================
PROCESSING 2012 SEASON
================================================================================
Date range: 2012-03-28 to 2012-10-03
Days to process: 190

  2012-04-11: 10 files, 82 games so far...
  2012-04-21: 20 files, 219 games so far...
  2012-05-01: 30 files, 346 games so far...
  2012-05-11: 40 files, 478 games so far...
  2012-05-21: 50 files, 628 games so far...
  2012-05-31: 60 files, 762 games so far...
  2012-06-10: 70 files, 901 games so far...
  2012-06-20: 80 files, 1028 games so far...
  2012-06-30: 90 files, 1167 games so far...
  2012-07-13: 100 files, 1292 games so far...
  2012-07-23: 110 files, 1433 games so far...
  2012-08-02: 120 files, 1571 games so far...
  2012-08-12: 130 files, 1717 games so far...
  2012-08-22: 140 files, 1854 games so far...
  2012-09-01: 150 files, 1989 games so far...
  2012-09-11: 160 files, 2118 games so far...
  2012-09-21: 170 files, 2252 games so far...
  2012-10-01: 180 files, 2393 games so far...

✓ 2012 Complete: 182 files created, 2428 games total

================================================================================
PROCESSING 2013 SEASON
================================================================================
Date range: 2013-03-31 to 2013-09-30
Days to process: 184

  2013-04-10: 10 files, 125 games so far...
  2013-04-20: 20 files, 250 games so far...
  2013-04-30: 30 files, 384 games so far...
  2013-05-10: 40 files, 513 games so far...
  2013-05-20: 50 files, 652 games so far...
  2013-05-30: 60 files, 793 games so far...
  2013-06-09: 70 files, 934 games so far...
  2013-06-19: 80 files, 1067 games so far...
  2013-06-29: 90 files, 1202 games so far...
  2013-07-09: 100 files, 1335 games so far...
  2013-07-22: 110 files, 1464 games so far...
  2013-08-01: 120 files, 1613 games so far...
  2013-08-11: 130 files, 1751 games so far...
  2013-08-21: 140 files, 1889 games so far...
  2013-08-31: 150 files, 2020 games so far...
  2013-09-10: 160 files, 2156 games so far...
  2013-09-20: 170 files, 2298 games so far...

✓ 2013 Complete: 179 files created, 2430 games total

================================================================================
PROCESSING 2014 SEASON
================================================================================
Date range: 2014-03-22 to 2014-09-28
Days to process: 191

  2014-04-07: 10 files, 99 games so far...
  2014-04-17: 20 files, 230 games so far...
  2014-04-27: 30 files, 374 games so far...
  2014-05-07: 40 files, 502 games so far...
  2014-05-17: 50 files, 631 games so far...
  2014-05-27: 60 files, 764 games so far...
  2014-06-06: 70 files, 900 games so far...
  2014-06-16: 80 files, 1040 games so far...
  2014-06-26: 90 files, 1176 games so far...
  2014-07-06: 100 files, 1322 games so far...
  2014-07-19: 110 files, 1451 games so far...
  2014-07-29: 120 files, 1586 games so far...
  2014-08-08: 130 files, 1722 games so far...
  2014-08-18: 140 files, 1859 games so far...
  2014-08-28: 150 files, 1991 games so far...
  2014-09-07: 160 files, 2136 games so far...
  2014-09-17: 170 files, 2269 games so far...
  2014-09-27: 180 files, 2411 games so far...

✓ 2014 Complete: 181 files created, 2430 games total

================================================================================
PROCESSING 2015 SEASON
================================================================================
Date range: 2015-04-05 to 2015-10-04
Days to process: 183

  2015-04-15: 10 files, 126 games so far...
  2015-04-25: 20 files, 257 games so far...
  2015-05-05: 30 files, 389 games so far...
  2015-05-15: 40 files, 525 games so far...
  2015-05-25: 50 files, 672 games so far...
  2015-06-04: 60 files, 803 games so far...
  2015-06-14: 70 files, 946 games so far...
  2015-06-24: 80 files, 1082 games so far...
  2015-07-04: 90 files, 1223 games so far...
  2015-07-17: 100 files, 1346 games so far...
  2015-07-27: 110 files, 1486 games so far...
  2015-08-06: 120 files, 1628 games so far...
  2015-08-16: 130 files, 1766 games so far...
  2015-08-26: 140 files, 1899 games so far...
  2015-09-05: 150 files, 2035 games so far...
  2015-09-15: 160 files, 2173 games so far...
  2015-09-25: 170 files, 2311 games so far...

✓ 2015 Complete: 179 files created, 2449 games total

================================================================================
PROCESSING 2016 SEASON
================================================================================
Date range: 2016-04-03 to 2016-10-02
Days to process: 183

  2016-04-12: 10 files, 105 games so far...
  2016-04-22: 20 files, 237 games so far...
  2016-05-02: 30 files, 374 games so far...
  2016-05-12: 40 files, 510 games so far...
  2016-05-22: 50 files, 653 games so far...
  2016-06-01: 60 files, 788 games so far...
  2016-06-11: 70 files, 925 games so far...
  2016-06-21: 80 files, 1057 games so far...
  2016-07-01: 90 files, 1192 games so far...
  2016-07-11: 100 files, 1331 games so far...
  2016-07-24: 110 files, 1470 games so far...
  2016-08-03: 120 files, 1600 games so far...
  2016-08-13: 130 files, 1736 games so far...
  2016-08-23: 140 files, 1867 games so far...
  2016-09-02: 150 files, 2002 games so far...
  2016-09-12: 160 files, 2145 games so far...
  2016-09-22: 170 files, 2283 games so far...
  2016-10-02: 180 files, 2428 games so far...

✓ 2016 Complete: 180 files created, 2428 games total

================================================================================
PROCESSING 2017 SEASON
================================================================================
Date range: 2017-04-02 to 2017-10-01
Days to process: 183

  2017-04-11: 10 files, 111 games so far...
  2017-04-21: 20 files, 241 games so far...
  2017-05-01: 30 files, 375 games so far...
  2017-05-11: 40 files, 506 games so far...
  2017-05-21: 50 files, 649 games so far...
  2017-05-31: 60 files, 783 games so far...
  2017-06-10: 70 files, 921 games so far...
  2017-06-20: 80 files, 1053 games so far...
  2017-06-30: 90 files, 1189 games so far...
  2017-07-10: 100 files, 1326 games so far...
  2017-07-23: 110 files, 1468 games so far...
  2017-08-02: 120 files, 1596 games so far...
  2017-08-12: 130 files, 1734 games so far...
  2017-08-22: 140 files, 1870 games so far...
  2017-09-01: 150 files, 2006 games so far...
  2017-09-11: 160 files, 2149 games so far...
  2017-09-21: 170 files, 2284 games so far...
  2017-10-01: 180 files, 2431 games so far...

✓ 2017 Complete: 180 files created, 2431 games total

================================================================================
PROCESSING 2018 SEASON
================================================================================
Date range: 2018-03-29 to 2018-10-01
Days to process: 187

  2018-04-07: 10 files, 118 games so far...
  2018-04-17: 20 files, 240 games so far...
  2018-04-27: 30 files, 370 games so far...
  2018-05-07: 40 files, 507 games so far...
  2018-05-17: 50 files, 637 games so far...
  2018-05-27: 60 files, 778 games so far...
  2018-06-06: 70 files, 909 games so far...
  2018-06-16: 80 files, 1044 games so far...
  2018-06-26: 90 files, 1176 games so far...
  2018-07-06: 100 files, 1307 games so far...
  2018-07-19: 110 files, 1445 games so far...
  2018-07-29: 120 files, 1585 games so far...
  2018-08-08: 130 files, 1714 games so far...
  2018-08-18: 140 files, 1850 games so far...
  2018-08-28: 150 files, 1977 games so far...
  2018-09-07: 160 files, 2109 games so far...
  2018-09-17: 170 files, 2247 games so far...
  2018-09-27: 180 files, 2379 games so far...

✓ 2018 Complete: 184 files created, 2432 games total

================================================================================
PROCESSING 2019 SEASON
================================================================================
Date range: 2019-03-20 to 2019-09-29
Days to process: 194

  2019-04-04: 10 files, 100 games so far...
  2019-04-14: 20 files, 231 games so far...
  2019-04-24: 30 files, 361 games so far...
  2019-05-04: 40 files, 488 games so far...
  2019-05-14: 50 files, 616 games so far...
  2019-05-24: 60 files, 745 games so far...
  2019-06-03: 70 files, 882 games so far...
  2019-06-13: 80 files, 1017 games so far...
  2019-06-23: 90 files, 1164 games so far...
  2019-07-03: 100 files, 1282 games so far...
  2019-07-17: 110 files, 1429 games so far...
  2019-07-27: 120 files, 1566 games so far...
  2019-08-06: 130 files, 1696 games so far...
  2019-08-16: 140 files, 1829 games so far...
  2019-08-26: 150 files, 1963 games so far...
  2019-09-05: 160 files, 2102 games so far...
  2019-09-15: 170 files, 2244 games so far...
  2019-09-25: 180 files, 2365 games so far...

✓ 2019 Complete: 184 files created, 2428 games total

================================================================================
PROCESSING 2020 SEASON
================================================================================
Date range: 2020-07-23 to 2020-09-27
Days to process: 67

  2020-08-01: 10 files, 110 games so far...
  2020-08-11: 20 files, 238 games so far...
  2020-08-21: 30 files, 369 games so far...
  2020-08-31: 40 files, 506 games so far...
  2020-09-10: 50 files, 645 games so far...
  2020-09-20: 60 files, 796 games so far...

✓ 2020 Complete: 67 files created, 898 games total

================================================================================
PROCESSING 2021 SEASON
================================================================================
Date range: 2021-04-01 to 2021-10-03
Days to process: 186

  2021-04-10: 10 files, 118 games so far...
  2021-04-20: 20 files, 246 games so far...
  2021-04-30: 30 files, 375 games so far...
  2021-05-10: 40 files, 508 games so far...
  2021-05-20: 50 files, 648 games so far...
  2021-05-30: 60 files, 786 games so far...
  2021-06-09: 70 files, 911 games so far...
  2021-06-19: 80 files, 1048 games so far...
  2021-06-29: 90 files, 1176 games so far...
  2021-07-09: 100 files, 1311 games so far...
  2021-07-23: 110 files, 1452 games so far...
  2021-08-02: 120 files, 1589 games so far...
  2021-08-12: 130 files, 1726 games so far...
  2021-08-22: 140 files, 1867 games so far...
  2021-09-01: 150 files, 1992 games so far...
  2021-09-11: 160 files, 2129 games so far...
  2021-09-21: 170 files, 2261 games so far...
  2021-10-01: 180 files, 2390 games so far...

✓ 2021 Complete: 182 files created, 2429 games total

================================================================================
PROCESSING 2022 SEASON
================================================================================
Date range: 2022-04-07 to 2022-10-05
Days to process: 182

  2022-04-16: 10 files, 125 games so far...
  2022-04-26: 20 files, 255 games so far...
  2022-05-06: 30 files, 383 games so far...
  2022-05-16: 40 files, 525 games so far...
  2022-05-26: 50 files, 661 games so far...
  2022-06-05: 60 files, 810 games so far...
  2022-06-15: 70 files, 940 games so far...
  2022-06-25: 80 files, 1075 games so far...
  2022-07-05: 90 files, 1210 games so far...
  2022-07-15: 100 files, 1348 games so far...
  2022-07-28: 110 files, 1482 games so far...
  2022-08-07: 120 files, 1630 games so far...
  2022-08-17: 130 files, 1760 games so far...
  2022-08-27: 140 files, 1896 games so far...
  2022-09-06: 150 files, 2022 games so far...
  2022-09-16: 160 files, 2157 games so far...
  2022-09-26: 170 files, 2297 games so far...

✓ 2022 Complete: 179 files created, 2430 games total

================================================================================
PROCESSING 2023 SEASON
================================================================================
Date range: 2023-03-30 to 2023-10-01
Days to process: 186

  2023-04-08: 10 files, 123 games so far...
  2023-04-18: 20 files, 258 games so far...
  2023-04-28: 30 files, 389 games so far...
  2023-05-08: 40 files, 525 games so far...
  2023-05-18: 50 files, 658 games so far...
  2023-05-28: 60 files, 800 games so far...
  2023-06-07: 70 files, 925 games so far...
  2023-06-17: 80 files, 1059 games so far...
  2023-06-27: 90 files, 1181 games so far...
  2023-07-07: 100 files, 1320 games so far...
  2023-07-21: 110 files, 1462 games so far...
  2023-07-31: 120 files, 1592 games so far...
  2023-08-10: 130 files, 1731 games so far...
  2023-08-20: 140 files, 1867 games so far...
  2023-08-30: 150 files, 2001 games so far...
  2023-09-09: 160 files, 2129 games so far...
  2023-09-19: 170 files, 2265 games so far...
  2023-09-29: 180 files, 2391 games so far...

✓ 2023 Complete: 182 files created, 2430 games total

================================================================================
PROCESSING 2024 SEASON
================================================================================
Date range: 2024-03-20 to 2024-09-29
Days to process: 194

  2024-04-04: 10 files, 101 games so far...
  2024-04-14: 20 files, 235 games so far...
  2024-04-24: 30 files, 369 games so far...
  2024-05-04: 40 files, 501 games so far...
  2024-05-14: 50 files, 630 games so far...
  2024-05-24: 60 files, 762 games so far...
  2024-06-03: 70 files, 894 games so far...
  2024-06-13: 80 files, 1027 games so far...
  2024-06-23: 90 files, 1166 games so far...
  2024-07-03: 100 files, 1287 games so far...
  2024-07-13: 110 files, 1432 games so far...
  2024-07-27: 120 files, 1572 games so far...
  2024-08-06: 130 files, 1696 games so far...
  2024-08-16: 140 files, 1830 games so far...
  2024-08-26: 150 files, 1969 games so far...
  2024-09-05: 160 files, 2105 games so far...
  2024-09-15: 170 files, 2244 games so far...
  2024-09-25: 180 files, 2370 games so far...

✓ 2024 Complete: 184 files created, 2427 games total

================================================================================
✓ ALL YEARS COMPLETE!
================================================================================
