
============================================================
Fetching MLB Team Boxscores for 2011 Season
============================================================

📊 2011-03-31: Processing 6 games
  ✅ 2011-03-31: Saved 6 games
📊 2011-04-01: Processing 11 games
  ✅ 2011-04-01: Saved 11 games
📊 2011-04-02: Processing 15 games
  ✅ 2011-04-02: Saved 15 games
📊 2011-04-03: Processing 15 games
  ✅ 2011-04-03: Saved 15 games
📊 2011-04-04: Processing 6 games
  ✅ 2011-04-04: Saved 6 games
📊 2011-04-05: Processing 14 games
  ✅ 2011-04-05: Saved 14 games
📊 2011-04-06: Processing 15 games
  ✅ 2011-04-06: Saved 15 games
📊 2011-04-07: Processing 10 games
  ✅ 2011-04-07: Saved 10 games
📊 2011-04-08: Processing 15 games
  ✅ 2011-04-08: Saved 15 games
📊 2011-04-09: Processing 17 games
  ✅ 2011-04-09: Saved 17 games
📊 2011-04-10: Processing 15 games
  ✅ 2011-04-10: Saved 15 games
📊 2011-04-11: Processing 10 games
  ✅ 2011-04-11: Saved 10 games
📊 2011-04-12: Processing 15 games
  ✅ 2011-04-12: Saved 15 games
📊 2011-04-13: Processing 15 games
  ✅ 2011-04-13: Saved 15 games
📊 2011-04-14: Processing 11 games
  ✅ 2011-04-14: Saved 11 games
📊 2011-04-15: Processing 15 games
  ✅ 2011-04-15: Saved 15 games
📊 2011-04-16: Processing 16 games
  ✅ 2011-04-16: Saved 16 games
📊 2011-04-17: Processing 16 games
  ✅ 2011-04-17: Saved 16 games
📊 2011-04-18: Processing 11 games
  ✅ 2011-04-18: Saved 11 games
📊 2011-04-19: Processing 15 games
  ✅ 2011-04-19: Saved 15 games
📊 2011-04-20: Processing 17 games
  ✅ 2011-04-20: Saved 17 games
📊 2011-04-21: Processing 11 games
  ✅ 2011-04-21: Saved 11 games
📊 2011-04-22: Processing 15 games
  ✅ 2011-04-22: Saved 15 games
📊 2011-04-23: Processing 15 games
  ✅ 2011-04-23: Saved 15 games
📊 2011-04-24: Processing 15 games
  ✅ 2011-04-24: Saved 15 games
📊 2011-04-25: Processing 9 games
  ✅ 2011-04-25: Saved 9 games
📊 2011-04-26: Processing 15 games
  ✅ 2011-04-26: Saved 15 games
📊 2011-04-27: Processing 15 games
  ✅ 2011-04-27: Saved 15 games
📊 2011-04-28: Processing 11 games
  ✅ 2011-04-28: Saved 11 games
📊 2011-04-29: Processing 15 games
  ✅ 2011-04-29: Saved 15 games
📊 2011-04-30: Processing 15 games
  ✅ 2011-04-30: Saved 15 games
📊 2011-05-01: Processing 15 games
  ✅ 2011-05-01: Saved 15 games
📊 2011-05-02: Processing 10 games
  ✅ 2011-05-02: Saved 10 games
📊 2011-05-03: Processing 15 games
  ✅ 2011-05-03: Saved 15 games
📊 2011-05-04: Processing 16 games
  ✅ 2011-05-04: Saved 16 games
📊 2011-05-05: Processing 12 games
  ✅ 2011-05-05: Saved 12 games
📊 2011-05-06: Processing 15 games
  ✅ 2011-05-06: Saved 15 games
📊 2011-05-07: Processing 15 games
  ✅ 2011-05-07: Saved 15 games
📊 2011-05-08: Processing 15 games
  ✅ 2011-05-08: Saved 15 games
📊 2011-05-09: Processing 9 games
  ✅ 2011-05-09: Saved 9 games
📊 2011-05-10: Processing 15 games
  ✅ 2011-05-10: Saved 15 games
📊 2011-05-11: Processing 15 games
  ✅ 2011-05-11: Saved 15 games
📊 2011-05-12: Processing 8 games
  ✅ 2011-05-12: Saved 8 games
📊 2011-05-13: Processing 15 games
  ✅ 2011-05-13: Saved 15 games
📊 2011-05-14: Processing 15 games
  ✅ 2011-05-14: Saved 15 games
📊 2011-05-15: Processing 15 games
  ✅ 2011-05-15: Saved 15 games
📊 2011-05-16: Processing 15 games
  ✅ 2011-05-16: Saved 15 games
📊 2011-05-17: Processing 15 games
  ✅ 2011-05-17: Saved 15 games
📊 2011-05-18: Processing 15 games
  ✅ 2011-05-18: Saved 15 games
📊 2011-05-19: Processing 15 games
  ✅ 2011-05-19: Saved 15 games
📊 2011-05-20: Processing 15 games
  ✅ 2011-05-20: Saved 15 games
📊 2011-05-21: Processing 15 games
  ✅ 2011-05-21: Saved 15 games
📊 2011-05-22: Processing 15 games
  ✅ 2011-05-22: Saved 15 games
📊 2011-05-23: Processing 10 games
  ✅ 2011-05-23: Saved 10 games
📊 2011-05-24: Processing 16 games
  ✅ 2011-05-24: Saved 16 games
📊 2011-05-25: Processing 15 games
  ✅ 2011-05-25: Saved 15 games
📊 2011-05-26: Processing 8 games
  ✅ 2011-05-26: Saved 8 games
📊 2011-05-27: Processing 15 games
  ✅ 2011-05-27: Saved 15 games
📊 2011-05-28: Processing 15 games
  ✅ 2011-05-28: Saved 15 games
📊 2011-05-29: Processing 16 games
  ✅ 2011-05-29: Saved 16 games
📊 2011-05-30: Processing 15 games
  ✅ 2011-05-30: Saved 15 games
📊 2011-05-31: Processing 15 games
  ✅ 2011-05-31: Saved 15 games
📊 2011-06-01: Processing 15 games
  ✅ 2011-06-01: Saved 15 games
📊 2011-06-02: Processing 7 games
  ✅ 2011-06-02: Saved 7 games
📊 2011-06-03: Processing 15 games
  ✅ 2011-06-03: Saved 15 games
📊 2011-06-04: Processing 15 games
  ✅ 2011-06-04: Saved 15 games
📊 2011-06-05: Processing 15 games
  ✅ 2011-06-05: Saved 15 games
📊 2011-06-06: Processing 11 games
  ✅ 2011-06-06: Saved 11 games
📊 2011-06-07: Processing 15 games
  ✅ 2011-06-07: Saved 15 games
📊 2011-06-08: Processing 15 games
  ✅ 2011-06-08: Saved 15 games
📊 2011-06-09: Processing 13 games
  ✅ 2011-06-09: Saved 13 games
📊 2011-06-10: Processing 15 games
  ✅ 2011-06-10: Saved 15 games
📊 2011-06-11: Processing 15 games
  ✅ 2011-06-11: Saved 15 games
📊 2011-06-12: Processing 15 games
  ✅ 2011-06-12: Saved 15 games
📊 2011-06-13: Processing 9 games
  ✅ 2011-06-13: Saved 9 games
📊 2011-06-14: Processing 15 games
  ✅ 2011-06-14: Saved 15 games
📊 2011-06-15: Processing 16 games
  ✅ 2011-06-15: Saved 16 games
📊 2011-06-16: Processing 12 games
  ✅ 2011-06-16: Saved 12 games
📊 2011-06-17: Processing 15 games
  ✅ 2011-06-17: Saved 15 games
📊 2011-06-18: Processing 15 games
  ✅ 2011-06-18: Saved 15 games
📊 2011-06-19: Processing 15 games
  ✅ 2011-06-19: Saved 15 games
📊 2011-06-20: Processing 10 games
  ✅ 2011-06-20: Saved 10 games
📊 2011-06-21: Processing 15 games
  ✅ 2011-06-21: Saved 15 games
📊 2011-06-22: Processing 16 games
  ✅ 2011-06-22: Saved 16 games
📊 2011-06-23: Processing 5 games
  ✅ 2011-06-23: Saved 5 games
📊 2011-06-24: Processing 15 games
  ✅ 2011-06-24: Saved 15 games
📊 2011-06-25: Processing 15 games
  ✅ 2011-06-25: Saved 15 games
📊 2011-06-26: Processing 15 games
  ✅ 2011-06-26: Saved 15 games
📊 2011-06-27: Processing 8 games
  ✅ 2011-06-27: Saved 8 games
📊 2011-06-28: Processing 16 games
  ✅ 2011-06-28: Saved 16 games
📊 2011-06-29: Processing 15 games
  ✅ 2011-06-29: Saved 15 games
📊 2011-06-30: Processing 9 games
  ✅ 2011-06-30: Saved 9 games
📊 2011-07-01: Processing 15 games
  ✅ 2011-07-01: Saved 15 games
📊 2011-07-02: Processing 16 games
  ✅ 2011-07-02: Saved 16 games
📊 2011-07-03: Processing 15 games
  ✅ 2011-07-03: Saved 15 games
📊 2011-07-04: Processing 15 games
  ✅ 2011-07-04: Saved 15 games
📊 2011-07-05: Processing 15 games
  ✅ 2011-07-05: Saved 15 games
📊 2011-07-06: Processing 15 games
  ✅ 2011-07-06: Saved 15 games
📊 2011-07-07: Processing 14 games
  ✅ 2011-07-07: Saved 14 games
📊 2011-07-08: Processing 15 games
  ✅ 2011-07-08: Saved 15 games
📊 2011-07-09: Processing 15 games
  ✅ 2011-07-09: Saved 15 games
📊 2011-07-10: Processing 15 games
  ✅ 2011-07-10: Saved 15 games
📊 2011-07-14: Processing 7 games
  ✅ 2011-07-14: Saved 7 games
📊 2011-07-15: Processing 15 games
  ✅ 2011-07-15: Saved 15 games
📊 2011-07-16: Processing 16 games
  ✅ 2011-07-16: Saved 16 games
📊 2011-07-17: Processing 15 games
  ✅ 2011-07-17: Saved 15 games
📊 2011-07-18: Processing 12 games
  ✅ 2011-07-18: Saved 12 games
📊 2011-07-19: Processing 15 games
  ✅ 2011-07-19: Saved 15 games
📊 2011-07-20: Processing 15 games
  ✅ 2011-07-20: Saved 15 games
📊 2011-07-21: Processing 8 games
  ✅ 2011-07-21: Saved 8 games
📊 2011-07-22: Processing 15 games
  ✅ 2011-07-22: Saved 15 games
📊 2011-07-23: Processing 15 games
  ✅ 2011-07-23: Saved 15 games
📊 2011-07-24: Processing 15 games
  ✅ 2011-07-24: Saved 15 games
📊 2011-07-25: Processing 11 games
  ✅ 2011-07-25: Saved 11 games
📊 2011-07-26: Processing 15 games
  ✅ 2011-07-26: Saved 15 games
📊 2011-07-27: Processing 15 games
  ✅ 2011-07-27: Saved 15 games
📊 2011-07-28: Processing 12 games
  ✅ 2011-07-28: Saved 12 games
📊 2011-07-29: Processing 15 games
  ✅ 2011-07-29: Saved 15 games
📊 2011-07-30: Processing 16 games
  ✅ 2011-07-30: Saved 16 games
📊 2011-07-31: Processing 15 games
  ✅ 2011-07-31: Saved 15 games
📊 2011-08-01: Processing 11 games
  ✅ 2011-08-01: Saved 11 games
📊 2011-08-02: Processing 15 games
  ✅ 2011-08-02: Saved 15 games
📊 2011-08-03: Processing 15 games
  ✅ 2011-08-03: Saved 15 games
📊 2011-08-04: Processing 10 games
  ✅ 2011-08-04: Saved 10 games
📊 2011-08-05: Processing 15 games
  ✅ 2011-08-05: Saved 15 games
📊 2011-08-06: Processing 15 games
  ✅ 2011-08-06: Saved 15 games
📊 2011-08-07: Processing 15 games
  ✅ 2011-08-07: Saved 15 games
📊 2011-08-08: Processing 11 games
  ✅ 2011-08-08: Saved 11 games
📊 2011-08-09: Processing 15 games
  ✅ 2011-08-09: Saved 15 games
📊 2011-08-10: Processing 15 games
  ✅ 2011-08-10: Saved 15 games
📊 2011-08-11: Processing 10 games
  ✅ 2011-08-11: Saved 10 games
📊 2011-08-12: Processing 15 games
  ✅ 2011-08-12: Saved 15 games
📊 2011-08-13: Processing 15 games
  ✅ 2011-08-13: Saved 15 games
📊 2011-08-14: Processing 15 games
  ✅ 2011-08-14: Saved 15 games
📊 2011-08-15: Processing 11 games
  ✅ 2011-08-15: Saved 11 games
📊 2011-08-16: Processing 16 games
  ✅ 2011-08-16: Saved 16 games
📊 2011-08-17: Processing 15 games
  ✅ 2011-08-17: Saved 15 games
📊 2011-08-18: Processing 10 games
  ✅ 2011-08-18: Saved 10 games
📊 2011-08-19: Processing 15 games
  ✅ 2011-08-19: Saved 15 games
📊 2011-08-20: Processing 15 games
  ✅ 2011-08-20: Saved 15 games
📊 2011-08-21: Processing 15 games
  ✅ 2011-08-21: Saved 15 games
📊 2011-08-22: Processing 11 games
  ✅ 2011-08-22: Saved 11 games
📊 2011-08-23: Processing 16 games
  ✅ 2011-08-23: Saved 16 games
📊 2011-08-24: Processing 16 games
  ✅ 2011-08-24: Saved 16 games
📊 2011-08-25: Processing 9 games
  ✅ 2011-08-25: Saved 9 games
📊 2011-08-26: Processing 15 games
  ✅ 2011-08-26: Saved 15 games
📊 2011-08-27: Processing 18 games
  ✅ 2011-08-27: Saved 18 games
📊 2011-08-28: Processing 14 games
  ✅ 2011-08-28: Saved 14 games
📊 2011-08-29: Processing 13 games
  ✅ 2011-08-29: Saved 13 games
📊 2011-08-30: Processing 15 games
  ✅ 2011-08-30: Saved 15 games
📊 2011-08-31: Processing 15 games
  ✅ 2011-08-31: Saved 15 games
📊 2011-09-01: Processing 11 games
  ✅ 2011-09-01: Saved 11 games
📊 2011-09-02: Processing 15 games
  ✅ 2011-09-02: Saved 15 games
📊 2011-09-03: Processing 15 games
  ✅ 2011-09-03: Saved 15 games
📊 2011-09-04: Processing 15 games
  ✅ 2011-09-04: Saved 15 games
📊 2011-09-05: Processing 16 games
  ✅ 2011-09-05: Saved 16 games
📊 2011-09-06: Processing 15 games
  ✅ 2011-09-06: Saved 15 games
📊 2011-09-07: Processing 15 games
  ✅ 2011-09-07: Saved 15 games
📊 2011-09-08: Processing 10 games
  ✅ 2011-09-08: Saved 10 games
📊 2011-09-09: Processing 15 games
  ✅ 2011-09-09: Saved 15 games
📊 2011-09-10: Processing 15 games
  ✅ 2011-09-10: Saved 15 games
📊 2011-09-11: Processing 15 games
  ✅ 2011-09-11: Saved 15 games
📊 2011-09-12: Processing 11 games
  ✅ 2011-09-12: Saved 11 games
📊 2011-09-13: Processing 15 games
  ✅ 2011-09-13: Saved 15 games
📊 2011-09-14: Processing 15 games
  ✅ 2011-09-14: Saved 15 games
📊 2011-09-15: Processing 10 games
  ✅ 2011-09-15: Saved 10 games
📊 2011-09-16: Processing 15 games
  ✅ 2011-09-16: Saved 15 games
📊 2011-09-17: Processing 15 games
  ✅ 2011-09-17: Saved 15 games
📊 2011-09-18: Processing 15 games
  ✅ 2011-09-18: Saved 15 games
📊 2011-09-19: Processing 11 games
  ✅ 2011-09-19: Saved 11 games
📊 2011-09-20: Processing 17 games
  ✅ 2011-09-20: Saved 17 games
📊 2011-09-21: Processing 16 games
  ✅ 2011-09-21: Saved 16 games
📊 2011-09-22: Processing 10 games
  ✅ 2011-09-22: Saved 10 games
📊 2011-09-23: Processing 15 games
  ✅ 2011-09-23: Saved 15 games
📊 2011-09-24: Processing 17 games
  ✅ 2011-09-24: Saved 17 games
📊 2011-09-25: Processing 16 games
  ✅ 2011-09-25: Saved 16 games
📊 2011-09-26: Processing 15 games
  ✅ 2011-09-26: Saved 15 games
📊 2011-09-27: Processing 15 games
  ✅ 2011-09-27: Saved 15 games
📊 2011-09-28: Processing 15 games
  ✅ 2011-09-28: Saved 15 games

============================================================
✅ Complete! Processed 179 dates with 2481 total games
📁 Output location: /workspaces/MLB-Model/data/2011_data/mlb_data/raw/boxscores
============================================================

