================================================================================
FETCHING STARTING PITCHER BOXSCORES FOR MISSING GAMES
================================================================================

================================================================================
YEAR 2015
================================================================================

  Fetching starting pitcher data for game 415766...
    ✅ Added 2 pitcher(s) to existing file

================================================================================
YEAR 2016
================================================================================

  Fetching starting pitcher data for game 449187...
    ⚠️  No starting pitcher data found

  Fetching starting pitcher data for game 449246...
    ⚠️  No starting pitcher data found

================================================================================
YEAR 2018
================================================================================

  Fetching starting pitcher data for game 531548...
    ⚠️  No starting pitcher data found

================================================================================
YEAR 2019
================================================================================

  Fetching starting pitcher data for game 567304...
    ⚠️  No starting pitcher data found

================================================================================
YEAR 2020
================================================================================

  Fetching starting pitcher data for game 631472...
    ⚠️  No starting pitcher data found

  Fetching starting pitcher data for game 631471...
    ⚠️  No starting pitcher data found

================================================================================
YEAR 2021
================================================================================

  Fetching starting pitcher data for game 632457...
    ✅ Added 2 pitcher(s) to existing file

================================================================================
YEAR 2024
================================================================================

  Fetching starting pitcher data for game 746577...
    ✅ Added 2 pitcher(s) to existing file

================================================================================
COMPLETE: Added 6 starting pitcher records
================================================================================
