nohup: ignoring input
===================================================================
Finishing MLB Starting Pitcher Boxscores (2018-2009)
===================================================================

-------------------------------------------------------------------
Starting year: 2018
-------------------------------------------------------------------

============================================================
Fetching MLB Starting Pitcher Boxscores for 2018 Season
============================================================

📂 Found 184 boxscore files to process

📊 2018-03-29: Processing 15 games
  ✅ 2018-03-29: Saved 15 games
📊 2018-03-30: Processing 11 games
  ✅ 2018-03-30: Saved 11 games
📊 2018-03-31: Processing 15 games
  ✅ 2018-03-31: Saved 15 games
📊 2018-04-01: Processing 13 games
  ✅ 2018-04-01: Saved 13 games
📊 2018-04-02: Processing 14 games
  ✅ 2018-04-02: Saved 14 games
📊 2018-04-03: Processing 14 games
  ✅ 2018-04-03: Saved 14 games
📊 2018-04-04: Processing 13 games
  ✅ 2018-04-04: Saved 13 games
📊 2018-04-05: Processing 11 games
  ✅ 2018-04-05: Saved 11 games
📊 2018-04-06: Processing 9 games
  ✅ 2018-04-06: Saved 9 games
📊 2018-04-07: Processing 15 games
  ✅ 2018-04-07: Saved 15 games
📊 2018-04-08: Processing 15 games
  ✅ 2018-04-08: Saved 15 games
📊 2018-04-09: Processing 13 games
  ✅ 2018-04-09: Saved 13 games
📊 2018-04-10: Processing 15 games
  ✅ 2018-04-10: Saved 15 games
📊 2018-04-11: Processing 15 games
  ✅ 2018-04-11: Saved 15 games
📊 2018-04-12: Processing 8 games
  ✅ 2018-04-12: Saved 8 games
📊 2018-04-13: Processing 15 games
  ✅ 2018-04-13: Saved 15 games
📊 2018-04-14: Processing 15 games
  ✅ 2018-04-14: Saved 15 games
📊 2018-04-15: Processing 16 games
  ✅ 2018-04-15: Saved 16 games
📊 2018-04-16: Processing 12 games
  ✅ 2018-04-16: Saved 12 games
📊 2018-04-17: Processing 16 games
  ✅ 2018-04-17: Saved 16 games
📊 2018-04-18: Processing 14 games
  ✅ 2018-04-18: Saved 14 games
📊 2018-04-19: Processing 9 games
  ✅ 2018-04-19: Saved 9 games
📊 2018-04-20: Processing 16 games
  ✅ 2018-04-20: Saved 16 games
📊 2018-04-21: Processing 15 games
  ✅ 2018-04-21: Saved 15 games
📊 2018-04-22: Processing 15 games
  ✅ 2018-04-22: Saved 15 games
📊 2018-04-23: Processing 9 games
  ✅ 2018-04-23: Saved 9 games
📊 2018-04-24: Processing 15 games
  ✅ 2018-04-24: Saved 15 games
📊 2018-04-25: Processing 16 games
  ✅ 2018-04-25: Saved 16 games
📊 2018-04-26: Processing 10 games
  ✅ 2018-04-26: Saved 10 games
📊 2018-04-27: Processing 15 games
  ✅ 2018-04-27: Saved 15 games
📊 2018-04-28: Processing 17 games
  ✅ 2018-04-28: Saved 17 games
📊 2018-04-29: Processing 15 games
  ✅ 2018-04-29: Saved 15 games
📊 2018-04-30: Processing 11 games
  ✅ 2018-04-30: Saved 11 games
📊 2018-05-01: Processing 15 games
  ✅ 2018-05-01: Saved 15 games
📊 2018-05-02: Processing 15 games
  ✅ 2018-05-02: Saved 15 games
📊 2018-05-03: Processing 11 games
  ✅ 2018-05-03: Saved 11 games
📊 2018-05-04: Processing 15 games
  ✅ 2018-05-04: Saved 15 games
📊 2018-05-05: Processing 15 games
  ✅ 2018-05-05: Saved 15 games
📊 2018-05-06: Processing 15 games
  ✅ 2018-05-06: Saved 15 games
📊 2018-05-07: Processing 7 games
  ✅ 2018-05-07: Saved 7 games
📊 2018-05-08: Processing 15 games
  ✅ 2018-05-08: Saved 15 games
📊 2018-05-09: Processing 14 games
  ✅ 2018-05-09: Saved 14 games
📊 2018-05-10: Processing 10 games
  ✅ 2018-05-10: Saved 10 games
📊 2018-05-11: Processing 15 games
  ✅ 2018-05-11: Saved 15 games
📊 2018-05-12: Processing 17 games
  ✅ 2018-05-12: Saved 17 games
📊 2018-05-13: Processing 15 games
  ✅ 2018-05-13: Saved 15 games
📊 2018-05-14: Processing 9 games
  ✅ 2018-05-14: Saved 9 games
📊 2018-05-15: Processing 15 games
  ✅ 2018-05-15: Saved 15 games
📊 2018-05-16: Processing 14 games
  ✅ 2018-05-16: Saved 14 games
📊 2018-05-17: Processing 10 games
  ✅ 2018-05-17: Saved 10 games
📊 2018-05-18: Processing 15 games
  ✅ 2018-05-18: Saved 15 games
📊 2018-05-19: Processing 17 games
  ✅ 2018-05-19: Saved 17 games
📊 2018-05-20: Processing 15 games
  ✅ 2018-05-20: Saved 15 games
📊 2018-05-21: Processing 9 games
  ✅ 2018-05-21: Saved 9 games
📊 2018-05-22: Processing 15 games
  ✅ 2018-05-22: Saved 15 games
📊 2018-05-23: Processing 15 games
  ✅ 2018-05-23: Saved 15 games
📊 2018-05-24: Processing 8 games
  ✅ 2018-05-24: Saved 8 games
📊 2018-05-25: Processing 15 games
  ✅ 2018-05-25: Saved 15 games
📊 2018-05-26: Processing 15 games
  ✅ 2018-05-26: Saved 15 games
📊 2018-05-27: Processing 15 games
  ✅ 2018-05-27: Saved 15 games
📊 2018-05-28: Processing 16 games
  ✅ 2018-05-28: Saved 16 games
📊 2018-05-29: Processing 15 games
  ✅ 2018-05-29: Saved 15 games
📊 2018-05-30: Processing 15 games
  ✅ 2018-05-30: Saved 15 games
📊 2018-05-31: Processing 11 games
  ✅ 2018-05-31: Saved 11 games
📊 2018-06-01: Processing 15 games
  ✅ 2018-06-01: Saved 15 games
📊 2018-06-02: Processing 15 games
  ✅ 2018-06-02: Saved 15 games
📊 2018-06-03: Processing 15 games
  ✅ 2018-06-03: Saved 15 games
📊 2018-06-04: Processing 5 games
  ✅ 2018-06-04: Saved 5 games
📊 2018-06-05: Processing 16 games
  ✅ 2018-06-05: Saved 16 games
📊 2018-06-06: Processing 15 games
  ✅ 2018-06-06: Saved 15 games
📊 2018-06-07: Processing 10 games
  ✅ 2018-06-07: Saved 10 games
📊 2018-06-08: Processing 15 games
  ✅ 2018-06-08: Saved 15 games
📊 2018-06-09: Processing 15 games
  ✅ 2018-06-09: Saved 15 games
📊 2018-06-10: Processing 15 games
  ✅ 2018-06-10: Saved 15 games
📊 2018-06-11: Processing 8 games
  ✅ 2018-06-11: Saved 8 games
📊 2018-06-12: Processing 15 games
  ✅ 2018-06-12: Saved 15 games
📊 2018-06-13: Processing 15 games
  ✅ 2018-06-13: Saved 15 games
📊 2018-06-14: Processing 9 games
  ✅ 2018-06-14: Saved 9 games
📊 2018-06-15: Processing 15 games
  ✅ 2018-06-15: Saved 15 games
📊 2018-06-16: Processing 15 games
  ✅ 2018-06-16: Saved 15 games
📊 2018-06-17: Processing 15 games
  ✅ 2018-06-17: Saved 15 games
📊 2018-06-18: Processing 11 games
  ✅ 2018-06-18: Saved 11 games
📊 2018-06-19: Processing 16 games
  ✅ 2018-06-19: Saved 16 games
📊 2018-06-20: Processing 14 games
  ✅ 2018-06-20: Saved 14 games
📊 2018-06-21: Processing 10 games
  ✅ 2018-06-21: Saved 10 games
📊 2018-06-22: Processing 16 games
  ✅ 2018-06-22: Saved 16 games
📊 2018-06-23: Processing 15 games
  ✅ 2018-06-23: Saved 15 games
📊 2018-06-24: Processing 15 games
  ✅ 2018-06-24: Saved 15 games
📊 2018-06-25: Processing 12 games
  ✅ 2018-06-25: Saved 12 games
📊 2018-06-26: Processing 15 games
  ✅ 2018-06-26: Saved 15 games
📊 2018-06-27: Processing 14 games
  ✅ 2018-06-27: Saved 14 games
📊 2018-06-28: Processing 10 games
  ✅ 2018-06-28: Saved 10 games
📊 2018-06-29: Processing 15 games
  ✅ 2018-06-29: Saved 15 games
📊 2018-06-30: Processing 15 games
  ✅ 2018-06-30: Saved 15 games
📊 2018-07-01: Processing 15 games
  ✅ 2018-07-01: Saved 15 games
📊 2018-07-02: Processing 10 games
  ✅ 2018-07-02: Saved 10 games
📊 2018-07-03: Processing 15 games
  ✅ 2018-07-03: Saved 15 games
📊 2018-07-04: Processing 15 games
  ✅ 2018-07-04: Saved 15 games
📊 2018-07-05: Processing 8 games
  ✅ 2018-07-05: Saved 8 games
📊 2018-07-06: Processing 15 games
  ✅ 2018-07-06: Saved 15 games
📊 2018-07-07: Processing 15 games
  ✅ 2018-07-07: Saved 15 games
📊 2018-07-08: Processing 15 games
  ✅ 2018-07-08: Saved 15 games
📊 2018-07-09: Processing 13 games
  ✅ 2018-07-09: Saved 13 games
📊 2018-07-10: Processing 15 games
  ✅ 2018-07-10: Saved 15 games
📊 2018-07-11: Processing 15 games
  ✅ 2018-07-11: Saved 15 games
📊 2018-07-12: Processing 10 games
  ✅ 2018-07-12: Saved 10 games
📊 2018-07-13: Processing 15 games
  ✅ 2018-07-13: Saved 15 games
📊 2018-07-14: Processing 16 games
  ✅ 2018-07-14: Saved 16 games
📊 2018-07-15: Processing 15 games
  ✅ 2018-07-15: Saved 15 games
📊 2018-07-19: Processing 1 games
  ✅ 2018-07-19: Saved 1 games
📊 2018-07-20: Processing 15 games
  ✅ 2018-07-20: Saved 15 games
📊 2018-07-21: Processing 16 games
  ✅ 2018-07-21: Saved 16 games
📊 2018-07-22: Processing 16 games
  ✅ 2018-07-22: Saved 16 games
📊 2018-07-23: Processing 13 games
  ✅ 2018-07-23: Saved 13 games
📊 2018-07-24: Processing 15 games
  ✅ 2018-07-24: Saved 15 games
📊 2018-07-25: Processing 14 games
  ✅ 2018-07-25: Saved 14 games
📊 2018-07-26: Processing 11 games
  ✅ 2018-07-26: Saved 11 games
📊 2018-07-27: Processing 15 games
  ✅ 2018-07-27: Saved 15 games
📊 2018-07-28: Processing 16 games
  ✅ 2018-07-28: Saved 16 games
📊 2018-07-29: Processing 15 games
  ✅ 2018-07-29: Saved 15 games
📊 2018-07-30: Processing 9 games
  ✅ 2018-07-30: Saved 9 games
📊 2018-07-31: Processing 15 games
  ✅ 2018-07-31: Saved 15 games
📊 2018-08-01: Processing 12 games
  ✅ 2018-08-01: Saved 12 games
📊 2018-08-02: Processing 12 games
  ✅ 2018-08-02: Saved 12 games
📊 2018-08-03: Processing 15 games
  ✅ 2018-08-03: Saved 15 games
📊 2018-08-04: Processing 16 games
  ✅ 2018-08-04: Saved 16 games
📊 2018-08-05: Processing 15 games
  ✅ 2018-08-05: Saved 15 games
📊 2018-08-06: Processing 10 games
  ✅ 2018-08-06: Saved 10 games
📊 2018-08-07: Processing 16 games
  ✅ 2018-08-07: Saved 16 games
📊 2018-08-08: Processing 14 games
  ✅ 2018-08-08: Saved 14 games
📊 2018-08-09: Processing 9 games
  ✅ 2018-08-09: Saved 9 games
📊 2018-08-10: Processing 15 games
  ✅ 2018-08-10: Saved 15 games
📊 2018-08-11: Processing 16 games
  ✅ 2018-08-11: Saved 16 games
📊 2018-08-12: Processing 15 games
  ✅ 2018-08-12: Saved 15 games
📊 2018-08-13: Processing 11 games
  ✅ 2018-08-13: Saved 11 games
📊 2018-08-14: Processing 15 games
  ✅ 2018-08-14: Saved 15 games
📊 2018-08-15: Processing 14 games
  ✅ 2018-08-15: Saved 14 games
📊 2018-08-16: Processing 10 games
  ✅ 2018-08-16: Saved 10 games
📊 2018-08-17: Processing 15 games
  ✅ 2018-08-17: Saved 15 games
📊 2018-08-18: Processing 15 games
  ✅ 2018-08-18: Saved 15 games
📊 2018-08-19: Processing 15 games
  ✅ 2018-08-19: Saved 15 games
📊 2018-08-20: Processing 10 games
  ✅ 2018-08-20: Saved 10 games
📊 2018-08-21: Processing 15 games
  ✅ 2018-08-21: Saved 15 games
📊 2018-08-22: Processing 15 games
  ✅ 2018-08-22: Saved 15 games
📊 2018-08-23: Processing 9 games
  ✅ 2018-08-23: Saved 9 games
📊 2018-08-24: Processing 15 games
  ✅ 2018-08-24: Saved 15 games
📊 2018-08-25: Processing 16 games
  ✅ 2018-08-25: Saved 16 games
📊 2018-08-26: Processing 15 games
  ✅ 2018-08-26: Saved 15 games
📊 2018-08-27: Processing 7 games
  ✅ 2018-08-27: Saved 7 games
📊 2018-08-28: Processing 15 games
  ✅ 2018-08-28: Saved 15 games
📊 2018-08-29: Processing 15 games
  ✅ 2018-08-29: Saved 15 games
📊 2018-08-30: Processing 10 games
  ✅ 2018-08-30: Saved 10 games
📊 2018-08-31: Processing 15 games
  ✅ 2018-08-31: Saved 15 games
📊 2018-09-01: Processing 15 games
  ✅ 2018-09-01: Saved 15 games
📊 2018-09-02: Processing 15 games
  ✅ 2018-09-02: Saved 15 games
📊 2018-09-03: Processing 15 games
  ✅ 2018-09-03: Saved 15 games
📊 2018-09-04: Processing 15 games
  ✅ 2018-09-04: Saved 15 games
📊 2018-09-05: Processing 14 games
  ✅ 2018-09-05: Saved 14 games
📊 2018-09-06: Processing 4 games
  ✅ 2018-09-06: Saved 4 games
📊 2018-09-07: Processing 15 games
  ✅ 2018-09-07: Saved 15 games
📊 2018-09-08: Processing 16 games
  ✅ 2018-09-08: Saved 16 games
📊 2018-09-09: Processing 15 games
  ✅ 2018-09-09: Saved 15 games
📊 2018-09-10: Processing 12 games
  ✅ 2018-09-10: Saved 12 games
📊 2018-09-11: Processing 16 games
  ✅ 2018-09-11: Saved 16 games
📊 2018-09-12: Processing 16 games
  ✅ 2018-09-12: Saved 16 games
📊 2018-09-13: Processing 9 games
  ✅ 2018-09-13: Saved 9 games
📊 2018-09-14: Processing 15 games
  ✅ 2018-09-14: Saved 15 games
📊 2018-09-15: Processing 15 games
  ✅ 2018-09-15: Saved 15 games
📊 2018-09-16: Processing 15 games
  ✅ 2018-09-16: Saved 15 games
📊 2018-09-17: Processing 12 games
  ✅ 2018-09-17: Saved 12 games
📊 2018-09-18: Processing 15 games
  ✅ 2018-09-18: Saved 15 games
📊 2018-09-19: Processing 14 games
  ✅ 2018-09-19: Saved 14 games
📊 2018-09-20: Processing 8 games
  ✅ 2018-09-20: Saved 8 games
📊 2018-09-21: Processing 15 games
  ✅ 2018-09-21: Saved 15 games
📊 2018-09-22: Processing 15 games
  ✅ 2018-09-22: Saved 15 games
📊 2018-09-23: Processing 15 games
  ✅ 2018-09-23: Saved 15 games
📊 2018-09-24: Processing 12 games
  ✅ 2018-09-24: Saved 12 games
📊 2018-09-25: Processing 15 games
  ✅ 2018-09-25: Saved 15 games
📊 2018-09-26: Processing 16 games
  ✅ 2018-09-26: Saved 16 games
📊 2018-09-27: Processing 8 games
  ✅ 2018-09-27: Saved 8 games
📊 2018-09-28: Processing 16 games
  ✅ 2018-09-28: Saved 16 games
📊 2018-09-29: Processing 16 games
  ✅ 2018-09-29: Saved 16 games
📊 2018-09-30: Processing 15 games
  ✅ 2018-09-30: Saved 15 games
📊 2018-10-01: Processing 2 games
  ✅ 2018-10-01: Saved 2 games

============================================================
✅ Complete! Processed 184 dates with 2487 total games
📁 Output location: /workspaces/MLB-Model/data/2018_data/mlb_data/raw/starting_pitcher_boxscores
============================================================


✅ Completed 2018: 184 / 184 files (latest: starting_pitcher_boxscores_2018-10-01.csv)

-------------------------------------------------------------------
Starting year: 2017
-------------------------------------------------------------------

============================================================
Fetching MLB Starting Pitcher Boxscores for 2017 Season
============================================================

📂 Found 179 boxscore files to process

📊 2017-04-02: Processing 3 games
  ✅ 2017-04-02: Saved 3 games
📊 2017-04-03: Processing 12 games
  ✅ 2017-04-03: Saved 12 games
📊 2017-04-04: Processing 9 games
  ✅ 2017-04-04: Saved 9 games
📊 2017-04-05: Processing 15 games
  ✅ 2017-04-05: Saved 15 games
📊 2017-04-06: Processing 13 games
  ✅ 2017-04-06: Saved 13 games
📊 2017-04-07: Processing 15 games
  ✅ 2017-04-07: Saved 15 games
📊 2017-04-08: Processing 15 games
  ✅ 2017-04-08: Saved 15 games
📊 2017-04-09: Processing 15 games
  ✅ 2017-04-09: Saved 15 games
📊 2017-04-10: Processing 10 games
  ✅ 2017-04-10: Saved 10 games
📊 2017-04-11: Processing 12 games
  ✅ 2017-04-11: Saved 12 games
📊 2017-04-12: Processing 15 games
  ✅ 2017-04-12: Saved 15 games
📊 2017-04-13: Processing 11 games
  ✅ 2017-04-13: Saved 11 games
📊 2017-04-14: Processing 15 games
  ✅ 2017-04-14: Saved 15 games
📊 2017-04-15: Processing 15 games
  ✅ 2017-04-15: Saved 15 games
📊 2017-04-16: Processing 15 games
  ✅ 2017-04-16: Saved 15 games
📊 2017-04-17: Processing 10 games
  ✅ 2017-04-17: Saved 10 games
📊 2017-04-18: Processing 15 games
  ✅ 2017-04-18: Saved 15 games
📊 2017-04-19: Processing 15 games
  ✅ 2017-04-19: Saved 15 games
📊 2017-04-20: Processing 11 games
  ✅ 2017-04-20: Saved 11 games
📊 2017-04-21: Processing 15 games
  ✅ 2017-04-21: Saved 15 games
📊 2017-04-22: Processing 15 games
  ✅ 2017-04-22: Saved 15 games
📊 2017-04-23: Processing 15 games
  ✅ 2017-04-23: Saved 15 games
📊 2017-04-24: Processing 9 games
  ✅ 2017-04-24: Saved 9 games
📊 2017-04-25: Processing 15 games
  ✅ 2017-04-25: Saved 15 games
📊 2017-04-26: Processing 15 games
  ✅ 2017-04-26: Saved 15 games
📊 2017-04-27: Processing 11 games
  ✅ 2017-04-27: Saved 11 games
📊 2017-04-28: Processing 15 games
  ✅ 2017-04-28: Saved 15 games
📊 2017-04-29: Processing 15 games
  ✅ 2017-04-29: Saved 15 games
📊 2017-04-30: Processing 15 games
  ✅ 2017-04-30: Saved 15 games
📊 2017-05-01: Processing 11 games
  ✅ 2017-05-01: Saved 11 games
📊 2017-05-02: Processing 15 games
  ✅ 2017-05-02: Saved 15 games
📊 2017-05-03: Processing 15 games
  ✅ 2017-05-03: Saved 15 games
📊 2017-05-04: Processing 13 games
  ✅ 2017-05-04: Saved 13 games
📊 2017-05-05: Processing 15 games
  ✅ 2017-05-05: Saved 15 games
📊 2017-05-06: Processing 15 games
  ✅ 2017-05-06: Saved 15 games
📊 2017-05-07: Processing 15 games
  ✅ 2017-05-07: Saved 15 games
📊 2017-05-08: Processing 10 games
  ✅ 2017-05-08: Saved 10 games
📊 2017-05-09: Processing 16 games
  ✅ 2017-05-09: Saved 16 games
📊 2017-05-10: Processing 14 games
  ✅ 2017-05-10: Saved 14 games
📊 2017-05-11: Processing 11 games
  ✅ 2017-05-11: Saved 11 games
📊 2017-05-12: Processing 15 games
  ✅ 2017-05-12: Saved 15 games
📊 2017-05-13: Processing 15 games
  ✅ 2017-05-13: Saved 15 games
📊 2017-05-14: Processing 17 games
  ✅ 2017-05-14: Saved 17 games
📊 2017-05-15: Processing 8 games
  ✅ 2017-05-15: Saved 8 games
📊 2017-05-16: Processing 15 games
  ✅ 2017-05-16: Saved 15 games
📊 2017-05-17: Processing 15 games
  ✅ 2017-05-17: Saved 15 games
📊 2017-05-18: Processing 12 games
  ✅ 2017-05-18: Saved 12 games
📊 2017-05-19: Processing 15 games
  ✅ 2017-05-19: Saved 15 games
📊 2017-05-20: Processing 15 games
  ✅ 2017-05-20: Saved 15 games
📊 2017-05-21: Processing 16 games
  ✅ 2017-05-21: Saved 16 games
📊 2017-05-22: Processing 9 games
  ✅ 2017-05-22: Saved 9 games
📊 2017-05-23: Processing 15 games
  ✅ 2017-05-23: Saved 15 games
📊 2017-05-24: Processing 15 games
  ✅ 2017-05-24: Saved 15 games
📊 2017-05-25: Processing 12 games
  ✅ 2017-05-25: Saved 12 games
📊 2017-05-26: Processing 16 games
  ✅ 2017-05-26: Saved 16 games
📊 2017-05-27: Processing 16 games
  ✅ 2017-05-27: Saved 16 games
📊 2017-05-28: Processing 15 games
  ✅ 2017-05-28: Saved 15 games
📊 2017-05-29: Processing 15 games
  ✅ 2017-05-29: Saved 15 games
📊 2017-05-30: Processing 15 games
  ✅ 2017-05-30: Saved 15 games
📊 2017-05-31: Processing 15 games
  ✅ 2017-05-31: Saved 15 games
📊 2017-06-01: Processing 8 games
  ✅ 2017-06-01: Saved 8 games
📊 2017-06-02: Processing 15 games
  ✅ 2017-06-02: Saved 15 games
📊 2017-06-03: Processing 15 games
  ✅ 2017-06-03: Saved 15 games
📊 2017-06-04: Processing 15 games
  ✅ 2017-06-04: Saved 15 games
📊 2017-06-05: Processing 7 games
  ✅ 2017-06-05: Saved 7 games
📊 2017-06-06: Processing 15 games
  ✅ 2017-06-06: Saved 15 games
📊 2017-06-07: Processing 15 games
  ✅ 2017-06-07: Saved 15 games
📊 2017-06-08: Processing 12 games
  ✅ 2017-06-08: Saved 12 games
📊 2017-06-09: Processing 15 games
  ✅ 2017-06-09: Saved 15 games
📊 2017-06-10: Processing 17 games
  ✅ 2017-06-10: Saved 17 games
📊 2017-06-11: Processing 15 games
  ✅ 2017-06-11: Saved 15 games
📊 2017-06-12: Processing 9 games
  ✅ 2017-06-12: Saved 9 games
📊 2017-06-13: Processing 16 games
  ✅ 2017-06-13: Saved 16 games
📊 2017-06-14: Processing 15 games
  ✅ 2017-06-14: Saved 15 games
📊 2017-06-15: Processing 10 games
  ✅ 2017-06-15: Saved 10 games
📊 2017-06-16: Processing 15 games
  ✅ 2017-06-16: Saved 15 games
📊 2017-06-17: Processing 16 games
  ✅ 2017-06-17: Saved 16 games
📊 2017-06-18: Processing 15 games
  ✅ 2017-06-18: Saved 15 games
📊 2017-06-19: Processing 11 games
  ✅ 2017-06-19: Saved 11 games
📊 2017-06-20: Processing 15 games
  ✅ 2017-06-20: Saved 15 games
📊 2017-06-21: Processing 15 games
  ✅ 2017-06-21: Saved 15 games
📊 2017-06-22: Processing 12 games
  ✅ 2017-06-22: Saved 12 games
📊 2017-06-23: Processing 15 games
  ✅ 2017-06-23: Saved 15 games
📊 2017-06-24: Processing 15 games
  ✅ 2017-06-24: Saved 15 games
📊 2017-06-25: Processing 15 games
  ✅ 2017-06-25: Saved 15 games
📊 2017-06-26: Processing 8 games
  ✅ 2017-06-26: Saved 8 games
📊 2017-06-27: Processing 15 games
  ✅ 2017-06-27: Saved 15 games
📊 2017-06-28: Processing 15 games
  ✅ 2017-06-28: Saved 15 games
📊 2017-06-29: Processing 13 games
  ✅ 2017-06-29: Saved 13 games
📊 2017-06-30: Processing 15 games
  ✅ 2017-06-30: Saved 15 games
📊 2017-07-01: Processing 17 games
  ✅ 2017-07-01: Saved 17 games
📊 2017-07-02: Processing 15 games
  ✅ 2017-07-02: Saved 15 games
📊 2017-07-03: Processing 10 games
  ✅ 2017-07-03: Saved 10 games
📊 2017-07-04: Processing 15 games
  ✅ 2017-07-04: Saved 15 games
📊 2017-07-05: Processing 15 games
  ✅ 2017-07-05: Saved 15 games
📊 2017-07-06: Processing 12 games
  ✅ 2017-07-06: Saved 12 games
📊 2017-07-07: Processing 15 games
  ✅ 2017-07-07: Saved 15 games
📊 2017-07-08: Processing 15 games
  ✅ 2017-07-08: Saved 15 games
📊 2017-07-09: Processing 15 games
  ✅ 2017-07-09: Saved 15 games
📊 2017-07-14: Processing 15 games
  ✅ 2017-07-14: Saved 15 games
📊 2017-07-15: Processing 15 games
  ✅ 2017-07-15: Saved 15 games
📊 2017-07-16: Processing 16 games
  ✅ 2017-07-16: Saved 16 games
📊 2017-07-17: Processing 13 games
  ✅ 2017-07-17: Saved 13 games
📊 2017-07-18: Processing 15 games
  ✅ 2017-07-18: Saved 15 games
📊 2017-07-19: Processing 15 games
  ✅ 2017-07-19: Saved 15 games
📊 2017-07-20: Processing 9 games
  ✅ 2017-07-20: Saved 9 games
📊 2017-07-21: Processing 15 games
  ✅ 2017-07-21: Saved 15 games
📊 2017-07-22: Processing 15 games
  ✅ 2017-07-22: Saved 15 games
📊 2017-07-23: Processing 15 games
  ✅ 2017-07-23: Saved 15 games
📊 2017-07-24: Processing 13 games
  ✅ 2017-07-24: Saved 13 games
📊 2017-07-25: Processing 15 games
  ✅ 2017-07-25: Saved 15 games
📊 2017-07-26: Processing 15 games
  ✅ 2017-07-26: Saved 15 games
📊 2017-07-27: Processing 8 games
  ✅ 2017-07-27: Saved 8 games
📊 2017-07-28: Processing 15 games
  ✅ 2017-07-28: Saved 15 games
📊 2017-07-29: Processing 15 games
  ✅ 2017-07-29: Saved 15 games
📊 2017-07-30: Processing 16 games
  ✅ 2017-07-30: Saved 16 games
📊 2017-07-31: Processing 9 games
  ✅ 2017-07-31: Saved 9 games
📊 2017-08-01: Processing 15 games
  ✅ 2017-08-01: Saved 15 games
📊 2017-08-02: Processing 15 games
  ✅ 2017-08-02: Saved 15 games
📊 2017-08-03: Processing 13 games
  ✅ 2017-08-03: Saved 13 games
📊 2017-08-04: Processing 15 games
  ✅ 2017-08-04: Saved 15 games
📊 2017-08-05: Processing 15 games
  ✅ 2017-08-05: Saved 15 games
📊 2017-08-06: Processing 16 games
  ✅ 2017-08-06: Saved 16 games
📊 2017-08-07: Processing 7 games
  ✅ 2017-08-07: Saved 7 games
📊 2017-08-08: Processing 15 games
  ✅ 2017-08-08: Saved 15 games
📊 2017-08-09: Processing 15 games
  ✅ 2017-08-09: Saved 15 games
📊 2017-08-10: Processing 12 games
  ✅ 2017-08-10: Saved 12 games
📊 2017-08-11: Processing 15 games
  ✅ 2017-08-11: Saved 15 games
📊 2017-08-12: Processing 15 games
  ✅ 2017-08-12: Saved 15 games
📊 2017-08-13: Processing 16 games
  ✅ 2017-08-13: Saved 16 games
📊 2017-08-14: Processing 11 games
  ✅ 2017-08-14: Saved 11 games
📊 2017-08-15: Processing 15 games
  ✅ 2017-08-15: Saved 15 games
📊 2017-08-16: Processing 15 games
  ✅ 2017-08-16: Saved 15 games
📊 2017-08-17: Processing 11 games
  ✅ 2017-08-17: Saved 11 games
📊 2017-08-18: Processing 15 games
  ✅ 2017-08-18: Saved 15 games
📊 2017-08-19: Processing 15 games
  ✅ 2017-08-19: Saved 15 games
📊 2017-08-20: Processing 15 games
  ✅ 2017-08-20: Saved 15 games
📊 2017-08-21: Processing 9 games
  ✅ 2017-08-21: Saved 9 games
📊 2017-08-22: Processing 16 games
  ✅ 2017-08-22: Saved 16 games
📊 2017-08-23: Processing 15 games
  ✅ 2017-08-23: Saved 15 games
📊 2017-08-24: Processing 12 games
  ✅ 2017-08-24: Saved 12 games
📊 2017-08-25: Processing 15 games
  ✅ 2017-08-25: Saved 15 games
📊 2017-08-26: Processing 15 games
  ✅ 2017-08-26: Saved 15 games
📊 2017-08-27: Processing 16 games
  ✅ 2017-08-27: Saved 16 games
📊 2017-08-28: Processing 10 games
  ✅ 2017-08-28: Saved 10 games
📊 2017-08-29: Processing 15 games
  ✅ 2017-08-29: Saved 15 games
📊 2017-08-30: Processing 17 games
  ✅ 2017-08-30: Saved 17 games
📊 2017-08-31: Processing 10 games
  ✅ 2017-08-31: Saved 10 games
📊 2017-09-01: Processing 16 games
  ✅ 2017-09-01: Saved 16 games
📊 2017-09-02: Processing 17 games
  ✅ 2017-09-02: Saved 17 games
📊 2017-09-03: Processing 15 games
  ✅ 2017-09-03: Saved 15 games
📊 2017-09-04: Processing 15 games
  ✅ 2017-09-04: Saved 15 games
📊 2017-09-05: Processing 15 games
  ✅ 2017-09-05: Saved 15 games
📊 2017-09-06: Processing 16 games
  ✅ 2017-09-06: Saved 16 games
📊 2017-09-07: Processing 9 games
  ✅ 2017-09-07: Saved 9 games
📊 2017-09-08: Processing 15 games
  ✅ 2017-09-08: Saved 15 games
📊 2017-09-09: Processing 16 games
  ✅ 2017-09-09: Saved 16 games
📊 2017-09-10: Processing 15 games
  ✅ 2017-09-10: Saved 15 games
📊 2017-09-11: Processing 8 games
  ✅ 2017-09-11: Saved 8 games
📊 2017-09-12: Processing 15 games
  ✅ 2017-09-12: Saved 15 games
📊 2017-09-13: Processing 15 games
  ✅ 2017-09-13: Saved 15 games
📊 2017-09-14: Processing 12 games
  ✅ 2017-09-14: Saved 12 games
📊 2017-09-15: Processing 15 games
  ✅ 2017-09-15: Saved 15 games
📊 2017-09-16: Processing 15 games
  ✅ 2017-09-16: Saved 15 games
📊 2017-09-17: Processing 15 games
  ✅ 2017-09-17: Saved 15 games
📊 2017-09-18: Processing 7 games
  ✅ 2017-09-18: Saved 7 games
📊 2017-09-19: Processing 15 games
  ✅ 2017-09-19: Saved 15 games
📊 2017-09-20: Processing 15 games
  ✅ 2017-09-20: Saved 15 games
📊 2017-09-21: Processing 11 games
  ✅ 2017-09-21: Saved 11 games
📊 2017-09-22: Processing 15 games
  ✅ 2017-09-22: Saved 15 games
📊 2017-09-23: Processing 15 games
  ✅ 2017-09-23: Saved 15 games
📊 2017-09-24: Processing 15 games
  ✅ 2017-09-24: Saved 15 games
📊 2017-09-25: Processing 12 games
  ✅ 2017-09-25: Saved 12 games
📊 2017-09-26: Processing 15 games
  ✅ 2017-09-26: Saved 15 games
📊 2017-09-27: Processing 15 games
  ✅ 2017-09-27: Saved 15 games
📊 2017-09-28: Processing 10 games
  ✅ 2017-09-28: Saved 10 games
📊 2017-09-29: Processing 15 games
  ✅ 2017-09-29: Saved 15 games
📊 2017-09-30: Processing 15 games
  ✅ 2017-09-30: Saved 15 games
📊 2017-10-01: Processing 15 games
  ✅ 2017-10-01: Saved 15 games

============================================================
✅ Complete! Processed 179 dates with 2469 total games
📁 Output location: /workspaces/MLB-Model/data/2017_data/mlb_data/raw/starting_pitcher_boxscores
============================================================


✅ Completed 2017: 179 / 179 files (latest: starting_pitcher_boxscores_2017-10-01.csv)

-------------------------------------------------------------------
Starting year: 2016
-------------------------------------------------------------------

============================================================
Fetching MLB Starting Pitcher Boxscores for 2016 Season
============================================================

📂 Found 180 boxscore files to process

📊 2016-04-03: Processing 3 games
  ✅ 2016-04-03: Saved 3 games
📊 2016-04-04: Processing 12 games
  ✅ 2016-04-04: Saved 12 games
📊 2016-04-05: Processing 12 games
  ✅ 2016-04-05: Saved 12 games
📊 2016-04-06: Processing 13 games
  ✅ 2016-04-06: Saved 13 games
📊 2016-04-07: Processing 9 games
  ✅ 2016-04-07: Saved 9 games
📊 2016-04-08: Processing 14 games
  ✅ 2016-04-08: Saved 14 games
📊 2016-04-09: Processing 15 games
  ✅ 2016-04-09: Saved 15 games
📊 2016-04-10: Processing 15 games
  ✅ 2016-04-10: Saved 15 games
📊 2016-04-11: Processing 11 games
  ✅ 2016-04-11: Saved 11 games
📊 2016-04-12: Processing 12 games
  ✅ 2016-04-12: Saved 12 games
📊 2016-04-13: Processing 15 games
  ✅ 2016-04-13: Saved 15 games
📊 2016-04-14: Processing 12 games
  ✅ 2016-04-14: Saved 12 games
📊 2016-04-15: Processing 15 games
  ✅ 2016-04-15: Saved 15 games
📊 2016-04-16: Processing 15 games
  ✅ 2016-04-16: Saved 15 games
📊 2016-04-17: Processing 15 games
  ✅ 2016-04-17: Saved 15 games
📊 2016-04-18: Processing 8 games
  ✅ 2016-04-18: Saved 8 games
📊 2016-04-19: Processing 15 games
  ✅ 2016-04-19: Saved 15 games
📊 2016-04-20: Processing 15 games
  ✅ 2016-04-20: Saved 15 games
📊 2016-04-21: Processing 13 games
  ✅ 2016-04-21: Saved 13 games
📊 2016-04-22: Processing 15 games
  ✅ 2016-04-22: Saved 15 games
📊 2016-04-23: Processing 15 games
  ✅ 2016-04-23: Saved 15 games
📊 2016-04-24: Processing 15 games
  ✅ 2016-04-24: Saved 15 games
📊 2016-04-25: Processing 13 games
  ✅ 2016-04-25: Saved 13 games
📊 2016-04-26: Processing 15 games
  ✅ 2016-04-26: Saved 15 games
📊 2016-04-27: Processing 15 games
  ✅ 2016-04-27: Saved 15 games
📊 2016-04-28: Processing 8 games
  ✅ 2016-04-28: Saved 8 games
📊 2016-04-29: Processing 15 games
  ✅ 2016-04-29: Saved 15 games
📊 2016-04-30: Processing 15 games
  ✅ 2016-04-30: Saved 15 games
📊 2016-05-01: Processing 15 games
  ✅ 2016-05-01: Saved 15 games
📊 2016-05-02: Processing 10 games
  ✅ 2016-05-02: Saved 10 games
📊 2016-05-03: Processing 15 games
  ✅ 2016-05-03: Saved 15 games
📊 2016-05-04: Processing 15 games
  ✅ 2016-05-04: Saved 15 games
📊 2016-05-05: Processing 11 games
  ✅ 2016-05-05: Saved 11 games
📊 2016-05-06: Processing 15 games
  ✅ 2016-05-06: Saved 15 games
📊 2016-05-07: Processing 16 games
  ✅ 2016-05-07: Saved 16 games
📊 2016-05-08: Processing 15 games
  ✅ 2016-05-08: Saved 15 games
📊 2016-05-09: Processing 13 games
  ✅ 2016-05-09: Saved 13 games
📊 2016-05-10: Processing 15 games
  ✅ 2016-05-10: Saved 15 games
📊 2016-05-11: Processing 16 games
  ✅ 2016-05-11: Saved 16 games
📊 2016-05-12: Processing 8 games
  ✅ 2016-05-12: Saved 8 games
📊 2016-05-13: Processing 15 games
  ✅ 2016-05-13: Saved 15 games
📊 2016-05-14: Processing 16 games
  ✅ 2016-05-14: Saved 16 games
📊 2016-05-15: Processing 15 games
  ✅ 2016-05-15: Saved 15 games
📊 2016-05-16: Processing 9 games
  ✅ 2016-05-16: Saved 9 games
📊 2016-05-17: Processing 15 games
  ✅ 2016-05-17: Saved 15 games
📊 2016-05-18: Processing 16 games
  ✅ 2016-05-18: Saved 16 games
📊 2016-05-19: Processing 11 games
  ✅ 2016-05-19: Saved 11 games
📊 2016-05-20: Processing 15 games
  ✅ 2016-05-20: Saved 15 games
📊 2016-05-21: Processing 15 games
  ✅ 2016-05-21: Saved 15 games
📊 2016-05-22: Processing 15 games
  ✅ 2016-05-22: Saved 15 games
📊 2016-05-23: Processing 12 games
  ✅ 2016-05-23: Saved 12 games
📊 2016-05-24: Processing 15 games
  ✅ 2016-05-24: Saved 15 games
📊 2016-05-25: Processing 15 games
  ✅ 2016-05-25: Saved 15 games
📊 2016-05-26: Processing 8 games
  ✅ 2016-05-26: Saved 8 games
📊 2016-05-27: Processing 15 games
  ✅ 2016-05-27: Saved 15 games
📊 2016-05-28: Processing 15 games
  ✅ 2016-05-28: Saved 15 games
📊 2016-05-29: Processing 15 games
  ✅ 2016-05-29: Saved 15 games
📊 2016-05-30: Processing 15 games
  ✅ 2016-05-30: Saved 15 games
📊 2016-05-31: Processing 15 games
  ✅ 2016-05-31: Saved 15 games
📊 2016-06-01: Processing 15 games
  ✅ 2016-06-01: Saved 15 games
📊 2016-06-02: Processing 11 games
  ✅ 2016-06-02: Saved 11 games
📊 2016-06-03: Processing 15 games
  ✅ 2016-06-03: Saved 15 games
📊 2016-06-04: Processing 15 games
  ✅ 2016-06-04: Saved 15 games
📊 2016-06-05: Processing 15 games
  ✅ 2016-06-05: Saved 15 games
📊 2016-06-06: Processing 10 games
  ✅ 2016-06-06: Saved 10 games
📊 2016-06-07: Processing 16 games
  ✅ 2016-06-07: Saved 16 games
📊 2016-06-08: Processing 15 games
  ✅ 2016-06-08: Saved 15 games
📊 2016-06-09: Processing 9 games
  ✅ 2016-06-09: Saved 9 games
📊 2016-06-10: Processing 15 games
  ✅ 2016-06-10: Saved 15 games
📊 2016-06-11: Processing 15 games
  ✅ 2016-06-11: Saved 15 games
📊 2016-06-12: Processing 15 games
  ✅ 2016-06-12: Saved 15 games
📊 2016-06-13: Processing 10 games
  ✅ 2016-06-13: Saved 10 games
📊 2016-06-14: Processing 15 games
  ✅ 2016-06-14: Saved 15 games
📊 2016-06-15: Processing 15 games
  ✅ 2016-06-15: Saved 15 games
📊 2016-06-16: Processing 10 games
  ✅ 2016-06-16: Saved 10 games
📊 2016-06-17: Processing 15 games
  ✅ 2016-06-17: Saved 15 games
📊 2016-06-18: Processing 15 games
  ✅ 2016-06-18: Saved 15 games
📊 2016-06-19: Processing 15 games
  ✅ 2016-06-19: Saved 15 games
📊 2016-06-20: Processing 10 games
  ✅ 2016-06-20: Saved 10 games
📊 2016-06-21: Processing 15 games
  ✅ 2016-06-21: Saved 15 games
📊 2016-06-22: Processing 15 games
  ✅ 2016-06-22: Saved 15 games
📊 2016-06-23: Processing 9 games
  ✅ 2016-06-23: Saved 9 games
📊 2016-06-24: Processing 15 games
  ✅ 2016-06-24: Saved 15 games
📊 2016-06-25: Processing 16 games
  ✅ 2016-06-25: Saved 16 games
📊 2016-06-26: Processing 15 games
  ✅ 2016-06-26: Saved 15 games
📊 2016-06-27: Processing 11 games
  ✅ 2016-06-27: Saved 11 games
📊 2016-06-28: Processing 15 games
  ✅ 2016-06-28: Saved 15 games
📊 2016-06-29: Processing 15 games
  ✅ 2016-06-29: Saved 15 games
📊 2016-06-30: Processing 11 games
  ✅ 2016-06-30: Saved 11 games
📊 2016-07-01: Processing 15 games
  ✅ 2016-07-01: Saved 15 games
📊 2016-07-02: Processing 15 games
  ✅ 2016-07-02: Saved 15 games
📊 2016-07-03: Processing 15 games
  ✅ 2016-07-03: Saved 15 games
📊 2016-07-04: Processing 15 games
  ✅ 2016-07-04: Saved 15 games
📊 2016-07-05: Processing 15 games
  ✅ 2016-07-05: Saved 15 games
📊 2016-07-06: Processing 15 games
  ✅ 2016-07-06: Saved 15 games
📊 2016-07-07: Processing 11 games
  ✅ 2016-07-07: Saved 11 games
📊 2016-07-08: Processing 15 games
  ✅ 2016-07-08: Saved 15 games
📊 2016-07-09: Processing 15 games
  ✅ 2016-07-09: Saved 15 games
📊 2016-07-10: Processing 15 games
  ✅ 2016-07-10: Saved 15 games
📊 2016-07-15: Processing 15 games
  ✅ 2016-07-15: Saved 15 games
📊 2016-07-16: Processing 15 games
  ✅ 2016-07-16: Saved 15 games
📊 2016-07-17: Processing 15 games
  ✅ 2016-07-17: Saved 15 games
📊 2016-07-18: Processing 11 games
  ✅ 2016-07-18: Saved 11 games
📊 2016-07-19: Processing 15 games
  ✅ 2016-07-19: Saved 15 games
📊 2016-07-20: Processing 16 games
  ✅ 2016-07-20: Saved 16 games
📊 2016-07-21: Processing 9 games
  ✅ 2016-07-21: Saved 9 games
📊 2016-07-22: Processing 15 games
  ✅ 2016-07-22: Saved 15 games
📊 2016-07-23: Processing 15 games
  ✅ 2016-07-23: Saved 15 games
📊 2016-07-24: Processing 16 games
  ✅ 2016-07-24: Saved 16 games
📊 2016-07-25: Processing 11 games
  ✅ 2016-07-25: Saved 11 games
📊 2016-07-26: Processing 16 games
  ✅ 2016-07-26: Saved 16 games
📊 2016-07-27: Processing 15 games
  ✅ 2016-07-27: Saved 15 games
📊 2016-07-28: Processing 9 games
  ✅ 2016-07-28: Saved 9 games
📊 2016-07-29: Processing 15 games
  ✅ 2016-07-29: Saved 15 games
📊 2016-07-30: Processing 15 games
  ✅ 2016-07-30: Saved 15 games
📊 2016-07-31: Processing 15 games
  ✅ 2016-07-31: Saved 15 games
📊 2016-08-01: Processing 8 games
  ✅ 2016-08-01: Saved 8 games
📊 2016-08-02: Processing 15 games
  ✅ 2016-08-02: Saved 15 games
📊 2016-08-03: Processing 15 games
  ✅ 2016-08-03: Saved 15 games
📊 2016-08-04: Processing 12 games
  ✅ 2016-08-04: Saved 12 games
📊 2016-08-05: Processing 15 games
  ✅ 2016-08-05: Saved 15 games
📊 2016-08-06: Processing 15 games
  ✅ 2016-08-06: Saved 15 games
📊 2016-08-07: Processing 15 games
  ✅ 2016-08-07: Saved 15 games
📊 2016-08-08: Processing 9 games
  ✅ 2016-08-08: Saved 9 games
📊 2016-08-09: Processing 15 games
  ✅ 2016-08-09: Saved 15 games
📊 2016-08-10: Processing 15 games
  ✅ 2016-08-10: Saved 15 games
📊 2016-08-11: Processing 11 games
  ✅ 2016-08-11: Saved 11 games
📊 2016-08-12: Processing 15 games
  ✅ 2016-08-12: Saved 15 games
📊 2016-08-13: Processing 15 games
  ✅ 2016-08-13: Saved 15 games
📊 2016-08-14: Processing 15 games
  ✅ 2016-08-14: Saved 15 games
📊 2016-08-15: Processing 10 games
  ✅ 2016-08-15: Saved 10 games
📊 2016-08-16: Processing 16 games
  ✅ 2016-08-16: Saved 16 games
📊 2016-08-17: Processing 15 games
  ✅ 2016-08-17: Saved 15 games
📊 2016-08-18: Processing 11 games
  ✅ 2016-08-18: Saved 11 games
📊 2016-08-19: Processing 15 games
  ✅ 2016-08-19: Saved 15 games
📊 2016-08-20: Processing 15 games
  ✅ 2016-08-20: Saved 15 games
📊 2016-08-21: Processing 15 games
  ✅ 2016-08-21: Saved 15 games
📊 2016-08-22: Processing 9 games
  ✅ 2016-08-22: Saved 9 games
📊 2016-08-23: Processing 15 games
  ✅ 2016-08-23: Saved 15 games
📊 2016-08-24: Processing 15 games
  ✅ 2016-08-24: Saved 15 games
📊 2016-08-25: Processing 11 games
  ✅ 2016-08-25: Saved 11 games
📊 2016-08-26: Processing 15 games
  ✅ 2016-08-26: Saved 15 games
📊 2016-08-27: Processing 15 games
  ✅ 2016-08-27: Saved 15 games
📊 2016-08-28: Processing 15 games
  ✅ 2016-08-28: Saved 15 games
📊 2016-08-29: Processing 13 games
  ✅ 2016-08-29: Saved 13 games
📊 2016-08-30: Processing 15 games
  ✅ 2016-08-30: Saved 15 games
📊 2016-08-31: Processing 16 games
  ✅ 2016-08-31: Saved 16 games
📊 2016-09-01: Processing 4 games
  ✅ 2016-09-01: Saved 4 games
📊 2016-09-02: Processing 15 games
  ✅ 2016-09-02: Saved 15 games
📊 2016-09-03: Processing 15 games
  ✅ 2016-09-03: Saved 15 games
📊 2016-09-04: Processing 15 games
  ✅ 2016-09-04: Saved 15 games
📊 2016-09-05: Processing 15 games
  ✅ 2016-09-05: Saved 15 games
📊 2016-09-06: Processing 15 games
  ✅ 2016-09-06: Saved 15 games
📊 2016-09-07: Processing 15 games
  ✅ 2016-09-07: Saved 15 games
📊 2016-09-08: Processing 7 games
  ✅ 2016-09-08: Saved 7 games
📊 2016-09-09: Processing 15 games
  ✅ 2016-09-09: Saved 15 games
📊 2016-09-10: Processing 15 games
  ✅ 2016-09-10: Saved 15 games
📊 2016-09-11: Processing 15 games
  ✅ 2016-09-11: Saved 15 games
📊 2016-09-12: Processing 15 games
  ✅ 2016-09-12: Saved 15 games
📊 2016-09-13: Processing 15 games
  ✅ 2016-09-13: Saved 15 games
📊 2016-09-14: Processing 15 games
  ✅ 2016-09-14: Saved 15 games
📊 2016-09-15: Processing 10 games
  ✅ 2016-09-15: Saved 10 games
📊 2016-09-16: Processing 15 games
  ✅ 2016-09-16: Saved 15 games
📊 2016-09-17: Processing 16 games
  ✅ 2016-09-17: Saved 16 games
📊 2016-09-18: Processing 15 games
  ✅ 2016-09-18: Saved 15 games
📊 2016-09-19: Processing 11 games
  ✅ 2016-09-19: Saved 11 games
📊 2016-09-20: Processing 15 games
  ✅ 2016-09-20: Saved 15 games
📊 2016-09-21: Processing 15 games
  ✅ 2016-09-21: Saved 15 games
📊 2016-09-22: Processing 11 games
  ✅ 2016-09-22: Saved 11 games
📊 2016-09-23: Processing 15 games
  ✅ 2016-09-23: Saved 15 games
📊 2016-09-24: Processing 15 games
  ✅ 2016-09-24: Saved 15 games
📊 2016-09-25: Processing 15 games
  ✅ 2016-09-25: Saved 15 games
📊 2016-09-26: Processing 10 games
  ✅ 2016-09-26: Saved 10 games
📊 2016-09-27: Processing 15 games
  ✅ 2016-09-27: Saved 15 games
📊 2016-09-28: Processing 15 games
  ✅ 2016-09-28: Saved 15 games
📊 2016-09-29: Processing 12 games
  ✅ 2016-09-29: Saved 12 games
📊 2016-09-30: Processing 15 games
  ✅ 2016-09-30: Saved 15 games
📊 2016-10-01: Processing 15 games
  ✅ 2016-10-01: Saved 15 games
📊 2016-10-02: Processing 15 games
  ✅ 2016-10-02: Saved 15 games
📊 2016-10-03: Processing 1 games
  ✅ 2016-10-03: Saved 1 games

============================================================
✅ Complete! Processed 180 dates with 2456 total games
📁 Output location: /workspaces/MLB-Model/data/2016_data/mlb_data/raw/starting_pitcher_boxscores
============================================================


✅ Completed 2016: 180 / 180 files (latest: starting_pitcher_boxscores_2016-10-03.csv)

-------------------------------------------------------------------
Starting year: 2015
-------------------------------------------------------------------

============================================================
Fetching MLB Starting Pitcher Boxscores for 2015 Season
============================================================

📂 Found 179 boxscore files to process

📊 2015-04-05: Processing 1 games
  ✅ 2015-04-05: Saved 1 games
📊 2015-04-06: Processing 14 games
  ✅ 2015-04-06: Saved 14 games
📊 2015-04-07: Processing 8 games
  ✅ 2015-04-07: Saved 8 games
📊 2015-04-08: Processing 15 games
  ✅ 2015-04-08: Saved 15 games
📊 2015-04-09: Processing 9 games
  ✅ 2015-04-09: Saved 9 games
📊 2015-04-10: Processing 15 games
  ✅ 2015-04-10: Saved 15 games
📊 2015-04-11: Processing 15 games
  ✅ 2015-04-11: Saved 15 games
📊 2015-04-12: Processing 15 games
  ✅ 2015-04-12: Saved 15 games
📊 2015-04-13: Processing 14 games
  ✅ 2015-04-13: Saved 14 games
📊 2015-04-14: Processing 13 games
  ✅ 2015-04-14: Saved 13 games
📊 2015-04-15: Processing 15 games
  ✅ 2015-04-15: Saved 15 games
📊 2015-04-16: Processing 6 games
  ✅ 2015-04-16: Saved 6 games
📊 2015-04-17: Processing 15 games
  ✅ 2015-04-17: Saved 15 games
📊 2015-04-18: Processing 15 games
  ✅ 2015-04-18: Saved 15 games
📊 2015-04-19: Processing 15 games
  ✅ 2015-04-19: Saved 15 games
📊 2015-04-20: Processing 9 games
  ✅ 2015-04-20: Saved 9 games
📊 2015-04-21: Processing 15 games
  ✅ 2015-04-21: Saved 15 games
📊 2015-04-22: Processing 15 games
  ✅ 2015-04-22: Saved 15 games
📊 2015-04-23: Processing 12 games
  ✅ 2015-04-23: Saved 12 games
📊 2015-04-24: Processing 15 games
  ✅ 2015-04-24: Saved 15 games
📊 2015-04-25: Processing 15 games
  ✅ 2015-04-25: Saved 15 games
📊 2015-04-26: Processing 16 games
  ✅ 2015-04-26: Saved 16 games
📊 2015-04-27: Processing 14 games
  ✅ 2015-04-27: Saved 14 games
📊 2015-04-28: Processing 15 games
  ✅ 2015-04-28: Saved 15 games
📊 2015-04-29: Processing 15 games
  ✅ 2015-04-29: Saved 15 games
📊 2015-04-30: Processing 8 games
  ✅ 2015-04-30: Saved 8 games
📊 2015-05-01: Processing 15 games
  ✅ 2015-05-01: Saved 15 games
📊 2015-05-02: Processing 15 games
  ✅ 2015-05-02: Saved 15 games
📊 2015-05-03: Processing 15 games
  ✅ 2015-05-03: Saved 15 games
📊 2015-05-04: Processing 11 games
  ✅ 2015-05-04: Saved 11 games
📊 2015-05-05: Processing 15 games
  ✅ 2015-05-05: Saved 15 games
📊 2015-05-06: Processing 16 games
  ✅ 2015-05-06: Saved 16 games
📊 2015-05-07: Processing 11 games
  ✅ 2015-05-07: Saved 11 games
📊 2015-05-08: Processing 15 games
  ✅ 2015-05-08: Saved 15 games
📊 2015-05-09: Processing 16 games
  ✅ 2015-05-09: Saved 16 games
📊 2015-05-10: Processing 15 games
  ✅ 2015-05-10: Saved 15 games
📊 2015-05-11: Processing 10 games
  ✅ 2015-05-11: Saved 10 games
📊 2015-05-12: Processing 15 games
  ✅ 2015-05-12: Saved 15 games
📊 2015-05-13: Processing 15 games
  ✅ 2015-05-13: Saved 15 games
📊 2015-05-14: Processing 11 games
  ✅ 2015-05-14: Saved 11 games
📊 2015-05-15: Processing 15 games
  ✅ 2015-05-15: Saved 15 games
📊 2015-05-16: Processing 15 games
  ✅ 2015-05-16: Saved 15 games
📊 2015-05-17: Processing 15 games
  ✅ 2015-05-17: Saved 15 games
📊 2015-05-18: Processing 7 games
  ✅ 2015-05-18: Saved 7 games
📊 2015-05-19: Processing 15 games
  ✅ 2015-05-19: Saved 15 games
📊 2015-05-20: Processing 15 games
  ✅ 2015-05-20: Saved 15 games
📊 2015-05-21: Processing 12 games
  ✅ 2015-05-21: Saved 12 games
📊 2015-05-22: Processing 15 games
  ✅ 2015-05-22: Saved 15 games
📊 2015-05-23: Processing 16 games
  ✅ 2015-05-23: Saved 16 games
📊 2015-05-24: Processing 15 games
  ✅ 2015-05-24: Saved 15 games
📊 2015-05-25: Processing 15 games
  ✅ 2015-05-25: Saved 15 games
📊 2015-05-26: Processing 15 games
  ✅ 2015-05-26: Saved 15 games
📊 2015-05-27: Processing 15 games
  ✅ 2015-05-27: Saved 15 games
📊 2015-05-28: Processing 8 games
  ✅ 2015-05-28: Saved 8 games
📊 2015-05-29: Processing 15 games
  ✅ 2015-05-29: Saved 15 games
📊 2015-05-30: Processing 15 games
  ✅ 2015-05-30: Saved 15 games
📊 2015-05-31: Processing 15 games
  ✅ 2015-05-31: Saved 15 games
📊 2015-06-01: Processing 11 games
  ✅ 2015-06-01: Saved 11 games
📊 2015-06-02: Processing 17 games
  ✅ 2015-06-02: Saved 17 games
📊 2015-06-03: Processing 16 games
  ✅ 2015-06-03: Saved 16 games
📊 2015-06-04: Processing 10 games
  ✅ 2015-06-04: Saved 10 games
📊 2015-06-05: Processing 15 games
  ✅ 2015-06-05: Saved 15 games
📊 2015-06-06: Processing 15 games
  ✅ 2015-06-06: Saved 15 games
📊 2015-06-07: Processing 15 games
  ✅ 2015-06-07: Saved 15 games
📊 2015-06-08: Processing 8 games
  ✅ 2015-06-08: Saved 8 games
📊 2015-06-09: Processing 15 games
  ✅ 2015-06-09: Saved 15 games
📊 2015-06-10: Processing 15 games
  ✅ 2015-06-10: Saved 15 games
📊 2015-06-11: Processing 9 games
  ✅ 2015-06-11: Saved 9 games
📊 2015-06-12: Processing 15 games
  ✅ 2015-06-12: Saved 15 games
📊 2015-06-13: Processing 15 games
  ✅ 2015-06-13: Saved 15 games
📊 2015-06-14: Processing 15 games
  ✅ 2015-06-14: Saved 15 games
📊 2015-06-15: Processing 15 games
  ✅ 2015-06-15: Saved 15 games
📊 2015-06-16: Processing 15 games
  ✅ 2015-06-16: Saved 15 games
📊 2015-06-17: Processing 15 games
  ✅ 2015-06-17: Saved 15 games
📊 2015-06-18: Processing 15 games
  ✅ 2015-06-18: Saved 15 games
📊 2015-06-19: Processing 15 games
  ✅ 2015-06-19: Saved 15 games
📊 2015-06-20: Processing 15 games
  ✅ 2015-06-20: Saved 15 games
📊 2015-06-21: Processing 15 games
  ✅ 2015-06-21: Saved 15 games
📊 2015-06-22: Processing 7 games
  ✅ 2015-06-22: Saved 7 games
📊 2015-06-23: Processing 15 games
  ✅ 2015-06-23: Saved 15 games
📊 2015-06-24: Processing 15 games
  ✅ 2015-06-24: Saved 15 games
📊 2015-06-25: Processing 11 games
  ✅ 2015-06-25: Saved 11 games
📊 2015-06-26: Processing 15 games
  ✅ 2015-06-26: Saved 15 games
📊 2015-06-27: Processing 15 games
  ✅ 2015-06-27: Saved 15 games
📊 2015-06-28: Processing 18 games
  ✅ 2015-06-28: Saved 18 games
📊 2015-06-29: Processing 9 games
  ✅ 2015-06-29: Saved 9 games
📊 2015-06-30: Processing 15 games
  ✅ 2015-06-30: Saved 15 games
📊 2015-07-01: Processing 15 games
  ✅ 2015-07-01: Saved 15 games
📊 2015-07-02: Processing 12 games
  ✅ 2015-07-02: Saved 12 games
📊 2015-07-03: Processing 15 games
  ✅ 2015-07-03: Saved 15 games
📊 2015-07-04: Processing 15 games
  ✅ 2015-07-04: Saved 15 games
📊 2015-07-05: Processing 15 games
  ✅ 2015-07-05: Saved 15 games
📊 2015-07-06: Processing 11 games
  ✅ 2015-07-06: Saved 11 games
📊 2015-07-07: Processing 17 games
  ✅ 2015-07-07: Saved 17 games
📊 2015-07-08: Processing 15 games
  ✅ 2015-07-08: Saved 15 games
📊 2015-07-09: Processing 10 games
  ✅ 2015-07-09: Saved 10 games
📊 2015-07-10: Processing 15 games
  ✅ 2015-07-10: Saved 15 games
📊 2015-07-11: Processing 15 games
  ✅ 2015-07-11: Saved 15 games
📊 2015-07-12: Processing 15 games
  ✅ 2015-07-12: Saved 15 games
📊 2015-07-17: Processing 16 games
  ✅ 2015-07-17: Saved 16 games
📊 2015-07-18: Processing 16 games
  ✅ 2015-07-18: Saved 16 games
📊 2015-07-19: Processing 15 games
  ✅ 2015-07-19: Saved 15 games
📊 2015-07-20: Processing 11 games
  ✅ 2015-07-20: Saved 11 games
📊 2015-07-21: Processing 15 games
  ✅ 2015-07-21: Saved 15 games
📊 2015-07-22: Processing 16 games
  ✅ 2015-07-22: Saved 16 games
📊 2015-07-23: Processing 11 games
  ✅ 2015-07-23: Saved 11 games
📊 2015-07-24: Processing 15 games
  ✅ 2015-07-24: Saved 15 games
📊 2015-07-25: Processing 15 games
  ✅ 2015-07-25: Saved 15 games
📊 2015-07-26: Processing 15 games
  ✅ 2015-07-26: Saved 15 games
📊 2015-07-27: Processing 9 games
  ✅ 2015-07-27: Saved 9 games
📊 2015-07-28: Processing 15 games
  ✅ 2015-07-28: Saved 15 games
📊 2015-07-29: Processing 15 games
  ✅ 2015-07-29: Saved 15 games
📊 2015-07-30: Processing 13 games
  ✅ 2015-07-30: Saved 13 games
📊 2015-07-31: Processing 15 games
  ✅ 2015-07-31: Saved 15 games
📊 2015-08-01: Processing 15 games
  ✅ 2015-08-01: Saved 15 games
📊 2015-08-02: Processing 15 games
  ✅ 2015-08-02: Saved 15 games
📊 2015-08-03: Processing 11 games
  ✅ 2015-08-03: Saved 11 games
📊 2015-08-04: Processing 15 games
  ✅ 2015-08-04: Saved 15 games
📊 2015-08-05: Processing 15 games
  ✅ 2015-08-05: Saved 15 games
📊 2015-08-06: Processing 10 games
  ✅ 2015-08-06: Saved 10 games
📊 2015-08-07: Processing 15 games
  ✅ 2015-08-07: Saved 15 games
📊 2015-08-08: Processing 15 games
  ✅ 2015-08-08: Saved 15 games
📊 2015-08-09: Processing 15 games
  ✅ 2015-08-09: Saved 15 games
📊 2015-08-10: Processing 7 games
  ✅ 2015-08-10: Saved 7 games
📊 2015-08-11: Processing 15 games
  ✅ 2015-08-11: Saved 15 games
📊 2015-08-12: Processing 15 games
  ✅ 2015-08-12: Saved 15 games
📊 2015-08-13: Processing 9 games
  ✅ 2015-08-13: Saved 9 games
📊 2015-08-14: Processing 15 games
  ✅ 2015-08-14: Saved 15 games
📊 2015-08-15: Processing 15 games
  ✅ 2015-08-15: Saved 15 games
📊 2015-08-16: Processing 15 games
  ✅ 2015-08-16: Saved 15 games
📊 2015-08-17: Processing 10 games
  ✅ 2015-08-17: Saved 10 games
📊 2015-08-18: Processing 15 games
  ✅ 2015-08-18: Saved 15 games
📊 2015-08-19: Processing 15 games
  ✅ 2015-08-19: Saved 15 games
📊 2015-08-20: Processing 11 games
  ✅ 2015-08-20: Saved 11 games
📊 2015-08-21: Processing 15 games
  ✅ 2015-08-21: Saved 15 games
📊 2015-08-22: Processing 15 games
  ✅ 2015-08-22: Saved 15 games
📊 2015-08-23: Processing 15 games
  ✅ 2015-08-23: Saved 15 games
📊 2015-08-24: Processing 10 games
  ✅ 2015-08-24: Saved 10 games
📊 2015-08-25: Processing 15 games
  ✅ 2015-08-25: Saved 15 games
📊 2015-08-26: Processing 15 games
  ✅ 2015-08-26: Saved 15 games
📊 2015-08-27: Processing 11 games
  ✅ 2015-08-27: Saved 11 games
📊 2015-08-28: Processing 15 games
  ✅ 2015-08-28: Saved 15 games
📊 2015-08-29: Processing 15 games
  ✅ 2015-08-29: Saved 15 games
📊 2015-08-30: Processing 15 games
  ✅ 2015-08-30: Saved 15 games
📊 2015-08-31: Processing 12 games
  ✅ 2015-08-31: Saved 12 games
📊 2015-09-01: Processing 16 games
  ✅ 2015-09-01: Saved 16 games
📊 2015-09-02: Processing 15 games
  ✅ 2015-09-02: Saved 15 games
📊 2015-09-03: Processing 6 games
  ✅ 2015-09-03: Saved 6 games
📊 2015-09-04: Processing 15 games
  ✅ 2015-09-04: Saved 15 games
📊 2015-09-05: Processing 16 games
  ✅ 2015-09-05: Saved 16 games
📊 2015-09-06: Processing 15 games
  ✅ 2015-09-06: Saved 15 games
📊 2015-09-07: Processing 15 games
  ✅ 2015-09-07: Saved 15 games
📊 2015-09-08: Processing 15 games
  ✅ 2015-09-08: Saved 15 games
📊 2015-09-09: Processing 15 games
  ✅ 2015-09-09: Saved 15 games
📊 2015-09-10: Processing 8 games
  ✅ 2015-09-10: Saved 8 games
📊 2015-09-11: Processing 16 games
  ✅ 2015-09-11: Saved 16 games
📊 2015-09-12: Processing 17 games
  ✅ 2015-09-12: Saved 17 games
📊 2015-09-13: Processing 16 games
  ✅ 2015-09-13: Saved 16 games
📊 2015-09-14: Processing 12 games
  ✅ 2015-09-14: Saved 12 games
📊 2015-09-15: Processing 16 games
  ✅ 2015-09-15: Saved 16 games
📊 2015-09-16: Processing 15 games
  ✅ 2015-09-16: Saved 15 games
📊 2015-09-17: Processing 9 games
  ✅ 2015-09-17: Saved 9 games
📊 2015-09-18: Processing 15 games
  ✅ 2015-09-18: Saved 15 games
📊 2015-09-19: Processing 16 games
  ✅ 2015-09-19: Saved 16 games
📊 2015-09-20: Processing 15 games
  ✅ 2015-09-20: Saved 15 games
📊 2015-09-21: Processing 11 games
  ✅ 2015-09-21: Saved 11 games
📊 2015-09-22: Processing 15 games
  ✅ 2015-09-22: Saved 15 games
📊 2015-09-23: Processing 15 games
  ✅ 2015-09-23: Saved 15 games
📊 2015-09-24: Processing 12 games
  ✅ 2015-09-24: Saved 12 games
📊 2015-09-25: Processing 15 games
  ✅ 2015-09-25: Saved 15 games
📊 2015-09-26: Processing 15 games
  ✅ 2015-09-26: Saved 15 games
📊 2015-09-27: Processing 15 games
  ✅ 2015-09-27: Saved 15 games
📊 2015-09-28: Processing 10 games
  ✅ 2015-09-28: Saved 10 games
📊 2015-09-29: Processing 15 games
  ✅ 2015-09-29: Saved 15 games
📊 2015-09-30: Processing 18 games
  ✅ 2015-09-30: Saved 18 games
📊 2015-10-01: Processing 12 games
  ✅ 2015-10-01: Saved 12 games
📊 2015-10-02: Processing 15 games
  ✅ 2015-10-02: Saved 15 games
📊 2015-10-03: Processing 18 games
  ✅ 2015-10-03: Saved 18 games
📊 2015-10-04: Processing 16 games
  ✅ 2015-10-04: Saved 16 games

============================================================
✅ Complete! Processed 179 dates with 2471 total games
📁 Output location: /workspaces/MLB-Model/data/2015_data/mlb_data/raw/starting_pitcher_boxscores
============================================================


✅ Completed 2015: 179 / 179 files (latest: starting_pitcher_boxscores_2015-10-04.csv)

-------------------------------------------------------------------
Starting year: 2014
-------------------------------------------------------------------

============================================================
Fetching MLB Starting Pitcher Boxscores for 2014 Season
============================================================

📂 Found 181 boxscore files to process

📊 2014-03-22: Processing 2 games
  ✅ 2014-03-22: Saved 2 games
📊 2014-03-23: Processing 1 games
  ✅ 2014-03-23: Saved 1 games
📊 2014-03-30: Processing 1 games
  ✅ 2014-03-30: Saved 1 games
📊 2014-03-31: Processing 13 games
  ✅ 2014-03-31: Saved 13 games
📊 2014-04-01: Processing 9 games
  ✅ 2014-04-01: Saved 9 games
📊 2014-04-02: Processing 16 games
  ✅ 2014-04-02: Saved 16 games
📊 2014-04-03: Processing 11 games
  ✅ 2014-04-03: Saved 11 games
📊 2014-04-04: Processing 15 games
  ✅ 2014-04-04: Saved 15 games
📊 2014-04-05: Processing 15 games
  ✅ 2014-04-05: Saved 15 games
📊 2014-04-06: Processing 15 games
  ✅ 2014-04-06: Saved 15 games
📊 2014-04-07: Processing 9 games
  ✅ 2014-04-07: Saved 9 games
📊 2014-04-08: Processing 14 games
  ✅ 2014-04-08: Saved 14 games
📊 2014-04-09: Processing 16 games
  ✅ 2014-04-09: Saved 16 games
📊 2014-04-10: Processing 9 games
  ✅ 2014-04-10: Saved 9 games
📊 2014-04-11: Processing 15 games
  ✅ 2014-04-11: Saved 15 games
📊 2014-04-12: Processing 15 games
  ✅ 2014-04-12: Saved 15 games
📊 2014-04-13: Processing 15 games
  ✅ 2014-04-13: Saved 15 games
📊 2014-04-14: Processing 9 games
  ✅ 2014-04-14: Saved 9 games
📊 2014-04-15: Processing 16 games
  ✅ 2014-04-15: Saved 16 games
📊 2014-04-16: Processing 16 games
  ✅ 2014-04-16: Saved 16 games
📊 2014-04-17: Processing 12 games
  ✅ 2014-04-17: Saved 12 games
📊 2014-04-18: Processing 15 games
  ✅ 2014-04-18: Saved 15 games
📊 2014-04-19: Processing 15 games
  ✅ 2014-04-19: Saved 15 games
📊 2014-04-20: Processing 15 games
  ✅ 2014-04-20: Saved 15 games
📊 2014-04-21: Processing 13 games
  ✅ 2014-04-21: Saved 13 games
📊 2014-04-22: Processing 15 games
  ✅ 2014-04-22: Saved 15 games
📊 2014-04-23: Processing 15 games
  ✅ 2014-04-23: Saved 15 games
📊 2014-04-24: Processing 11 games
  ✅ 2014-04-24: Saved 11 games
📊 2014-04-25: Processing 15 games
  ✅ 2014-04-25: Saved 15 games
📊 2014-04-26: Processing 15 games
  ✅ 2014-04-26: Saved 15 games
📊 2014-04-27: Processing 15 games
  ✅ 2014-04-27: Saved 15 games
📊 2014-04-28: Processing 7 games
  ✅ 2014-04-28: Saved 7 games
📊 2014-04-29: Processing 15 games
  ✅ 2014-04-29: Saved 15 games
📊 2014-04-30: Processing 15 games
  ✅ 2014-04-30: Saved 15 games
📊 2014-05-01: Processing 11 games
  ✅ 2014-05-01: Saved 11 games
📊 2014-05-02: Processing 15 games
  ✅ 2014-05-02: Saved 15 games
📊 2014-05-03: Processing 15 games
  ✅ 2014-05-03: Saved 15 games
📊 2014-05-04: Processing 15 games
  ✅ 2014-05-04: Saved 15 games
📊 2014-05-05: Processing 13 games
  ✅ 2014-05-05: Saved 13 games
📊 2014-05-06: Processing 15 games
  ✅ 2014-05-06: Saved 15 games
📊 2014-05-07: Processing 16 games
  ✅ 2014-05-07: Saved 16 games
📊 2014-05-08: Processing 9 games
  ✅ 2014-05-08: Saved 9 games
📊 2014-05-09: Processing 15 games
  ✅ 2014-05-09: Saved 15 games
📊 2014-05-10: Processing 15 games
  ✅ 2014-05-10: Saved 15 games
📊 2014-05-11: Processing 15 games
  ✅ 2014-05-11: Saved 15 games
📊 2014-05-12: Processing 10 games
  ✅ 2014-05-12: Saved 10 games
📊 2014-05-13: Processing 15 games
  ✅ 2014-05-13: Saved 15 games
📊 2014-05-14: Processing 15 games
  ✅ 2014-05-14: Saved 15 games
📊 2014-05-15: Processing 10 games
  ✅ 2014-05-15: Saved 10 games
📊 2014-05-16: Processing 15 games
  ✅ 2014-05-16: Saved 15 games
📊 2014-05-17: Processing 15 games
  ✅ 2014-05-17: Saved 15 games
📊 2014-05-18: Processing 16 games
  ✅ 2014-05-18: Saved 16 games
📊 2014-05-19: Processing 5 games
  ✅ 2014-05-19: Saved 5 games
📊 2014-05-20: Processing 15 games
  ✅ 2014-05-20: Saved 15 games
📊 2014-05-21: Processing 15 games
  ✅ 2014-05-21: Saved 15 games
📊 2014-05-22: Processing 13 games
  ✅ 2014-05-22: Saved 13 games
📊 2014-05-23: Processing 15 games
  ✅ 2014-05-23: Saved 15 games
📊 2014-05-24: Processing 15 games
  ✅ 2014-05-24: Saved 15 games
📊 2014-05-25: Processing 16 games
  ✅ 2014-05-25: Saved 16 games
📊 2014-05-26: Processing 15 games
  ✅ 2014-05-26: Saved 15 games
📊 2014-05-27: Processing 15 games
  ✅ 2014-05-27: Saved 15 games
📊 2014-05-28: Processing 15 games
  ✅ 2014-05-28: Saved 15 games
📊 2014-05-29: Processing 10 games
  ✅ 2014-05-29: Saved 10 games
📊 2014-05-30: Processing 15 games
  ✅ 2014-05-30: Saved 15 games
📊 2014-05-31: Processing 15 games
  ✅ 2014-05-31: Saved 15 games
📊 2014-06-01: Processing 15 games
  ✅ 2014-06-01: Saved 15 games
📊 2014-06-02: Processing 8 games
  ✅ 2014-06-02: Saved 8 games
📊 2014-06-03: Processing 15 games
  ✅ 2014-06-03: Saved 15 games
📊 2014-06-04: Processing 15 games
  ✅ 2014-06-04: Saved 15 games
📊 2014-06-05: Processing 11 games
  ✅ 2014-06-05: Saved 11 games
📊 2014-06-06: Processing 15 games
  ✅ 2014-06-06: Saved 15 games
📊 2014-06-07: Processing 15 games
  ✅ 2014-06-07: Saved 15 games
📊 2014-06-08: Processing 15 games
  ✅ 2014-06-08: Saved 15 games
📊 2014-06-09: Processing 12 games
  ✅ 2014-06-09: Saved 12 games
📊 2014-06-10: Processing 15 games
  ✅ 2014-06-10: Saved 15 games
📊 2014-06-11: Processing 15 games
  ✅ 2014-06-11: Saved 15 games
📊 2014-06-12: Processing 11 games
  ✅ 2014-06-12: Saved 11 games
📊 2014-06-13: Processing 15 games
  ✅ 2014-06-13: Saved 15 games
📊 2014-06-14: Processing 15 games
  ✅ 2014-06-14: Saved 15 games
📊 2014-06-15: Processing 15 games
  ✅ 2014-06-15: Saved 15 games
📊 2014-06-16: Processing 11 games
  ✅ 2014-06-16: Saved 11 games
📊 2014-06-17: Processing 15 games
  ✅ 2014-06-17: Saved 15 games
📊 2014-06-18: Processing 15 games
  ✅ 2014-06-18: Saved 15 games
📊 2014-06-19: Processing 12 games
  ✅ 2014-06-19: Saved 12 games
📊 2014-06-20: Processing 15 games
  ✅ 2014-06-20: Saved 15 games
📊 2014-06-21: Processing 15 games
  ✅ 2014-06-21: Saved 15 games
📊 2014-06-22: Processing 15 games
  ✅ 2014-06-22: Saved 15 games
📊 2014-06-23: Processing 10 games
  ✅ 2014-06-23: Saved 10 games
📊 2014-06-24: Processing 15 games
  ✅ 2014-06-24: Saved 15 games
📊 2014-06-25: Processing 15 games
  ✅ 2014-06-25: Saved 15 games
📊 2014-06-26: Processing 10 games
  ✅ 2014-06-26: Saved 10 games
📊 2014-06-27: Processing 16 games
  ✅ 2014-06-27: Saved 16 games
📊 2014-06-28: Processing 17 games
  ✅ 2014-06-28: Saved 17 games
📊 2014-06-29: Processing 14 games
  ✅ 2014-06-29: Saved 14 games
📊 2014-06-30: Processing 11 games
  ✅ 2014-06-30: Saved 11 games
📊 2014-07-01: Processing 16 games
  ✅ 2014-07-01: Saved 16 games
📊 2014-07-02: Processing 15 games
  ✅ 2014-07-02: Saved 15 games
📊 2014-07-03: Processing 9 games
  ✅ 2014-07-03: Saved 9 games
📊 2014-07-04: Processing 15 games
  ✅ 2014-07-04: Saved 15 games
📊 2014-07-05: Processing 16 games
  ✅ 2014-07-05: Saved 16 games
📊 2014-07-06: Processing 15 games
  ✅ 2014-07-06: Saved 15 games
📊 2014-07-07: Processing 14 games
  ✅ 2014-07-07: Saved 14 games
📊 2014-07-08: Processing 16 games
  ✅ 2014-07-08: Saved 16 games
📊 2014-07-09: Processing 15 games
  ✅ 2014-07-09: Saved 15 games
📊 2014-07-10: Processing 12 games
  ✅ 2014-07-10: Saved 12 games
📊 2014-07-11: Processing 15 games
  ✅ 2014-07-11: Saved 15 games
📊 2014-07-12: Processing 15 games
  ✅ 2014-07-12: Saved 15 games
📊 2014-07-13: Processing 15 games
  ✅ 2014-07-13: Saved 15 games
📊 2014-07-18: Processing 15 games
  ✅ 2014-07-18: Saved 15 games
📊 2014-07-19: Processing 16 games
  ✅ 2014-07-19: Saved 16 games
📊 2014-07-20: Processing 15 games
  ✅ 2014-07-20: Saved 15 games
📊 2014-07-21: Processing 12 games
  ✅ 2014-07-21: Saved 12 games
📊 2014-07-22: Processing 15 games
  ✅ 2014-07-22: Saved 15 games
📊 2014-07-23: Processing 15 games
  ✅ 2014-07-23: Saved 15 games
📊 2014-07-24: Processing 11 games
  ✅ 2014-07-24: Saved 11 games
📊 2014-07-25: Processing 15 games
  ✅ 2014-07-25: Saved 15 games
📊 2014-07-26: Processing 15 games
  ✅ 2014-07-26: Saved 15 games
📊 2014-07-27: Processing 15 games
  ✅ 2014-07-27: Saved 15 games
📊 2014-07-28: Processing 10 games
  ✅ 2014-07-28: Saved 10 games
📊 2014-07-29: Processing 15 games
  ✅ 2014-07-29: Saved 15 games
📊 2014-07-30: Processing 15 games
  ✅ 2014-07-30: Saved 15 games
📊 2014-07-31: Processing 11 games
  ✅ 2014-07-31: Saved 11 games
📊 2014-08-01: Processing 15 games
  ✅ 2014-08-01: Saved 15 games
📊 2014-08-02: Processing 15 games
  ✅ 2014-08-02: Saved 15 games
📊 2014-08-03: Processing 15 games
  ✅ 2014-08-03: Saved 15 games
📊 2014-08-04: Processing 7 games
  ✅ 2014-08-04: Saved 7 games
📊 2014-08-05: Processing 15 games
  ✅ 2014-08-05: Saved 15 games
📊 2014-08-06: Processing 15 games
  ✅ 2014-08-06: Saved 15 games
📊 2014-08-07: Processing 13 games
  ✅ 2014-08-07: Saved 13 games
📊 2014-08-08: Processing 15 games
  ✅ 2014-08-08: Saved 15 games
📊 2014-08-09: Processing 15 games
  ✅ 2014-08-09: Saved 15 games
📊 2014-08-10: Processing 15 games
  ✅ 2014-08-10: Saved 15 games
📊 2014-08-11: Processing 11 games
  ✅ 2014-08-11: Saved 11 games
📊 2014-08-12: Processing 15 games
  ✅ 2014-08-12: Saved 15 games
📊 2014-08-13: Processing 16 games
  ✅ 2014-08-13: Saved 16 games
📊 2014-08-14: Processing 10 games
  ✅ 2014-08-14: Saved 10 games
📊 2014-08-15: Processing 15 games
  ✅ 2014-08-15: Saved 15 games
📊 2014-08-16: Processing 15 games
  ✅ 2014-08-16: Saved 15 games
📊 2014-08-17: Processing 16 games
  ✅ 2014-08-17: Saved 16 games
📊 2014-08-18: Processing 8 games
  ✅ 2014-08-18: Saved 8 games
📊 2014-08-19: Processing 15 games
  ✅ 2014-08-19: Saved 15 games
📊 2014-08-20: Processing 15 games
  ✅ 2014-08-20: Saved 15 games
📊 2014-08-21: Processing 9 games
  ✅ 2014-08-21: Saved 9 games
📊 2014-08-22: Processing 15 games
  ✅ 2014-08-22: Saved 15 games
📊 2014-08-23: Processing 16 games
  ✅ 2014-08-23: Saved 16 games
📊 2014-08-24: Processing 15 games
  ✅ 2014-08-24: Saved 15 games
📊 2014-08-25: Processing 10 games
  ✅ 2014-08-25: Saved 10 games
📊 2014-08-26: Processing 15 games
  ✅ 2014-08-26: Saved 15 games
📊 2014-08-27: Processing 15 games
  ✅ 2014-08-27: Saved 15 games
📊 2014-08-28: Processing 9 games
  ✅ 2014-08-28: Saved 9 games
📊 2014-08-29: Processing 15 games
  ✅ 2014-08-29: Saved 15 games
📊 2014-08-30: Processing 17 games
  ✅ 2014-08-30: Saved 17 games
📊 2014-08-31: Processing 15 games
  ✅ 2014-08-31: Saved 15 games
📊 2014-09-01: Processing 13 games
  ✅ 2014-09-01: Saved 13 games
📊 2014-09-02: Processing 15 games
  ✅ 2014-09-02: Saved 15 games
📊 2014-09-03: Processing 15 games
  ✅ 2014-09-03: Saved 15 games
📊 2014-09-04: Processing 8 games
  ✅ 2014-09-04: Saved 8 games
📊 2014-09-05: Processing 15 games
  ✅ 2014-09-05: Saved 15 games
📊 2014-09-06: Processing 16 games
  ✅ 2014-09-06: Saved 16 games
📊 2014-09-07: Processing 15 games
  ✅ 2014-09-07: Saved 15 games
📊 2014-09-08: Processing 12 games
  ✅ 2014-09-08: Saved 12 games
📊 2014-09-09: Processing 15 games
  ✅ 2014-09-09: Saved 15 games
📊 2014-09-10: Processing 15 games
  ✅ 2014-09-10: Saved 15 games
📊 2014-09-11: Processing 11 games
  ✅ 2014-09-11: Saved 11 games
📊 2014-09-12: Processing 16 games
  ✅ 2014-09-12: Saved 16 games
📊 2014-09-13: Processing 16 games
  ✅ 2014-09-13: Saved 16 games
📊 2014-09-14: Processing 15 games
  ✅ 2014-09-14: Saved 15 games
📊 2014-09-15: Processing 12 games
  ✅ 2014-09-15: Saved 12 games
📊 2014-09-16: Processing 15 games
  ✅ 2014-09-16: Saved 15 games
📊 2014-09-17: Processing 15 games
  ✅ 2014-09-17: Saved 15 games
📊 2014-09-18: Processing 10 games
  ✅ 2014-09-18: Saved 10 games
📊 2014-09-19: Processing 15 games
  ✅ 2014-09-19: Saved 15 games
📊 2014-09-20: Processing 15 games
  ✅ 2014-09-20: Saved 15 games
📊 2014-09-21: Processing 15 games
  ✅ 2014-09-21: Saved 15 games
📊 2014-09-22: Processing 12 games
  ✅ 2014-09-22: Saved 12 games
📊 2014-09-23: Processing 15 games
  ✅ 2014-09-23: Saved 15 games
📊 2014-09-24: Processing 15 games
  ✅ 2014-09-24: Saved 15 games
📊 2014-09-25: Processing 12 games
  ✅ 2014-09-25: Saved 12 games
📊 2014-09-26: Processing 16 games
  ✅ 2014-09-26: Saved 16 games
📊 2014-09-27: Processing 15 games
  ✅ 2014-09-27: Saved 15 games
📊 2014-09-28: Processing 15 games
  ✅ 2014-09-28: Saved 15 games

============================================================
✅ Complete! Processed 181 dates with 2471 total games
📁 Output location: /workspaces/MLB-Model/data/2014_data/mlb_data/raw/starting_pitcher_boxscores
============================================================


✅ Completed 2014: 181 / 181 files (latest: starting_pitcher_boxscores_2014-09-28.csv)

-------------------------------------------------------------------
Starting year: 2013
-------------------------------------------------------------------

============================================================
Fetching MLB Starting Pitcher Boxscores for 2013 Season
============================================================

📂 Found 180 boxscore files to process

📊 2013-03-31: Processing 1 games
  ✅ 2013-03-31: Saved 1 games
📊 2013-04-01: Processing 12 games
  ✅ 2013-04-01: Saved 12 games
📊 2013-04-02: Processing 7 games
  ✅ 2013-04-02: Saved 7 games
📊 2013-04-03: Processing 15 games
  ✅ 2013-04-03: Saved 15 games
📊 2013-04-04: Processing 11 games
  ✅ 2013-04-04: Saved 11 games
📊 2013-04-05: Processing 15 games
  ✅ 2013-04-05: Saved 15 games
📊 2013-04-06: Processing 15 games
  ✅ 2013-04-06: Saved 15 games
📊 2013-04-07: Processing 15 games
  ✅ 2013-04-07: Saved 15 games
📊 2013-04-08: Processing 11 games
  ✅ 2013-04-08: Saved 11 games
📊 2013-04-09: Processing 14 games
  ✅ 2013-04-09: Saved 14 games
📊 2013-04-10: Processing 15 games
  ✅ 2013-04-10: Saved 15 games
📊 2013-04-11: Processing 8 games
  ✅ 2013-04-11: Saved 8 games
📊 2013-04-12: Processing 15 games
  ✅ 2013-04-12: Saved 15 games
📊 2013-04-13: Processing 15 games
  ✅ 2013-04-13: Saved 15 games
📊 2013-04-14: Processing 15 games
  ✅ 2013-04-14: Saved 15 games
📊 2013-04-15: Processing 9 games
  ✅ 2013-04-15: Saved 9 games
📊 2013-04-16: Processing 16 games
  ✅ 2013-04-16: Saved 16 games
📊 2013-04-17: Processing 16 games
  ✅ 2013-04-17: Saved 16 games
📊 2013-04-18: Processing 11 games
  ✅ 2013-04-18: Saved 11 games
📊 2013-04-19: Processing 15 games
  ✅ 2013-04-19: Saved 15 games
📊 2013-04-20: Processing 16 games
  ✅ 2013-04-20: Saved 16 games
📊 2013-04-21: Processing 16 games
  ✅ 2013-04-21: Saved 16 games
📊 2013-04-22: Processing 13 games
  ✅ 2013-04-22: Saved 13 games
📊 2013-04-23: Processing 17 games
  ✅ 2013-04-23: Saved 17 games
📊 2013-04-24: Processing 14 games
  ✅ 2013-04-24: Saved 14 games
📊 2013-04-25: Processing 12 games
  ✅ 2013-04-25: Saved 12 games
📊 2013-04-26: Processing 15 games
  ✅ 2013-04-26: Saved 15 games
📊 2013-04-27: Processing 15 games
  ✅ 2013-04-27: Saved 15 games
📊 2013-04-28: Processing 16 games
  ✅ 2013-04-28: Saved 16 games
📊 2013-04-29: Processing 12 games
  ✅ 2013-04-29: Saved 12 games
📊 2013-04-30: Processing 15 games
  ✅ 2013-04-30: Saved 15 games
📊 2013-05-01: Processing 15 games
  ✅ 2013-05-01: Saved 15 games
📊 2013-05-02: Processing 9 games
  ✅ 2013-05-02: Saved 9 games
📊 2013-05-03: Processing 15 games
  ✅ 2013-05-03: Saved 15 games
📊 2013-05-04: Processing 15 games
  ✅ 2013-05-04: Saved 15 games
📊 2013-05-05: Processing 15 games
  ✅ 2013-05-05: Saved 15 games
📊 2013-05-06: Processing 9 games
  ✅ 2013-05-06: Saved 9 games
📊 2013-05-07: Processing 15 games
  ✅ 2013-05-07: Saved 15 games
📊 2013-05-08: Processing 15 games
  ✅ 2013-05-08: Saved 15 games
📊 2013-05-09: Processing 10 games
  ✅ 2013-05-09: Saved 10 games
📊 2013-05-10: Processing 15 games
  ✅ 2013-05-10: Saved 15 games
📊 2013-05-11: Processing 15 games
  ✅ 2013-05-11: Saved 15 games
📊 2013-05-12: Processing 15 games
  ✅ 2013-05-12: Saved 15 games
📊 2013-05-13: Processing 11 games
  ✅ 2013-05-13: Saved 11 games
📊 2013-05-14: Processing 15 games
  ✅ 2013-05-14: Saved 15 games
📊 2013-05-15: Processing 15 games
  ✅ 2013-05-15: Saved 15 games
📊 2013-05-16: Processing 9 games
  ✅ 2013-05-16: Saved 9 games
📊 2013-05-17: Processing 15 games
  ✅ 2013-05-17: Saved 15 games
📊 2013-05-18: Processing 15 games
  ✅ 2013-05-18: Saved 15 games
📊 2013-05-19: Processing 15 games
  ✅ 2013-05-19: Saved 15 games
📊 2013-05-20: Processing 13 games
  ✅ 2013-05-20: Saved 13 games
📊 2013-05-21: Processing 15 games
  ✅ 2013-05-21: Saved 15 games
📊 2013-05-22: Processing 15 games
  ✅ 2013-05-22: Saved 15 games
📊 2013-05-23: Processing 5 games
  ✅ 2013-05-23: Saved 5 games
📊 2013-05-24: Processing 15 games
  ✅ 2013-05-24: Saved 15 games
📊 2013-05-25: Processing 16 games
  ✅ 2013-05-25: Saved 16 games
📊 2013-05-26: Processing 15 games
  ✅ 2013-05-26: Saved 15 games
📊 2013-05-27: Processing 16 games
  ✅ 2013-05-27: Saved 16 games
📊 2013-05-28: Processing 14 games
  ✅ 2013-05-28: Saved 14 games
📊 2013-05-29: Processing 15 games
  ✅ 2013-05-29: Saved 15 games
📊 2013-05-30: Processing 15 games
  ✅ 2013-05-30: Saved 15 games
📊 2013-05-31: Processing 15 games
  ✅ 2013-05-31: Saved 15 games
📊 2013-06-01: Processing 16 games
  ✅ 2013-06-01: Saved 16 games
📊 2013-06-02: Processing 15 games
  ✅ 2013-06-02: Saved 15 games
📊 2013-06-03: Processing 9 games
  ✅ 2013-06-03: Saved 9 games
📊 2013-06-04: Processing 15 games
  ✅ 2013-06-04: Saved 15 games
📊 2013-06-05: Processing 15 games
  ✅ 2013-06-05: Saved 15 games
📊 2013-06-06: Processing 11 games
  ✅ 2013-06-06: Saved 11 games
📊 2013-06-07: Processing 15 games
  ✅ 2013-06-07: Saved 15 games
📊 2013-06-08: Processing 16 games
  ✅ 2013-06-08: Saved 16 games
📊 2013-06-09: Processing 16 games
  ✅ 2013-06-09: Saved 16 games
📊 2013-06-10: Processing 10 games
  ✅ 2013-06-10: Saved 10 games
📊 2013-06-11: Processing 15 games
  ✅ 2013-06-11: Saved 15 games
📊 2013-06-12: Processing 15 games
  ✅ 2013-06-12: Saved 15 games
📊 2013-06-13: Processing 9 games
  ✅ 2013-06-13: Saved 9 games
📊 2013-06-14: Processing 15 games
  ✅ 2013-06-14: Saved 15 games
📊 2013-06-15: Processing 15 games
  ✅ 2013-06-15: Saved 15 games
📊 2013-06-16: Processing 15 games
  ✅ 2013-06-16: Saved 15 games
📊 2013-06-17: Processing 12 games
  ✅ 2013-06-17: Saved 12 games
📊 2013-06-18: Processing 17 games
  ✅ 2013-06-18: Saved 17 games
📊 2013-06-19: Processing 16 games
  ✅ 2013-06-19: Saved 16 games
📊 2013-06-20: Processing 12 games
  ✅ 2013-06-20: Saved 12 games
📊 2013-06-21: Processing 15 games
  ✅ 2013-06-21: Saved 15 games
📊 2013-06-22: Processing 15 games
  ✅ 2013-06-22: Saved 15 games
📊 2013-06-23: Processing 15 games
  ✅ 2013-06-23: Saved 15 games
📊 2013-06-24: Processing 4 games
  ✅ 2013-06-24: Saved 4 games
📊 2013-06-25: Processing 15 games
  ✅ 2013-06-25: Saved 15 games
📊 2013-06-26: Processing 15 games
  ✅ 2013-06-26: Saved 15 games
📊 2013-06-27: Processing 9 games
  ✅ 2013-06-27: Saved 9 games
📊 2013-06-28: Processing 16 games
  ✅ 2013-06-28: Saved 16 games
📊 2013-06-29: Processing 15 games
  ✅ 2013-06-29: Saved 15 games
📊 2013-06-30: Processing 15 games
  ✅ 2013-06-30: Saved 15 games
📊 2013-07-01: Processing 7 games
  ✅ 2013-07-01: Saved 7 games
📊 2013-07-02: Processing 15 games
  ✅ 2013-07-02: Saved 15 games
📊 2013-07-03: Processing 15 games
  ✅ 2013-07-03: Saved 15 games
📊 2013-07-04: Processing 15 games
  ✅ 2013-07-04: Saved 15 games
📊 2013-07-05: Processing 15 games
  ✅ 2013-07-05: Saved 15 games
📊 2013-07-06: Processing 15 games
  ✅ 2013-07-06: Saved 15 games
📊 2013-07-07: Processing 15 games
  ✅ 2013-07-07: Saved 15 games
📊 2013-07-08: Processing 13 games
  ✅ 2013-07-08: Saved 13 games
📊 2013-07-09: Processing 15 games
  ✅ 2013-07-09: Saved 15 games
📊 2013-07-10: Processing 15 games
  ✅ 2013-07-10: Saved 15 games
📊 2013-07-11: Processing 12 games
  ✅ 2013-07-11: Saved 12 games
📊 2013-07-12: Processing 15 games
  ✅ 2013-07-12: Saved 15 games
📊 2013-07-13: Processing 16 games
  ✅ 2013-07-13: Saved 16 games
📊 2013-07-14: Processing 15 games
  ✅ 2013-07-14: Saved 15 games
📊 2013-07-19: Processing 15 games
  ✅ 2013-07-19: Saved 15 games
📊 2013-07-20: Processing 15 games
  ✅ 2013-07-20: Saved 15 games
📊 2013-07-21: Processing 15 games
  ✅ 2013-07-21: Saved 15 games
📊 2013-07-22: Processing 14 games
  ✅ 2013-07-22: Saved 14 games
📊 2013-07-23: Processing 16 games
  ✅ 2013-07-23: Saved 16 games
📊 2013-07-24: Processing 15 games
  ✅ 2013-07-24: Saved 15 games
📊 2013-07-25: Processing 14 games
  ✅ 2013-07-25: Saved 14 games
📊 2013-07-26: Processing 16 games
  ✅ 2013-07-26: Saved 16 games
📊 2013-07-27: Processing 15 games
  ✅ 2013-07-27: Saved 15 games
📊 2013-07-28: Processing 15 games
  ✅ 2013-07-28: Saved 15 games
📊 2013-07-29: Processing 9 games
  ✅ 2013-07-29: Saved 9 games
📊 2013-07-30: Processing 17 games
  ✅ 2013-07-30: Saved 17 games
📊 2013-07-31: Processing 15 games
  ✅ 2013-07-31: Saved 15 games
📊 2013-08-01: Processing 11 games
  ✅ 2013-08-01: Saved 11 games
📊 2013-08-02: Processing 15 games
  ✅ 2013-08-02: Saved 15 games
📊 2013-08-03: Processing 15 games
  ✅ 2013-08-03: Saved 15 games
📊 2013-08-04: Processing 15 games
  ✅ 2013-08-04: Saved 15 games
📊 2013-08-05: Processing 9 games
  ✅ 2013-08-05: Saved 9 games
📊 2013-08-06: Processing 15 games
  ✅ 2013-08-06: Saved 15 games
📊 2013-08-07: Processing 15 games
  ✅ 2013-08-07: Saved 15 games
📊 2013-08-08: Processing 7 games
  ✅ 2013-08-08: Saved 7 games
📊 2013-08-09: Processing 16 games
  ✅ 2013-08-09: Saved 16 games
📊 2013-08-10: Processing 15 games
  ✅ 2013-08-10: Saved 15 games
📊 2013-08-11: Processing 15 games
  ✅ 2013-08-11: Saved 15 games
📊 2013-08-12: Processing 11 games
  ✅ 2013-08-12: Saved 11 games
📊 2013-08-13: Processing 15 games
  ✅ 2013-08-13: Saved 15 games
📊 2013-08-14: Processing 15 games
  ✅ 2013-08-14: Saved 15 games
📊 2013-08-15: Processing 10 games
  ✅ 2013-08-15: Saved 10 games
📊 2013-08-16: Processing 16 games
  ✅ 2013-08-16: Saved 16 games
📊 2013-08-17: Processing 15 games
  ✅ 2013-08-17: Saved 15 games
📊 2013-08-18: Processing 15 games
  ✅ 2013-08-18: Saved 15 games
📊 2013-08-19: Processing 12 games
  ✅ 2013-08-19: Saved 12 games
📊 2013-08-20: Processing 16 games
  ✅ 2013-08-20: Saved 16 games
📊 2013-08-21: Processing 15 games
  ✅ 2013-08-21: Saved 15 games
📊 2013-08-22: Processing 9 games
  ✅ 2013-08-22: Saved 9 games
📊 2013-08-23: Processing 15 games
  ✅ 2013-08-23: Saved 15 games
📊 2013-08-24: Processing 15 games
  ✅ 2013-08-24: Saved 15 games
📊 2013-08-25: Processing 15 games
  ✅ 2013-08-25: Saved 15 games
📊 2013-08-26: Processing 10 games
  ✅ 2013-08-26: Saved 10 games
📊 2013-08-27: Processing 15 games
  ✅ 2013-08-27: Saved 15 games
📊 2013-08-28: Processing 15 games
  ✅ 2013-08-28: Saved 15 games
📊 2013-08-29: Processing 9 games
  ✅ 2013-08-29: Saved 9 games
📊 2013-08-30: Processing 15 games
  ✅ 2013-08-30: Saved 15 games
📊 2013-08-31: Processing 15 games
  ✅ 2013-08-31: Saved 15 games
📊 2013-09-01: Processing 15 games
  ✅ 2013-09-01: Saved 15 games
📊 2013-09-02: Processing 15 games
  ✅ 2013-09-02: Saved 15 games
📊 2013-09-03: Processing 15 games
  ✅ 2013-09-03: Saved 15 games
📊 2013-09-04: Processing 15 games
  ✅ 2013-09-04: Saved 15 games
📊 2013-09-05: Processing 7 games
  ✅ 2013-09-05: Saved 7 games
📊 2013-09-06: Processing 15 games
  ✅ 2013-09-06: Saved 15 games
📊 2013-09-07: Processing 15 games
  ✅ 2013-09-07: Saved 15 games
📊 2013-09-08: Processing 15 games
  ✅ 2013-09-08: Saved 15 games
📊 2013-09-09: Processing 11 games
  ✅ 2013-09-09: Saved 11 games
📊 2013-09-10: Processing 15 games
  ✅ 2013-09-10: Saved 15 games
📊 2013-09-11: Processing 15 games
  ✅ 2013-09-11: Saved 15 games
📊 2013-09-12: Processing 11 games
  ✅ 2013-09-12: Saved 11 games
📊 2013-09-13: Processing 15 games
  ✅ 2013-09-13: Saved 15 games
📊 2013-09-14: Processing 16 games
  ✅ 2013-09-14: Saved 16 games
📊 2013-09-15: Processing 15 games
  ✅ 2013-09-15: Saved 15 games
📊 2013-09-16: Processing 12 games
  ✅ 2013-09-16: Saved 12 games
📊 2013-09-17: Processing 16 games
  ✅ 2013-09-17: Saved 16 games
📊 2013-09-18: Processing 15 games
  ✅ 2013-09-18: Saved 15 games
📊 2013-09-19: Processing 12 games
  ✅ 2013-09-19: Saved 12 games
📊 2013-09-20: Processing 15 games
  ✅ 2013-09-20: Saved 15 games
📊 2013-09-21: Processing 15 games
  ✅ 2013-09-21: Saved 15 games
📊 2013-09-22: Processing 16 games
  ✅ 2013-09-22: Saved 16 games
📊 2013-09-23: Processing 12 games
  ✅ 2013-09-23: Saved 12 games
📊 2013-09-24: Processing 15 games
  ✅ 2013-09-24: Saved 15 games
📊 2013-09-25: Processing 15 games
  ✅ 2013-09-25: Saved 15 games
📊 2013-09-26: Processing 9 games
  ✅ 2013-09-26: Saved 9 games
📊 2013-09-27: Processing 15 games
  ✅ 2013-09-27: Saved 15 games
📊 2013-09-28: Processing 15 games
  ✅ 2013-09-28: Saved 15 games
📊 2013-09-29: Processing 15 games
  ✅ 2013-09-29: Saved 15 games
📊 2013-09-30: Processing 1 games
  ✅ 2013-09-30: Saved 1 games

============================================================
✅ Complete! Processed 180 dates with 2470 total games
📁 Output location: /workspaces/MLB-Model/data/2013_data/mlb_data/raw/starting_pitcher_boxscores
============================================================


✅ Completed 2013: 180 / 180 files (latest: starting_pitcher_boxscores_2013-09-30.csv)

-------------------------------------------------------------------
Starting year: 2012
-------------------------------------------------------------------

============================================================
Fetching MLB Starting Pitcher Boxscores for 2012 Season
============================================================

📂 Found 181 boxscore files to process

📊 2012-03-28: Processing 1 games
  ✅ 2012-03-28: Saved 1 games
📊 2012-03-29: Processing 1 games
  ✅ 2012-03-29: Saved 1 games
📊 2012-04-04: Processing 1 games
  ✅ 2012-04-04: Saved 1 games
📊 2012-04-05: Processing 7 games
  ✅ 2012-04-05: Saved 7 games
📊 2012-04-06: Processing 9 games
  ✅ 2012-04-06: Saved 9 games
📊 2012-04-07: Processing 15 games
  ✅ 2012-04-07: Saved 15 games
📊 2012-04-08: Processing 14 games
  ✅ 2012-04-08: Saved 14 games
📊 2012-04-09: Processing 12 games
  ✅ 2012-04-09: Saved 12 games
📊 2012-04-10: Processing 12 games
  ✅ 2012-04-10: Saved 12 games
📊 2012-04-11: Processing 15 games
  ✅ 2012-04-11: Saved 15 games
📊 2012-04-12: Processing 9 games
  ✅ 2012-04-12: Saved 9 games
📊 2012-04-13: Processing 15 games
  ✅ 2012-04-13: Saved 15 games
📊 2012-04-14: Processing 15 games
  ✅ 2012-04-14: Saved 15 games
📊 2012-04-15: Processing 15 games
  ✅ 2012-04-15: Saved 15 games
📊 2012-04-16: Processing 10 games
  ✅ 2012-04-16: Saved 10 games
📊 2012-04-17: Processing 15 games
  ✅ 2012-04-17: Saved 15 games
📊 2012-04-18: Processing 15 games
  ✅ 2012-04-18: Saved 15 games
📊 2012-04-19: Processing 12 games
  ✅ 2012-04-19: Saved 12 games
📊 2012-04-20: Processing 15 games
  ✅ 2012-04-20: Saved 15 games
📊 2012-04-21: Processing 16 games
  ✅ 2012-04-21: Saved 16 games
📊 2012-04-22: Processing 15 games
  ✅ 2012-04-22: Saved 15 games
📊 2012-04-23: Processing 11 games
  ✅ 2012-04-23: Saved 11 games
📊 2012-04-24: Processing 15 games
  ✅ 2012-04-24: Saved 15 games
📊 2012-04-25: Processing 16 games
  ✅ 2012-04-25: Saved 16 games
📊 2012-04-26: Processing 8 games
  ✅ 2012-04-26: Saved 8 games
📊 2012-04-27: Processing 15 games
  ✅ 2012-04-27: Saved 15 games
📊 2012-04-28: Processing 15 games
  ✅ 2012-04-28: Saved 15 games
📊 2012-04-29: Processing 15 games
  ✅ 2012-04-29: Saved 15 games
📊 2012-04-30: Processing 12 games
  ✅ 2012-04-30: Saved 12 games
📊 2012-05-01: Processing 15 games
  ✅ 2012-05-01: Saved 15 games
📊 2012-05-02: Processing 15 games
  ✅ 2012-05-02: Saved 15 games
📊 2012-05-03: Processing 9 games
  ✅ 2012-05-03: Saved 9 games
📊 2012-05-04: Processing 15 games
  ✅ 2012-05-04: Saved 15 games
📊 2012-05-05: Processing 15 games
  ✅ 2012-05-05: Saved 15 games
📊 2012-05-06: Processing 15 games
  ✅ 2012-05-06: Saved 15 games
📊 2012-05-07: Processing 13 games
  ✅ 2012-05-07: Saved 13 games
📊 2012-05-08: Processing 15 games
  ✅ 2012-05-08: Saved 15 games
📊 2012-05-09: Processing 15 games
  ✅ 2012-05-09: Saved 15 games
📊 2012-05-10: Processing 7 games
  ✅ 2012-05-10: Saved 7 games
📊 2012-05-11: Processing 15 games
  ✅ 2012-05-11: Saved 15 games
📊 2012-05-12: Processing 15 games
  ✅ 2012-05-12: Saved 15 games
📊 2012-05-13: Processing 15 games
  ✅ 2012-05-13: Saved 15 games
📊 2012-05-14: Processing 15 games
  ✅ 2012-05-14: Saved 15 games
📊 2012-05-15: Processing 15 games
  ✅ 2012-05-15: Saved 15 games
📊 2012-05-16: Processing 15 games
  ✅ 2012-05-16: Saved 15 games
📊 2012-05-17: Processing 15 games
  ✅ 2012-05-17: Saved 15 games
📊 2012-05-18: Processing 15 games
  ✅ 2012-05-18: Saved 15 games
📊 2012-05-19: Processing 15 games
  ✅ 2012-05-19: Saved 15 games
📊 2012-05-20: Processing 15 games
  ✅ 2012-05-20: Saved 15 games
📊 2012-05-21: Processing 13 games
  ✅ 2012-05-21: Saved 13 games
📊 2012-05-22: Processing 15 games
  ✅ 2012-05-22: Saved 15 games
📊 2012-05-23: Processing 15 games
  ✅ 2012-05-23: Saved 15 games
📊 2012-05-24: Processing 7 games
  ✅ 2012-05-24: Saved 7 games
📊 2012-05-25: Processing 15 games
  ✅ 2012-05-25: Saved 15 games
📊 2012-05-26: Processing 15 games
  ✅ 2012-05-26: Saved 15 games
📊 2012-05-27: Processing 15 games
  ✅ 2012-05-27: Saved 15 games
📊 2012-05-28: Processing 16 games
  ✅ 2012-05-28: Saved 16 games
📊 2012-05-29: Processing 14 games
  ✅ 2012-05-29: Saved 14 games
📊 2012-05-30: Processing 15 games
  ✅ 2012-05-30: Saved 15 games
📊 2012-05-31: Processing 3 games
  ✅ 2012-05-31: Saved 3 games
📊 2012-06-01: Processing 15 games
  ✅ 2012-06-01: Saved 15 games
📊 2012-06-02: Processing 15 games
  ✅ 2012-06-02: Saved 15 games
📊 2012-06-03: Processing 15 games
  ✅ 2012-06-03: Saved 15 games
📊 2012-06-04: Processing 7 games
  ✅ 2012-06-04: Saved 7 games
📊 2012-06-05: Processing 15 games
  ✅ 2012-06-05: Saved 15 games
📊 2012-06-06: Processing 15 games
  ✅ 2012-06-06: Saved 15 games
📊 2012-06-07: Processing 12 games
  ✅ 2012-06-07: Saved 12 games
📊 2012-06-08: Processing 15 games
  ✅ 2012-06-08: Saved 15 games
📊 2012-06-09: Processing 15 games
  ✅ 2012-06-09: Saved 15 games
📊 2012-06-10: Processing 15 games
  ✅ 2012-06-10: Saved 15 games
📊 2012-06-11: Processing 4 games
  ✅ 2012-06-11: Saved 4 games
📊 2012-06-12: Processing 15 games
  ✅ 2012-06-12: Saved 15 games
📊 2012-06-13: Processing 15 games
  ✅ 2012-06-13: Saved 15 games
📊 2012-06-14: Processing 11 games
  ✅ 2012-06-14: Saved 11 games
📊 2012-06-15: Processing 15 games
  ✅ 2012-06-15: Saved 15 games
📊 2012-06-16: Processing 15 games
  ✅ 2012-06-16: Saved 15 games
📊 2012-06-17: Processing 15 games
  ✅ 2012-06-17: Saved 15 games
📊 2012-06-18: Processing 9 games
  ✅ 2012-06-18: Saved 9 games
📊 2012-06-19: Processing 15 games
  ✅ 2012-06-19: Saved 15 games
📊 2012-06-20: Processing 15 games
  ✅ 2012-06-20: Saved 15 games
📊 2012-06-21: Processing 6 games
  ✅ 2012-06-21: Saved 6 games
📊 2012-06-22: Processing 15 games
  ✅ 2012-06-22: Saved 15 games
📊 2012-06-23: Processing 15 games
  ✅ 2012-06-23: Saved 15 games
📊 2012-06-24: Processing 16 games
  ✅ 2012-06-24: Saved 16 games
📊 2012-06-25: Processing 13 games
  ✅ 2012-06-25: Saved 13 games
📊 2012-06-26: Processing 15 games
  ✅ 2012-06-26: Saved 15 games
📊 2012-06-27: Processing 15 games
  ✅ 2012-06-27: Saved 15 games
📊 2012-06-28: Processing 12 games
  ✅ 2012-06-28: Saved 12 games
📊 2012-06-29: Processing 15 games
  ✅ 2012-06-29: Saved 15 games
📊 2012-06-30: Processing 16 games
  ✅ 2012-06-30: Saved 16 games
📊 2012-07-01: Processing 15 games
  ✅ 2012-07-01: Saved 15 games
📊 2012-07-02: Processing 12 games
  ✅ 2012-07-02: Saved 12 games
📊 2012-07-03: Processing 15 games
  ✅ 2012-07-03: Saved 15 games
📊 2012-07-04: Processing 15 games
  ✅ 2012-07-04: Saved 15 games
📊 2012-07-05: Processing 13 games
  ✅ 2012-07-05: Saved 13 games
📊 2012-07-06: Processing 15 games
  ✅ 2012-07-06: Saved 15 games
📊 2012-07-07: Processing 16 games
  ✅ 2012-07-07: Saved 16 games
📊 2012-07-08: Processing 15 games
  ✅ 2012-07-08: Saved 15 games
📊 2012-07-13: Processing 15 games
  ✅ 2012-07-13: Saved 15 games
📊 2012-07-14: Processing 15 games
  ✅ 2012-07-14: Saved 15 games
📊 2012-07-15: Processing 15 games
  ✅ 2012-07-15: Saved 15 games
📊 2012-07-16: Processing 12 games
  ✅ 2012-07-16: Saved 12 games
📊 2012-07-17: Processing 15 games
  ✅ 2012-07-17: Saved 15 games
📊 2012-07-18: Processing 15 games
  ✅ 2012-07-18: Saved 15 games
📊 2012-07-19: Processing 11 games
  ✅ 2012-07-19: Saved 11 games
📊 2012-07-20: Processing 15 games
  ✅ 2012-07-20: Saved 15 games
📊 2012-07-21: Processing 16 games
  ✅ 2012-07-21: Saved 16 games
📊 2012-07-22: Processing 15 games
  ✅ 2012-07-22: Saved 15 games
📊 2012-07-23: Processing 13 games
  ✅ 2012-07-23: Saved 13 games
📊 2012-07-24: Processing 15 games
  ✅ 2012-07-24: Saved 15 games
📊 2012-07-25: Processing 15 games
  ✅ 2012-07-25: Saved 15 games
📊 2012-07-26: Processing 8 games
  ✅ 2012-07-26: Saved 8 games
📊 2012-07-27: Processing 15 games
  ✅ 2012-07-27: Saved 15 games
📊 2012-07-28: Processing 15 games
  ✅ 2012-07-28: Saved 15 games
📊 2012-07-29: Processing 15 games
  ✅ 2012-07-29: Saved 15 games
📊 2012-07-30: Processing 12 games
  ✅ 2012-07-30: Saved 12 games
📊 2012-07-31: Processing 15 games
  ✅ 2012-07-31: Saved 15 games
📊 2012-08-01: Processing 15 games
  ✅ 2012-08-01: Saved 15 games
📊 2012-08-02: Processing 9 games
  ✅ 2012-08-02: Saved 9 games
📊 2012-08-03: Processing 16 games
  ✅ 2012-08-03: Saved 16 games
📊 2012-08-04: Processing 15 games
  ✅ 2012-08-04: Saved 15 games
📊 2012-08-05: Processing 15 games
  ✅ 2012-08-05: Saved 15 games
📊 2012-08-06: Processing 13 games
  ✅ 2012-08-06: Saved 13 games
📊 2012-08-07: Processing 15 games
  ✅ 2012-08-07: Saved 15 games
📊 2012-08-08: Processing 15 games
  ✅ 2012-08-08: Saved 15 games
📊 2012-08-09: Processing 9 games
  ✅ 2012-08-09: Saved 9 games
📊 2012-08-10: Processing 15 games
  ✅ 2012-08-10: Saved 15 games
📊 2012-08-11: Processing 15 games
  ✅ 2012-08-11: Saved 15 games
📊 2012-08-12: Processing 15 games
  ✅ 2012-08-12: Saved 15 games
📊 2012-08-13: Processing 11 games
  ✅ 2012-08-13: Saved 11 games
📊 2012-08-14: Processing 15 games
  ✅ 2012-08-14: Saved 15 games
📊 2012-08-15: Processing 15 games
  ✅ 2012-08-15: Saved 15 games
📊 2012-08-16: Processing 11 games
  ✅ 2012-08-16: Saved 11 games
📊 2012-08-17: Processing 15 games
  ✅ 2012-08-17: Saved 15 games
📊 2012-08-18: Processing 16 games
  ✅ 2012-08-18: Saved 16 games
📊 2012-08-19: Processing 15 games
  ✅ 2012-08-19: Saved 15 games
📊 2012-08-20: Processing 12 games
  ✅ 2012-08-20: Saved 12 games
📊 2012-08-21: Processing 15 games
  ✅ 2012-08-21: Saved 15 games
📊 2012-08-22: Processing 16 games
  ✅ 2012-08-22: Saved 16 games
📊 2012-08-23: Processing 8 games
  ✅ 2012-08-23: Saved 8 games
📊 2012-08-24: Processing 15 games
  ✅ 2012-08-24: Saved 15 games
📊 2012-08-25: Processing 15 games
  ✅ 2012-08-25: Saved 15 games
📊 2012-08-26: Processing 14 games
  ✅ 2012-08-26: Saved 14 games
📊 2012-08-27: Processing 11 games
  ✅ 2012-08-27: Saved 11 games
📊 2012-08-28: Processing 15 games
  ✅ 2012-08-28: Saved 15 games
📊 2012-08-29: Processing 15 games
  ✅ 2012-08-29: Saved 15 games
📊 2012-08-30: Processing 11 games
  ✅ 2012-08-30: Saved 11 games
📊 2012-08-31: Processing 15 games
  ✅ 2012-08-31: Saved 15 games
📊 2012-09-01: Processing 16 games
  ✅ 2012-09-01: Saved 16 games
📊 2012-09-02: Processing 15 games
  ✅ 2012-09-02: Saved 15 games
📊 2012-09-03: Processing 15 games
  ✅ 2012-09-03: Saved 15 games
📊 2012-09-04: Processing 15 games
  ✅ 2012-09-04: Saved 15 games
📊 2012-09-05: Processing 15 games
  ✅ 2012-09-05: Saved 15 games
📊 2012-09-06: Processing 5 games
  ✅ 2012-09-06: Saved 5 games
📊 2012-09-07: Processing 15 games
  ✅ 2012-09-07: Saved 15 games
📊 2012-09-08: Processing 15 games
  ✅ 2012-09-08: Saved 15 games
📊 2012-09-09: Processing 16 games
  ✅ 2012-09-09: Saved 16 games
📊 2012-09-10: Processing 10 games
  ✅ 2012-09-10: Saved 10 games
📊 2012-09-11: Processing 15 games
  ✅ 2012-09-11: Saved 15 games
📊 2012-09-12: Processing 15 games
  ✅ 2012-09-12: Saved 15 games
📊 2012-09-13: Processing 9 games
  ✅ 2012-09-13: Saved 9 games
📊 2012-09-14: Processing 15 games
  ✅ 2012-09-14: Saved 15 games
📊 2012-09-15: Processing 15 games
  ✅ 2012-09-15: Saved 15 games
📊 2012-09-16: Processing 15 games
  ✅ 2012-09-16: Saved 15 games
📊 2012-09-17: Processing 7 games
  ✅ 2012-09-17: Saved 7 games
📊 2012-09-18: Processing 15 games
  ✅ 2012-09-18: Saved 15 games
📊 2012-09-19: Processing 17 games
  ✅ 2012-09-19: Saved 17 games
📊 2012-09-20: Processing 13 games
  ✅ 2012-09-20: Saved 13 games
📊 2012-09-21: Processing 15 games
  ✅ 2012-09-21: Saved 15 games
📊 2012-09-22: Processing 15 games
  ✅ 2012-09-22: Saved 15 games
📊 2012-09-23: Processing 16 games
  ✅ 2012-09-23: Saved 16 games
📊 2012-09-24: Processing 10 games
  ✅ 2012-09-24: Saved 10 games
📊 2012-09-25: Processing 15 games
  ✅ 2012-09-25: Saved 15 games
📊 2012-09-26: Processing 15 games
  ✅ 2012-09-26: Saved 15 games
📊 2012-09-27: Processing 12 games
  ✅ 2012-09-27: Saved 12 games
📊 2012-09-28: Processing 15 games
  ✅ 2012-09-28: Saved 15 games
📊 2012-09-29: Processing 15 games
  ✅ 2012-09-29: Saved 15 games
📊 2012-09-30: Processing 16 games
  ✅ 2012-09-30: Saved 16 games
📊 2012-10-01: Processing 15 games
  ✅ 2012-10-01: Saved 15 games
📊 2012-10-02: Processing 15 games
  ✅ 2012-10-02: Saved 15 games
📊 2012-10-03: Processing 15 games
  ✅ 2012-10-03: Saved 15 games

============================================================
✅ Complete! Processed 181 dates with 2451 total games
📁 Output location: /workspaces/MLB-Model/data/2012_data/mlb_data/raw/starting_pitcher_boxscores
============================================================


✅ Completed 2012: 181 / 181 files (latest: starting_pitcher_boxscores_2012-10-03.csv)

-------------------------------------------------------------------
Starting year: 2011
-------------------------------------------------------------------

============================================================
Fetching MLB Starting Pitcher Boxscores for 2011 Season
============================================================

📂 Found 179 boxscore files to process

📊 2011-03-31: Processing 6 games
  ✅ 2011-03-31: Saved 6 games
📊 2011-04-01: Processing 11 games
  ✅ 2011-04-01: Saved 11 games
📊 2011-04-02: Processing 15 games
  ✅ 2011-04-02: Saved 15 games
📊 2011-04-03: Processing 15 games
  ✅ 2011-04-03: Saved 15 games
📊 2011-04-04: Processing 6 games
  ✅ 2011-04-04: Saved 6 games
📊 2011-04-05: Processing 14 games
  ✅ 2011-04-05: Saved 14 games
📊 2011-04-06: Processing 15 games
  ✅ 2011-04-06: Saved 15 games
📊 2011-04-07: Processing 10 games
  ✅ 2011-04-07: Saved 10 games
📊 2011-04-08: Processing 15 games
  ✅ 2011-04-08: Saved 15 games
📊 2011-04-09: Processing 17 games
  ✅ 2011-04-09: Saved 17 games
📊 2011-04-10: Processing 15 games
  ✅ 2011-04-10: Saved 15 games
📊 2011-04-11: Processing 10 games
  ✅ 2011-04-11: Saved 10 games
📊 2011-04-12: Processing 15 games
  ✅ 2011-04-12: Saved 15 games
📊 2011-04-13: Processing 15 games
  ✅ 2011-04-13: Saved 15 games
📊 2011-04-14: Processing 11 games
  ✅ 2011-04-14: Saved 11 games
📊 2011-04-15: Processing 15 games
  ✅ 2011-04-15: Saved 15 games
📊 2011-04-16: Processing 16 games
  ✅ 2011-04-16: Saved 16 games
📊 2011-04-17: Processing 16 games
  ✅ 2011-04-17: Saved 16 games
📊 2011-04-18: Processing 11 games
  ✅ 2011-04-18: Saved 11 games
📊 2011-04-19: Processing 15 games
  ✅ 2011-04-19: Saved 15 games
📊 2011-04-20: Processing 17 games
  ✅ 2011-04-20: Saved 17 games
📊 2011-04-21: Processing 11 games
  ✅ 2011-04-21: Saved 11 games
📊 2011-04-22: Processing 15 games
  ✅ 2011-04-22: Saved 15 games
📊 2011-04-23: Processing 15 games
  ✅ 2011-04-23: Saved 15 games
📊 2011-04-24: Processing 15 games
  ✅ 2011-04-24: Saved 15 games
📊 2011-04-25: Processing 9 games
  ✅ 2011-04-25: Saved 9 games
📊 2011-04-26: Processing 15 games
  ✅ 2011-04-26: Saved 15 games
📊 2011-04-27: Processing 15 games
  ✅ 2011-04-27: Saved 15 games
📊 2011-04-28: Processing 11 games
  ✅ 2011-04-28: Saved 11 games
📊 2011-04-29: Processing 15 games
  ✅ 2011-04-29: Saved 15 games
📊 2011-04-30: Processing 15 games
  ✅ 2011-04-30: Saved 15 games
📊 2011-05-01: Processing 15 games
  ✅ 2011-05-01: Saved 15 games
📊 2011-05-02: Processing 10 games
  ✅ 2011-05-02: Saved 10 games
📊 2011-05-03: Processing 15 games
  ✅ 2011-05-03: Saved 15 games
📊 2011-05-04: Processing 16 games
  ✅ 2011-05-04: Saved 16 games
📊 2011-05-05: Processing 12 games
  ✅ 2011-05-05: Saved 12 games
📊 2011-05-06: Processing 15 games
  ✅ 2011-05-06: Saved 15 games
📊 2011-05-07: Processing 15 games
  ✅ 2011-05-07: Saved 15 games
📊 2011-05-08: Processing 15 games
  ✅ 2011-05-08: Saved 15 games
📊 2011-05-09: Processing 9 games
  ✅ 2011-05-09: Saved 9 games
📊 2011-05-10: Processing 15 games
  ✅ 2011-05-10: Saved 15 games
📊 2011-05-11: Processing 15 games
  ✅ 2011-05-11: Saved 15 games
📊 2011-05-12: Processing 8 games
  ✅ 2011-05-12: Saved 8 games
📊 2011-05-13: Processing 15 games
  ✅ 2011-05-13: Saved 15 games
📊 2011-05-14: Processing 15 games
  ✅ 2011-05-14: Saved 15 games
📊 2011-05-15: Processing 15 games
  ✅ 2011-05-15: Saved 15 games
📊 2011-05-16: Processing 15 games
  ✅ 2011-05-16: Saved 15 games
📊 2011-05-17: Processing 15 games
  ✅ 2011-05-17: Saved 15 games
📊 2011-05-18: Processing 15 games
  ✅ 2011-05-18: Saved 15 games
📊 2011-05-19: Processing 15 games
  ✅ 2011-05-19: Saved 15 games
📊 2011-05-20: Processing 15 games
  ✅ 2011-05-20: Saved 15 games
📊 2011-05-21: Processing 15 games
  ✅ 2011-05-21: Saved 15 games
📊 2011-05-22: Processing 15 games
  ✅ 2011-05-22: Saved 15 games
📊 2011-05-23: Processing 10 games
  ✅ 2011-05-23: Saved 10 games
📊 2011-05-24: Processing 16 games
  ✅ 2011-05-24: Saved 16 games
📊 2011-05-25: Processing 15 games
  ✅ 2011-05-25: Saved 15 games
📊 2011-05-26: Processing 8 games
  ✅ 2011-05-26: Saved 8 games
📊 2011-05-27: Processing 15 games
  ✅ 2011-05-27: Saved 15 games
📊 2011-05-28: Processing 15 games
  ✅ 2011-05-28: Saved 15 games
📊 2011-05-29: Processing 16 games
  ✅ 2011-05-29: Saved 16 games
📊 2011-05-30: Processing 15 games
  ✅ 2011-05-30: Saved 15 games
📊 2011-05-31: Processing 15 games
  ✅ 2011-05-31: Saved 15 games
📊 2011-06-01: Processing 15 games
  ✅ 2011-06-01: Saved 15 games
📊 2011-06-02: Processing 7 games
  ✅ 2011-06-02: Saved 7 games
📊 2011-06-03: Processing 15 games
  ✅ 2011-06-03: Saved 15 games
📊 2011-06-04: Processing 15 games
  ✅ 2011-06-04: Saved 15 games
📊 2011-06-05: Processing 15 games
  ✅ 2011-06-05: Saved 15 games
📊 2011-06-06: Processing 11 games
  ✅ 2011-06-06: Saved 11 games
📊 2011-06-07: Processing 15 games
  ✅ 2011-06-07: Saved 15 games
📊 2011-06-08: Processing 15 games
  ✅ 2011-06-08: Saved 15 games
📊 2011-06-09: Processing 13 games
  ✅ 2011-06-09: Saved 13 games
📊 2011-06-10: Processing 15 games
  ✅ 2011-06-10: Saved 15 games
📊 2011-06-11: Processing 15 games
  ✅ 2011-06-11: Saved 15 games
📊 2011-06-12: Processing 15 games
  ✅ 2011-06-12: Saved 15 games
📊 2011-06-13: Processing 9 games
  ✅ 2011-06-13: Saved 9 games
📊 2011-06-14: Processing 15 games
  ✅ 2011-06-14: Saved 15 games
📊 2011-06-15: Processing 16 games
  ✅ 2011-06-15: Saved 16 games
📊 2011-06-16: Processing 12 games
  ✅ 2011-06-16: Saved 12 games
📊 2011-06-17: Processing 15 games
  ✅ 2011-06-17: Saved 15 games
📊 2011-06-18: Processing 15 games
  ✅ 2011-06-18: Saved 15 games
📊 2011-06-19: Processing 15 games
  ✅ 2011-06-19: Saved 15 games
📊 2011-06-20: Processing 10 games
  ✅ 2011-06-20: Saved 10 games
📊 2011-06-21: Processing 15 games
  ✅ 2011-06-21: Saved 15 games
📊 2011-06-22: Processing 16 games
  ✅ 2011-06-22: Saved 16 games
📊 2011-06-23: Processing 5 games
  ✅ 2011-06-23: Saved 5 games
📊 2011-06-24: Processing 15 games
  ✅ 2011-06-24: Saved 15 games
📊 2011-06-25: Processing 15 games
  ✅ 2011-06-25: Saved 15 games
📊 2011-06-26: Processing 15 games
  ✅ 2011-06-26: Saved 15 games
📊 2011-06-27: Processing 8 games
  ✅ 2011-06-27: Saved 8 games
📊 2011-06-28: Processing 16 games
  ✅ 2011-06-28: Saved 16 games
📊 2011-06-29: Processing 15 games
  ✅ 2011-06-29: Saved 15 games
📊 2011-06-30: Processing 9 games
  ✅ 2011-06-30: Saved 9 games
📊 2011-07-01: Processing 15 games
  ✅ 2011-07-01: Saved 15 games
📊 2011-07-02: Processing 16 games
  ✅ 2011-07-02: Saved 16 games
📊 2011-07-03: Processing 15 games
  ✅ 2011-07-03: Saved 15 games
📊 2011-07-04: Processing 15 games
  ✅ 2011-07-04: Saved 15 games
📊 2011-07-05: Processing 15 games
  ✅ 2011-07-05: Saved 15 games
📊 2011-07-06: Processing 15 games
  ✅ 2011-07-06: Saved 15 games
📊 2011-07-07: Processing 14 games
  ✅ 2011-07-07: Saved 14 games
📊 2011-07-08: Processing 15 games
  ✅ 2011-07-08: Saved 15 games
📊 2011-07-09: Processing 15 games
  ✅ 2011-07-09: Saved 15 games
📊 2011-07-10: Processing 15 games
  ✅ 2011-07-10: Saved 15 games
📊 2011-07-14: Processing 7 games
  ✅ 2011-07-14: Saved 7 games
📊 2011-07-15: Processing 15 games
  ✅ 2011-07-15: Saved 15 games
📊 2011-07-16: Processing 16 games
  ✅ 2011-07-16: Saved 16 games
📊 2011-07-17: Processing 15 games
  ✅ 2011-07-17: Saved 15 games
📊 2011-07-18: Processing 12 games
  ✅ 2011-07-18: Saved 12 games
📊 2011-07-19: Processing 15 games
  ✅ 2011-07-19: Saved 15 games
📊 2011-07-20: Processing 15 games
  ✅ 2011-07-20: Saved 15 games
📊 2011-07-21: Processing 8 games
  ✅ 2011-07-21: Saved 8 games
📊 2011-07-22: Processing 15 games
  ✅ 2011-07-22: Saved 15 games
📊 2011-07-23: Processing 15 games
  ✅ 2011-07-23: Saved 15 games
📊 2011-07-24: Processing 15 games
  ✅ 2011-07-24: Saved 15 games
📊 2011-07-25: Processing 11 games
  ✅ 2011-07-25: Saved 11 games
