nohup: ignoring input
===================================================================
Fetching MLB Starting Pitcher Boxscores for 2009-2023
===================================================================

-------------------------------------------------------------------
Starting year: 2023
-------------------------------------------------------------------

============================================================
Fetching MLB Starting Pitcher Boxscores for 2023 Season
============================================================

📂 Found 183 boxscore files to process

📊 2023-03-30: Processing 15 games
  ✅ 2023-03-30: Saved 15 games
📊 2023-03-31: Processing 5 games
  ✅ 2023-03-31: Saved 5 games
📊 2023-04-01: Processing 15 games
  ✅ 2023-04-01: Saved 15 games
📊 2023-04-02: Processing 15 games
  ✅ 2023-04-02: Saved 15 games
📊 2023-04-03: Processing 15 games
  ✅ 2023-04-03: Saved 15 games
📊 2023-04-04: Processing 14 games
  ✅ 2023-04-04: Saved 14 games
📊 2023-04-05: Processing 13 games
  ✅ 2023-04-05: Saved 13 games
📊 2023-04-06: Processing 10 games
  ✅ 2023-04-06: Saved 10 games
📊 2023-04-07: Processing 14 games
  ✅ 2023-04-07: Saved 14 games
📊 2023-04-08: Processing 15 games
  ✅ 2023-04-08: Saved 15 games
📊 2023-04-09: Processing 15 games
  ✅ 2023-04-09: Saved 15 games
📊 2023-04-10: Processing 14 games
  ✅ 2023-04-10: Saved 14 games
📊 2023-04-11: Processing 15 games
  ✅ 2023-04-11: Saved 15 games
📊 2023-04-12: Processing 15 games
  ✅ 2023-04-12: Saved 15 games
📊 2023-04-13: Processing 7 games
  ✅ 2023-04-13: Saved 7 games
📊 2023-04-14: Processing 15 games
  ✅ 2023-04-14: Saved 15 games
📊 2023-04-15: Processing 15 games
  ✅ 2023-04-15: Saved 15 games
📊 2023-04-16: Processing 15 games
  ✅ 2023-04-16: Saved 15 games
📊 2023-04-17: Processing 13 games
  ✅ 2023-04-17: Saved 13 games
📊 2023-04-18: Processing 17 games
  ✅ 2023-04-18: Saved 17 games
📊 2023-04-19: Processing 15 games
  ✅ 2023-04-19: Saved 15 games
📊 2023-04-20: Processing 7 games
  ✅ 2023-04-20: Saved 7 games
📊 2023-04-21: Processing 15 games
  ✅ 2023-04-21: Saved 15 games
📊 2023-04-22: Processing 16 games
  ✅ 2023-04-22: Saved 16 games
📊 2023-04-23: Processing 15 games
  ✅ 2023-04-23: Saved 15 games
📊 2023-04-24: Processing 11 games
  ✅ 2023-04-24: Saved 11 games
📊 2023-04-25: Processing 15 games
  ✅ 2023-04-25: Saved 15 games
📊 2023-04-26: Processing 15 games
  ✅ 2023-04-26: Saved 15 games
📊 2023-04-27: Processing 11 games
  ✅ 2023-04-27: Saved 11 games
📊 2023-04-28: Processing 14 games
  ✅ 2023-04-28: Saved 14 games
📊 2023-04-29: Processing 17 games
  ✅ 2023-04-29: Saved 17 games
📊 2023-04-30: Processing 15 games
  ✅ 2023-04-30: Saved 15 games
📊 2023-05-01: Processing 8 games
  ✅ 2023-05-01: Saved 8 games
📊 2023-05-02: Processing 15 games
  ✅ 2023-05-02: Saved 15 games
📊 2023-05-03: Processing 16 games
  ✅ 2023-05-03: Saved 16 games
📊 2023-05-04: Processing 10 games
  ✅ 2023-05-04: Saved 10 games
📊 2023-05-05: Processing 15 games
  ✅ 2023-05-05: Saved 15 games
📊 2023-05-06: Processing 15 games
  ✅ 2023-05-06: Saved 15 games
📊 2023-05-07: Processing 15 games
  ✅ 2023-05-07: Saved 15 games
📊 2023-05-08: Processing 11 games
  ✅ 2023-05-08: Saved 11 games
📊 2023-05-09: Processing 15 games
  ✅ 2023-05-09: Saved 15 games
📊 2023-05-10: Processing 15 games
  ✅ 2023-05-10: Saved 15 games
📊 2023-05-11: Processing 6 games
  ✅ 2023-05-11: Saved 6 games
📊 2023-05-12: Processing 15 games
  ✅ 2023-05-12: Saved 15 games
📊 2023-05-13: Processing 15 games
  ✅ 2023-05-13: Saved 15 games
📊 2023-05-14: Processing 16 games
  ✅ 2023-05-14: Saved 16 games
📊 2023-05-15: Processing 12 games
  ✅ 2023-05-15: Saved 12 games
📊 2023-05-16: Processing 15 games
  ✅ 2023-05-16: Saved 15 games
📊 2023-05-17: Processing 15 games
  ✅ 2023-05-17: Saved 15 games
📊 2023-05-18: Processing 6 games
  ✅ 2023-05-18: Saved 6 games
📊 2023-05-19: Processing 15 games
  ✅ 2023-05-19: Saved 15 games
📊 2023-05-20: Processing 15 games
  ✅ 2023-05-20: Saved 15 games
📊 2023-05-21: Processing 16 games
  ✅ 2023-05-21: Saved 16 games
📊 2023-05-22: Processing 12 games
  ✅ 2023-05-22: Saved 12 games
📊 2023-05-23: Processing 15 games
  ✅ 2023-05-23: Saved 15 games
📊 2023-05-24: Processing 15 games
  ✅ 2023-05-24: Saved 15 games
📊 2023-05-25: Processing 10 games
  ✅ 2023-05-25: Saved 10 games
📊 2023-05-26: Processing 15 games
  ✅ 2023-05-26: Saved 15 games
📊 2023-05-27: Processing 15 games
  ✅ 2023-05-27: Saved 15 games
📊 2023-05-28: Processing 15 games
  ✅ 2023-05-28: Saved 15 games
📊 2023-05-29: Processing 11 games
  ✅ 2023-05-29: Saved 11 games
📊 2023-05-30: Processing 15 games
  ✅ 2023-05-30: Saved 15 games
📊 2023-05-31: Processing 14 games
  ✅ 2023-05-31: Saved 14 games
📊 2023-06-01: Processing 7 games
  ✅ 2023-06-01: Saved 7 games
📊 2023-06-02: Processing 15 games
  ✅ 2023-06-02: Saved 15 games
📊 2023-06-03: Processing 16 games
  ✅ 2023-06-03: Saved 16 games
📊 2023-06-04: Processing 15 games
  ✅ 2023-06-04: Saved 15 games
📊 2023-06-05: Processing 8 games
  ✅ 2023-06-05: Saved 8 games
📊 2023-06-06: Processing 15 games
  ✅ 2023-06-06: Saved 15 games
📊 2023-06-07: Processing 15 games
  ✅ 2023-06-07: Saved 15 games
📊 2023-06-08: Processing 12 games
  ✅ 2023-06-08: Saved 12 games
📊 2023-06-09: Processing 15 games
  ✅ 2023-06-09: Saved 15 games
📊 2023-06-10: Processing 15 games
  ✅ 2023-06-10: Saved 15 games
📊 2023-06-11: Processing 15 games
  ✅ 2023-06-11: Saved 15 games
📊 2023-06-12: Processing 8 games
  ✅ 2023-06-12: Saved 8 games
📊 2023-06-13: Processing 15 games
  ✅ 2023-06-13: Saved 15 games
📊 2023-06-14: Processing 16 games
  ✅ 2023-06-14: Saved 16 games
📊 2023-06-15: Processing 10 games
  ✅ 2023-06-15: Saved 10 games
📊 2023-06-16: Processing 15 games
  ✅ 2023-06-16: Saved 15 games
📊 2023-06-17: Processing 15 games
  ✅ 2023-06-17: Saved 15 games
📊 2023-06-18: Processing 16 games
  ✅ 2023-06-18: Saved 16 games
📊 2023-06-19: Processing 10 games
  ✅ 2023-06-19: Saved 10 games
📊 2023-06-20: Processing 15 games
  ✅ 2023-06-20: Saved 15 games
📊 2023-06-21: Processing 15 games
  ✅ 2023-06-21: Saved 15 games
📊 2023-06-22: Processing 8 games
  ✅ 2023-06-22: Saved 8 games
📊 2023-06-23: Processing 14 games
  ✅ 2023-06-23: Saved 14 games
📊 2023-06-24: Processing 15 games
  ✅ 2023-06-24: Saved 15 games
📊 2023-06-25: Processing 15 games
  ✅ 2023-06-25: Saved 15 games
📊 2023-06-26: Processing 6 games
  ✅ 2023-06-26: Saved 6 games
📊 2023-06-27: Processing 15 games
  ✅ 2023-06-27: Saved 15 games
📊 2023-06-28: Processing 15 games
  ✅ 2023-06-28: Saved 15 games
📊 2023-06-29: Processing 12 games
  ✅ 2023-06-29: Saved 12 games
📊 2023-06-30: Processing 15 games
  ✅ 2023-06-30: Saved 15 games
📊 2023-07-01: Processing 16 games
  ✅ 2023-07-01: Saved 16 games
📊 2023-07-02: Processing 15 games
  ✅ 2023-07-02: Saved 15 games
📊 2023-07-03: Processing 10 games
  ✅ 2023-07-03: Saved 10 games
📊 2023-07-04: Processing 15 games
  ✅ 2023-07-04: Saved 15 games
📊 2023-07-05: Processing 15 games
  ✅ 2023-07-05: Saved 15 games
📊 2023-07-06: Processing 13 games
  ✅ 2023-07-06: Saved 13 games
📊 2023-07-07: Processing 15 games
  ✅ 2023-07-07: Saved 15 games
📊 2023-07-08: Processing 15 games
  ✅ 2023-07-08: Saved 15 games
📊 2023-07-09: Processing 14 games
  ✅ 2023-07-09: Saved 14 games
📊 2023-07-14: Processing 15 games
  ✅ 2023-07-14: Saved 15 games
📊 2023-07-15: Processing 18 games
  ✅ 2023-07-15: Saved 18 games
📊 2023-07-16: Processing 15 games
  ✅ 2023-07-16: Saved 15 games
📊 2023-07-17: Processing 10 games
  ✅ 2023-07-17: Saved 10 games
📊 2023-07-18: Processing 16 games
  ✅ 2023-07-18: Saved 16 games
📊 2023-07-19: Processing 15 games
  ✅ 2023-07-19: Saved 15 games
📊 2023-07-20: Processing 10 games
  ✅ 2023-07-20: Saved 10 games
📊 2023-07-21: Processing 15 games
  ✅ 2023-07-21: Saved 15 games
📊 2023-07-22: Processing 16 games
  ✅ 2023-07-22: Saved 16 games
📊 2023-07-23: Processing 15 games
  ✅ 2023-07-23: Saved 15 games
📊 2023-07-24: Processing 10 games
  ✅ 2023-07-24: Saved 10 games
📊 2023-07-25: Processing 15 games
  ✅ 2023-07-25: Saved 15 games
📊 2023-07-26: Processing 15 games
  ✅ 2023-07-26: Saved 15 games
📊 2023-07-27: Processing 5 games
  ✅ 2023-07-27: Saved 5 games
📊 2023-07-28: Processing 15 games
  ✅ 2023-07-28: Saved 15 games
📊 2023-07-29: Processing 15 games
  ✅ 2023-07-29: Saved 15 games
📊 2023-07-30: Processing 15 games
  ✅ 2023-07-30: Saved 15 games
📊 2023-07-31: Processing 10 games
  ✅ 2023-07-31: Saved 10 games
📊 2023-08-01: Processing 15 games
  ✅ 2023-08-01: Saved 15 games
📊 2023-08-02: Processing 15 games
  ✅ 2023-08-02: Saved 15 games
📊 2023-08-03: Processing 11 games
  ✅ 2023-08-03: Saved 11 games
📊 2023-08-04: Processing 14 games
  ✅ 2023-08-04: Saved 14 games
📊 2023-08-05: Processing 15 games
  ✅ 2023-08-05: Saved 15 games
📊 2023-08-06: Processing 15 games
  ✅ 2023-08-06: Saved 15 games
📊 2023-08-07: Processing 12 games
  ✅ 2023-08-07: Saved 12 games
📊 2023-08-08: Processing 16 games
  ✅ 2023-08-08: Saved 16 games
📊 2023-08-09: Processing 15 games
  ✅ 2023-08-09: Saved 15 games
📊 2023-08-10: Processing 8 games
  ✅ 2023-08-10: Saved 8 games
📊 2023-08-11: Processing 15 games
  ✅ 2023-08-11: Saved 15 games
📊 2023-08-12: Processing 16 games
  ✅ 2023-08-12: Saved 16 games
📊 2023-08-13: Processing 15 games
  ✅ 2023-08-13: Saved 15 games
📊 2023-08-14: Processing 9 games
  ✅ 2023-08-14: Saved 9 games
📊 2023-08-15: Processing 15 games
  ✅ 2023-08-15: Saved 15 games
📊 2023-08-16: Processing 15 games
  ✅ 2023-08-16: Saved 15 games
📊 2023-08-17: Processing 6 games
  ✅ 2023-08-17: Saved 6 games
📊 2023-08-18: Processing 16 games
  ✅ 2023-08-18: Saved 16 games
📊 2023-08-19: Processing 18 games
  ✅ 2023-08-19: Saved 18 games
📊 2023-08-20: Processing 12 games
  ✅ 2023-08-20: Saved 12 games
📊 2023-08-21: Processing 10 games
  ✅ 2023-08-21: Saved 10 games
📊 2023-08-22: Processing 15 games
  ✅ 2023-08-22: Saved 15 games
📊 2023-08-23: Processing 15 games
  ✅ 2023-08-23: Saved 15 games
📊 2023-08-24: Processing 10 games
  ✅ 2023-08-24: Saved 10 games
📊 2023-08-25: Processing 15 games
  ✅ 2023-08-25: Saved 15 games
📊 2023-08-26: Processing 15 games
  ✅ 2023-08-26: Saved 15 games
📊 2023-08-27: Processing 15 games
  ✅ 2023-08-27: Saved 15 games
📊 2023-08-28: Processing 14 games
  ✅ 2023-08-28: Saved 14 games
📊 2023-08-29: Processing 15 games
  ✅ 2023-08-29: Saved 15 games
📊 2023-08-30: Processing 15 games
  ✅ 2023-08-30: Saved 15 games
📊 2023-08-31: Processing 4 games
  ✅ 2023-08-31: Saved 4 games
📊 2023-09-01: Processing 16 games
  ✅ 2023-09-01: Saved 16 games
📊 2023-09-02: Processing 15 games
  ✅ 2023-09-02: Saved 15 games
📊 2023-09-03: Processing 15 games
  ✅ 2023-09-03: Saved 15 games
📊 2023-09-04: Processing 11 games
  ✅ 2023-09-04: Saved 11 games
📊 2023-09-05: Processing 15 games
  ✅ 2023-09-05: Saved 15 games
📊 2023-09-06: Processing 15 games
  ✅ 2023-09-06: Saved 15 games
📊 2023-09-07: Processing 6 games
  ✅ 2023-09-07: Saved 6 games
📊 2023-09-08: Processing 15 games
  ✅ 2023-09-08: Saved 15 games
📊 2023-09-09: Processing 15 games
  ✅ 2023-09-09: Saved 15 games
📊 2023-09-10: Processing 15 games
  ✅ 2023-09-10: Saved 15 games
📊 2023-09-11: Processing 15 games
  ✅ 2023-09-11: Saved 15 games
📊 2023-09-12: Processing 17 games
  ✅ 2023-09-12: Saved 17 games
📊 2023-09-13: Processing 15 games
  ✅ 2023-09-13: Saved 15 games
📊 2023-09-14: Processing 10 games
  ✅ 2023-09-14: Saved 10 games
📊 2023-09-15: Processing 15 games
  ✅ 2023-09-15: Saved 15 games
📊 2023-09-16: Processing 16 games
  ✅ 2023-09-16: Saved 16 games
📊 2023-09-17: Processing 15 games
  ✅ 2023-09-17: Saved 15 games
📊 2023-09-18: Processing 11 games
  ✅ 2023-09-18: Saved 11 games
📊 2023-09-19: Processing 15 games
  ✅ 2023-09-19: Saved 15 games
📊 2023-09-20: Processing 15 games
  ✅ 2023-09-20: Saved 15 games
📊 2023-09-21: Processing 9 games
  ✅ 2023-09-21: Saved 9 games
📊 2023-09-22: Processing 15 games
  ✅ 2023-09-22: Saved 15 games
📊 2023-09-23: Processing 15 games
  ✅ 2023-09-23: Saved 15 games
📊 2023-09-24: Processing 16 games
  ✅ 2023-09-24: Saved 16 games
📊 2023-09-25: Processing 5 games
  ✅ 2023-09-25: Saved 5 games
📊 2023-09-26: Processing 16 games
  ✅ 2023-09-26: Saved 16 games
📊 2023-09-27: Processing 16 games
  ✅ 2023-09-27: Saved 16 games
📊 2023-09-28: Processing 12 games
  ✅ 2023-09-28: Saved 12 games
📊 2023-09-29: Processing 15 games
  ✅ 2023-09-29: Saved 15 games
📊 2023-09-30: Processing 16 games
  ✅ 2023-09-30: Saved 16 games
📊 2023-10-01: Processing 15 games
  ✅ 2023-10-01: Saved 15 games
📊 2023-10-02: Processing 1 games
  ✅ 2023-10-02: Saved 1 games

============================================================
✅ Complete! Processed 183 dates with 2476 total games
📁 Output location: /workspaces/MLB-Model/data/2023_data/mlb_data/raw/starting_pitcher_boxscores
============================================================


✅ Completed 2023: 183 files (latest: starting_pitcher_boxscores_2023-10-02.csv)

-------------------------------------------------------------------
Starting year: 2022
-------------------------------------------------------------------

============================================================
Fetching MLB Starting Pitcher Boxscores for 2022 Season
============================================================

📂 Found 179 boxscore files to process

📊 2022-04-07: Processing 9 games
  ✅ 2022-04-07: Saved 9 games
📊 2022-04-08: Processing 13 games
  ✅ 2022-04-08: Saved 13 games
📊 2022-04-09: Processing 15 games
  ✅ 2022-04-09: Saved 15 games
📊 2022-04-10: Processing 15 games
  ✅ 2022-04-10: Saved 15 games
📊 2022-04-11: Processing 12 games
  ✅ 2022-04-11: Saved 12 games
📊 2022-04-12: Processing 15 games
  ✅ 2022-04-12: Saved 15 games
📊 2022-04-13: Processing 13 games
  ✅ 2022-04-13: Saved 13 games
📊 2022-04-14: Processing 11 games
  ✅ 2022-04-14: Saved 11 games
📊 2022-04-15: Processing 15 games
  ✅ 2022-04-15: Saved 15 games
📊 2022-04-16: Processing 15 games
  ✅ 2022-04-16: Saved 15 games
📊 2022-04-17: Processing 15 games
  ✅ 2022-04-17: Saved 15 games
📊 2022-04-18: Processing 11 games
  ✅ 2022-04-18: Saved 11 games
📊 2022-04-19: Processing 17 games
  ✅ 2022-04-19: Saved 17 games
📊 2022-04-20: Processing 16 games
  ✅ 2022-04-20: Saved 16 games
📊 2022-04-21: Processing 10 games
  ✅ 2022-04-21: Saved 10 games
📊 2022-04-22: Processing 15 games
  ✅ 2022-04-22: Saved 15 games
📊 2022-04-23: Processing 16 games
  ✅ 2022-04-23: Saved 16 games
📊 2022-04-24: Processing 15 games
  ✅ 2022-04-24: Saved 15 games
📊 2022-04-25: Processing 7 games
  ✅ 2022-04-25: Saved 7 games
📊 2022-04-26: Processing 15 games
  ✅ 2022-04-26: Saved 15 games
📊 2022-04-27: Processing 15 games
  ✅ 2022-04-27: Saved 15 games
📊 2022-04-28: Processing 13 games
  ✅ 2022-04-28: Saved 13 games
📊 2022-04-29: Processing 15 games
  ✅ 2022-04-29: Saved 15 games
📊 2022-04-30: Processing 15 games
  ✅ 2022-04-30: Saved 15 games
📊 2022-05-01: Processing 15 games
  ✅ 2022-05-01: Saved 15 games
📊 2022-05-02: Processing 8 games
  ✅ 2022-05-02: Saved 8 games
📊 2022-05-03: Processing 16 games
  ✅ 2022-05-03: Saved 16 games
📊 2022-05-04: Processing 17 games
  ✅ 2022-05-04: Saved 17 games
📊 2022-05-05: Processing 10 games
  ✅ 2022-05-05: Saved 10 games
📊 2022-05-06: Processing 15 games
  ✅ 2022-05-06: Saved 15 games
📊 2022-05-07: Processing 18 games
  ✅ 2022-05-07: Saved 18 games
📊 2022-05-08: Processing 18 games
  ✅ 2022-05-08: Saved 18 games
📊 2022-05-09: Processing 11 games
  ✅ 2022-05-09: Saved 11 games
📊 2022-05-10: Processing 16 games
  ✅ 2022-05-10: Saved 16 games
📊 2022-05-11: Processing 15 games
  ✅ 2022-05-11: Saved 15 games
📊 2022-05-12: Processing 9 games
  ✅ 2022-05-12: Saved 9 games
📊 2022-05-13: Processing 15 games
  ✅ 2022-05-13: Saved 15 games
📊 2022-05-14: Processing 16 games
  ✅ 2022-05-14: Saved 16 games
📊 2022-05-15: Processing 15 games
  ✅ 2022-05-15: Saved 15 games
📊 2022-05-16: Processing 13 games
  ✅ 2022-05-16: Saved 13 games
📊 2022-05-17: Processing 18 games
  ✅ 2022-05-17: Saved 18 games
📊 2022-05-18: Processing 15 games
  ✅ 2022-05-18: Saved 15 games
📊 2022-05-19: Processing 8 games
  ✅ 2022-05-19: Saved 8 games
📊 2022-05-20: Processing 15 games
  ✅ 2022-05-20: Saved 15 games
📊 2022-05-21: Processing 16 games
  ✅ 2022-05-21: Saved 16 games
📊 2022-05-22: Processing 16 games
  ✅ 2022-05-22: Saved 16 games
📊 2022-05-23: Processing 12 games
  ✅ 2022-05-23: Saved 12 games
📊 2022-05-24: Processing 15 games
  ✅ 2022-05-24: Saved 15 games
📊 2022-05-25: Processing 13 games
  ✅ 2022-05-25: Saved 13 games
📊 2022-05-26: Processing 11 games
  ✅ 2022-05-26: Saved 11 games
📊 2022-05-27: Processing 14 games
  ✅ 2022-05-27: Saved 14 games
📊 2022-05-28: Processing 17 games
  ✅ 2022-05-28: Saved 17 games
📊 2022-05-29: Processing 15 games
  ✅ 2022-05-29: Saved 15 games
📊 2022-05-30: Processing 13 games
  ✅ 2022-05-30: Saved 13 games
📊 2022-05-31: Processing 16 games
  ✅ 2022-05-31: Saved 16 games
📊 2022-06-01: Processing 16 games
  ✅ 2022-06-01: Saved 16 games
📊 2022-06-02: Processing 12 games
  ✅ 2022-06-02: Saved 12 games
📊 2022-06-03: Processing 15 games
  ✅ 2022-06-03: Saved 15 games
📊 2022-06-04: Processing 16 games
  ✅ 2022-06-04: Saved 16 games
📊 2022-06-05: Processing 15 games
  ✅ 2022-06-05: Saved 15 games
📊 2022-06-06: Processing 6 games
  ✅ 2022-06-06: Saved 6 games
📊 2022-06-07: Processing 16 games
  ✅ 2022-06-07: Saved 16 games
📊 2022-06-08: Processing 15 games
  ✅ 2022-06-08: Saved 15 games
📊 2022-06-09: Processing 11 games
  ✅ 2022-06-09: Saved 11 games
📊 2022-06-10: Processing 15 games
  ✅ 2022-06-10: Saved 15 games
📊 2022-06-11: Processing 16 games
  ✅ 2022-06-11: Saved 16 games
📊 2022-06-12: Processing 15 games
  ✅ 2022-06-12: Saved 15 games
📊 2022-06-13: Processing 10 games
  ✅ 2022-06-13: Saved 10 games
📊 2022-06-14: Processing 16 games
  ✅ 2022-06-14: Saved 16 games
📊 2022-06-15: Processing 15 games
  ✅ 2022-06-15: Saved 15 games
📊 2022-06-16: Processing 9 games
  ✅ 2022-06-16: Saved 9 games
📊 2022-06-17: Processing 16 games
  ✅ 2022-06-17: Saved 16 games
📊 2022-06-18: Processing 16 games
  ✅ 2022-06-18: Saved 16 games
📊 2022-06-19: Processing 15 games
  ✅ 2022-06-19: Saved 15 games
📊 2022-06-20: Processing 9 games
  ✅ 2022-06-20: Saved 9 games
📊 2022-06-21: Processing 15 games
  ✅ 2022-06-21: Saved 15 games
📊 2022-06-22: Processing 15 games
  ✅ 2022-06-22: Saved 15 games
📊 2022-06-23: Processing 10 games
  ✅ 2022-06-23: Saved 10 games
📊 2022-06-24: Processing 15 games
  ✅ 2022-06-24: Saved 15 games
📊 2022-06-25: Processing 15 games
  ✅ 2022-06-25: Saved 15 games
📊 2022-06-26: Processing 15 games
  ✅ 2022-06-26: Saved 15 games
📊 2022-06-27: Processing 9 games
  ✅ 2022-06-27: Saved 9 games
📊 2022-06-28: Processing 16 games
  ✅ 2022-06-28: Saved 16 games
📊 2022-06-29: Processing 15 games
  ✅ 2022-06-29: Saved 15 games
📊 2022-06-30: Processing 8 games
  ✅ 2022-06-30: Saved 8 games
📊 2022-07-01: Processing 15 games
  ✅ 2022-07-01: Saved 15 games
📊 2022-07-02: Processing 17 games
  ✅ 2022-07-02: Saved 17 games
📊 2022-07-03: Processing 15 games
  ✅ 2022-07-03: Saved 15 games
📊 2022-07-04: Processing 14 games
  ✅ 2022-07-04: Saved 14 games
📊 2022-07-05: Processing 15 games
  ✅ 2022-07-05: Saved 15 games
📊 2022-07-06: Processing 14 games
  ✅ 2022-07-06: Saved 14 games
📊 2022-07-07: Processing 13 games
  ✅ 2022-07-07: Saved 13 games
📊 2022-07-08: Processing 15 games
  ✅ 2022-07-08: Saved 15 games
📊 2022-07-09: Processing 15 games
  ✅ 2022-07-09: Saved 15 games
📊 2022-07-10: Processing 15 games
  ✅ 2022-07-10: Saved 15 games
📊 2022-07-11: Processing 10 games
  ✅ 2022-07-11: Saved 10 games
📊 2022-07-12: Processing 16 games
  ✅ 2022-07-12: Saved 16 games
📊 2022-07-13: Processing 16 games
  ✅ 2022-07-13: Saved 16 games
📊 2022-07-14: Processing 13 games
  ✅ 2022-07-14: Saved 13 games
📊 2022-07-15: Processing 15 games
  ✅ 2022-07-15: Saved 15 games
📊 2022-07-16: Processing 16 games
  ✅ 2022-07-16: Saved 16 games
📊 2022-07-17: Processing 14 games
  ✅ 2022-07-17: Saved 14 games
📊 2022-07-21: Processing 6 games
  ✅ 2022-07-21: Saved 6 games
📊 2022-07-22: Processing 14 games
  ✅ 2022-07-22: Saved 14 games
📊 2022-07-23: Processing 16 games
  ✅ 2022-07-23: Saved 16 games
📊 2022-07-24: Processing 15 games
  ✅ 2022-07-24: Saved 15 games
📊 2022-07-25: Processing 12 games
  ✅ 2022-07-25: Saved 12 games
📊 2022-07-26: Processing 15 games
  ✅ 2022-07-26: Saved 15 games
📊 2022-07-27: Processing 14 games
  ✅ 2022-07-27: Saved 14 games
📊 2022-07-28: Processing 10 games
  ✅ 2022-07-28: Saved 10 games
📊 2022-07-29: Processing 15 games
  ✅ 2022-07-29: Saved 15 games
📊 2022-07-30: Processing 15 games
  ✅ 2022-07-30: Saved 15 games
📊 2022-07-31: Processing 15 games
  ✅ 2022-07-31: Saved 15 games
📊 2022-08-01: Processing 10 games
  ✅ 2022-08-01: Saved 10 games
📊 2022-08-02: Processing 16 games
  ✅ 2022-08-02: Saved 16 games
📊 2022-08-03: Processing 15 games
  ✅ 2022-08-03: Saved 15 games
📊 2022-08-04: Processing 13 games
  ✅ 2022-08-04: Saved 13 games
📊 2022-08-05: Processing 14 games
  ✅ 2022-08-05: Saved 14 games
📊 2022-08-06: Processing 17 games
  ✅ 2022-08-06: Saved 17 games
📊 2022-08-07: Processing 15 games
  ✅ 2022-08-07: Saved 15 games
📊 2022-08-08: Processing 7 games
  ✅ 2022-08-08: Saved 7 games
📊 2022-08-09: Processing 16 games
  ✅ 2022-08-09: Saved 16 games
📊 2022-08-10: Processing 15 games
  ✅ 2022-08-10: Saved 15 games
📊 2022-08-11: Processing 8 games
  ✅ 2022-08-11: Saved 8 games
📊 2022-08-12: Processing 14 games
  ✅ 2022-08-12: Saved 14 games
📊 2022-08-13: Processing 16 games
  ✅ 2022-08-13: Saved 16 games
📊 2022-08-14: Processing 15 games
  ✅ 2022-08-14: Saved 15 games
📊 2022-08-15: Processing 14 games
  ✅ 2022-08-15: Saved 14 games
📊 2022-08-16: Processing 15 games
  ✅ 2022-08-16: Saved 15 games
📊 2022-08-17: Processing 15 games
  ✅ 2022-08-17: Saved 15 games
📊 2022-08-18: Processing 11 games
  ✅ 2022-08-18: Saved 11 games
📊 2022-08-19: Processing 15 games
  ✅ 2022-08-19: Saved 15 games
📊 2022-08-20: Processing 16 games
  ✅ 2022-08-20: Saved 16 games
📊 2022-08-21: Processing 15 games
  ✅ 2022-08-21: Saved 15 games
📊 2022-08-22: Processing 9 games
  ✅ 2022-08-22: Saved 9 games
📊 2022-08-23: Processing 16 games
  ✅ 2022-08-23: Saved 16 games
📊 2022-08-24: Processing 14 games
  ✅ 2022-08-24: Saved 14 games
📊 2022-08-25: Processing 9 games
  ✅ 2022-08-25: Saved 9 games
📊 2022-08-26: Processing 15 games
  ✅ 2022-08-26: Saved 15 games
📊 2022-08-27: Processing 15 games
  ✅ 2022-08-27: Saved 15 games
📊 2022-08-28: Processing 15 games
  ✅ 2022-08-28: Saved 15 games
📊 2022-08-29: Processing 8 games
  ✅ 2022-08-29: Saved 8 games
📊 2022-08-30: Processing 15 games
  ✅ 2022-08-30: Saved 15 games
📊 2022-08-31: Processing 15 games
  ✅ 2022-08-31: Saved 15 games
📊 2022-09-01: Processing 8 games
  ✅ 2022-09-01: Saved 8 games
📊 2022-09-02: Processing 15 games
  ✅ 2022-09-02: Saved 15 games
📊 2022-09-03: Processing 15 games
  ✅ 2022-09-03: Saved 15 games
📊 2022-09-04: Processing 16 games
  ✅ 2022-09-04: Saved 16 games
📊 2022-09-05: Processing 13 games
  ✅ 2022-09-05: Saved 13 games
📊 2022-09-06: Processing 15 games
  ✅ 2022-09-06: Saved 15 games
📊 2022-09-07: Processing 17 games
  ✅ 2022-09-07: Saved 17 games
📊 2022-09-08: Processing 7 games
  ✅ 2022-09-08: Saved 7 games
📊 2022-09-09: Processing 15 games
  ✅ 2022-09-09: Saved 15 games
📊 2022-09-10: Processing 15 games
  ✅ 2022-09-10: Saved 15 games
📊 2022-09-11: Processing 15 games
  ✅ 2022-09-11: Saved 15 games
📊 2022-09-12: Processing 9 games
  ✅ 2022-09-12: Saved 9 games
📊 2022-09-13: Processing 17 games
  ✅ 2022-09-13: Saved 17 games
📊 2022-09-14: Processing 15 games
  ✅ 2022-09-14: Saved 15 games
📊 2022-09-15: Processing 8 games
  ✅ 2022-09-15: Saved 8 games
📊 2022-09-16: Processing 15 games
  ✅ 2022-09-16: Saved 15 games
📊 2022-09-17: Processing 17 games
  ✅ 2022-09-17: Saved 17 games
📊 2022-09-18: Processing 15 games
  ✅ 2022-09-18: Saved 15 games
📊 2022-09-19: Processing 9 games
  ✅ 2022-09-19: Saved 9 games
📊 2022-09-20: Processing 16 games
  ✅ 2022-09-20: Saved 16 games
📊 2022-09-21: Processing 15 games
  ✅ 2022-09-21: Saved 15 games
📊 2022-09-22: Processing 13 games
  ✅ 2022-09-22: Saved 13 games
📊 2022-09-23: Processing 15 games
  ✅ 2022-09-23: Saved 15 games
📊 2022-09-24: Processing 15 games
  ✅ 2022-09-24: Saved 15 games
📊 2022-09-25: Processing 15 games
  ✅ 2022-09-25: Saved 15 games
📊 2022-09-26: Processing 4 games
  ✅ 2022-09-26: Saved 4 games
📊 2022-09-27: Processing 15 games
  ✅ 2022-09-27: Saved 15 games
📊 2022-09-28: Processing 15 games
  ✅ 2022-09-28: Saved 15 games
📊 2022-09-29: Processing 10 games
  ✅ 2022-09-29: Saved 10 games
📊 2022-09-30: Processing 16 games
  ✅ 2022-09-30: Saved 16 games
📊 2022-10-01: Processing 16 games
  ✅ 2022-10-01: Saved 16 games
📊 2022-10-02: Processing 15 games
  ✅ 2022-10-02: Saved 15 games
📊 2022-10-03: Processing 15 games
  ✅ 2022-10-03: Saved 15 games
📊 2022-10-04: Processing 18 games
  ✅ 2022-10-04: Saved 18 games
📊 2022-10-05: Processing 16 games
  ✅ 2022-10-05: Saved 16 games

============================================================
✅ Complete! Processed 179 dates with 2479 total games
📁 Output location: /workspaces/MLB-Model/data/2022_data/mlb_data/raw/starting_pitcher_boxscores
============================================================


✅ Completed 2022: 179 files (latest: starting_pitcher_boxscores_2022-10-05.csv)

-------------------------------------------------------------------
Starting year: 2021
-------------------------------------------------------------------
